386 alic
76 thought
74 time
69 queen
62 king
58 began
58 head
58 turtl
58 well
57 mock
56 hatter
55 gryphon
49 voic
48 cat
47 rabbit
45 look
42 tone
41 round
41 turn
39 dormous
39 duchess
39 great
39 mous
38 white
35 ey
35 hand
35 long
34 march
34 repli
33 larg
33 that'
32 dear
32 minut
32 will
31 door
31 hare
31 talk
30 heard
29 moment
28 caterpillar
28 dai
28 remark
28 thing
28 wonder
27 go
27 poor
26 three
25 call
25 chang
25 find
24 chapter
24 cours
24 good
24 grow
24 there'
23 felt
23 garden
23 hurri
23 sort
21 cri
21 half
21 question
21 side
21 till
21 wait
20 open
20 rememb
20 repeat
20 walk
19 curiou
19 eat
19 face
19 feet
19 hous
19 sit
19 speak
18 arm
18 court
18 finish
18 hear
18 soup
18 tabl
17 ask
17 feel
17 live
17 sat
16 bit
16 close
16 happen
16 hastili
16 high
16 juri
16 leav
16 spoke
15 air
15 danc
15 idea
15 knew
15 low
15 mad
15 set
14 answer
14 anxious
14 beauti
14 better
14 bill
14 creatur
14 left
14 lobster
14 notic
14 puzzl
14 read
14 silenc
14 size
14 suppos
13 alice'
13 cook
13 dodo
13 footman
13 game
13 hold
13 mind
13 mouth
13 peopl
13 room
13 sound
13 suddenli
13 tea
13 they'r
13 watch
12 afraid
12 appear
12 babi
12 best
12 bird
12 confus
12 deal
12 execut
12 fan
12 interrupt
12 join
12 listen
12 majesti
12 manag
12 pigeon
12 rest
12 sea
12 serpent
12 sigh
12 surpris
12 tail
12 tear
12 tree
12 twinkl
11 convers
11 dinah
11 explain
11 glad
11 grin
11 i'd
11 lesson
11 life
11 matter
11 move
11 offend
11 pig
11 plai
11 pool
11 reason
11 shout
11 sneez
11 soldier
11 think
11 wit
10 bottl
10 child
10 children
10 consid
10 croquet
10 direct
10 ear
10 foot
10 gener
10 glove
10 heart
10 hedgehog
10 help
10 jump
10 learn
10 parti
10 queer
10 sight
10 slate
10 small
10 word
10 write
9 angrili
9 beg
9 busi
9 come
9 continu
9 crowd
9 dream
9 evid
9 fall
9 fanci
9 glass
9 hall
9 kei
9 knave
9 mark
9 moral
9 order
9 place
9 pleas
9 rate
9 shook
9 sister
9 sob
9 stori
9 timidli
9 top
9 trembl
9 whisper
9 work
8 asleep
8 book
8 draw
8 drink
8 dry
8 eagerli
8 exactli
8 fact
8 frighten
8 hadn't
8 hard
8 histori
8 hope
8 ly
8 make
8 mean
8 mine
8 mushroom
8 nice
8 opportun
8 pepper
8 piec
8 queen'
8 readi
8 rule
8 run
8 shoulder
8 sing
8 slowli
8 tart
8 trial
8 vers
8 window
7 bat
7 begun
7 bright
7 carri
7 cheshir
7 chimnei
7 chin
7 deep
7 delight
7 distanc
7 drop
7 fetch
7 fish
7 flamingo
7 girl
7 golden
7 grown
7 hair
7 kind
7 larger
7 lori
7 middl
7 neck
7 nonsens
7 nose
7 pardon
7 pass
7 paw
7 person
7 scream
7 sentenc
7 shoe
7 shriek
7 shut
7 silent
7 song
7 soo-oop
7 stand
7 stood
7 subject
7 swim
7 tire
7 ventur
7 william
7 wood
7 world
6 adventur
6 beat
6 breath
6 bring
6 broken
6 cake
6 care
6 catch
6 choru
6 cut
6 deni
6 dish
6 doubt
6 dreadfulli
6 egg
6 english
6 exclaim
6 father
6 fell
6 forgotten
6 full
6 grave
6 ground
6 growl
6 guess
6 guinea-pig
6 hour
6 impati
6 inch
6 interest
6 is-
6 late
6 loud
6 love
6 melancholi
6 pair
6 pictur
6 polit
6 prize
6 process
6 puppi
6 roof
6 shan't
6 sharp
6 sir
6 smile
6 stai
6 stupid
6 ten
6 told
6 troubl
6 understand
6 violent
6 wow
6 written
6 youth
5 aloud
5 altogeth
5 angri
5 anim
5 arch
5 argument
5 attend
5 behead
5 bow
5 bread-and-butt
5 case
5 chanc
5 choke
5 corner
5 cry
5 curios
5 dare
5 difficulti
5 dig
5 dog
5 drew
5 execution
5 fear
5 fellow
5 finger
5 fit
5 forget
5 friend
5 grunt
5 height
5 hookah
5 hot
5 instantli
5 judg
5 juror
5 kid
5 knee
5 knock
5 laugh
5 let'
5 lizard
5 man
5 meant
5 mile
5 morn
5 mutter
5 nearer
5 nervou
5 nibbl
5 number
5 nurs
5 offic
5 pack
5 pick
5 plan
5 plate
5 pocket
5 point
5 present
5 prove
5 quadril
5 quietli
5 reach
5 remain
5 sadli
5 school
5 send
5 settl
5 sever
5 shrill
5 shrink
5 simpl
5 sleep
5 sleepi
5 sorrow
5 stick
5 strang
5 sudden
5 suppress
5 swam
5 tale
5 tast
5 teacup
5 temper
5 throw
5 treacl
5 uncomfort
5 usual
5 vanish
5 wander
5 wash
5 water
5 wave
5 wrong
5 young
4 -'
4 ag
4 ala
4 ann
4 beau-ooti
4 bill'
4 boot
4 bottom
4 box
4 busili
4 butter
4 capit
4 crash
4 cross
4 crumb
4 dark
4 dead
4 decidedli
4 deepli
4 duck
4 earth
4 elbow
4 encourag
4 escap
4 expect
4 fallen
4 fast
4 figur
4 fill
4 fly
4 fold
4 french
4 frown
4 grass
4 green
4 held
4 hoars
4 honour
4 howl
4 indignantli
4 invit
4 jury-box
4 jurymen
4 kitchen
4 know-
4 lai
4 led
4 letter
4 lock
4 mabel
4 mari
4 natur
4 nois
4 pale
4 paper
4 passag
4 passion
4 pat
4 peep
4 perfectli
4 pinch
4 piti
4 player
4 porpois
4 press
4 quarrel
4 race
4 rose
4 rose-tre
4 savag
4 second
4 shake
4 sharpli
4 short
4 sky
4 solemnli
4 splash
4 spread
4 stop
4 stretch
4 stuff
4 taught
4 telescop
4 tell
4 thimbl
4 thoughtfulli
4 tini
4 tongu
4 toss
4 true
4 twelv
4 upset
4 want
4 week
4 worth
4 yawn
4 yer
3 -and
3 account
3 address
3 advanc
3 advantag
3 advic
3 alarm
3 aliv
3 allow
3 anxiou
3 attempt
3 bank
3 bark
3 beast
3 belong
3 blow
3 branch
3 brought
3 burn
3 candl
3 card
3 carefulli
3 caught
3 cautious
3 check
3 cheer
3 civil
3 clear
3 comfort
3 contemptu
3 courag
3 crab
3 crown
3 curl
3 decid
3 declar
3 doth
3 duchess'
3 dull
3 e-e-even
3 eager
3 eaglet
3 easili
3 edg
3 edit
3 explan
3 faster
3 fight
3 fire
3 floor
3 fond
3 free
3 frog
3 fun
3 funni
3 fur
3 furi
3 gentli
3 grand
3 guest
3 hang
3 hate
3 hedg
3 humbl
3 hungri
3 hunt
3 hurt
3 hush
3 imposs
3 instanc
3 introduc
3 jaw
3 kick
3 kill
3 knowledg
3 label
3 ladi
3 leg
3 list
3 liveri
3 longer
3 lost
3 loudli
3 manner
3 master
3 meet
3 mention
3 met
3 mice
3 mistak
3 music
3 needn't
3 night
3 notion
3 o'clock
3 oblig
3 out-of-the-wai
3 owl
3 paint
3 pant
3 panther
3 patter
3 paus
3 plead
3 poison
3 posit
3 prai
3 promis
3 proper
3 put
3 rabbit'
3 rais
3 rattl
3 real
3 respect
3 return
3 riddl
3 rise
3 rub
3 rude
3 rush
3 sad
3 said-
3 sens
3 shape
3 share
3 shore
3 sign
3 slip
3 smaller
3 smoke
3 snail
3 solemn
3 spectacl
3 speech
3 squeak
3 stair
3 stare
3 stole
3 succeed
3 suit
3 sulki
3 swallow
3 think-
3 timid
3 to-dai
3 toe
3 trial'
3 trot
3 trumpet
3 tuck
3 tumbl
3 turtle'
3 unfortun
3 verdict
3 wast
3 whisker
3 wonderland
3 wors
3 wrote
3 year
3 yesterdai
2 -but
2 -so
2 absurd
2 accid
2 advis
2 ago
2 agre
2 and-oh
2 anger
2 annoi
2 appl
2 archbishop
2 argu
2 asham
2 assembl
2 atom
2 author
2 bad
2 barrow
2 bear
2 beautifulli
2 bed
2 bend
2 bite
2 blast
2 blew
2 bodi
2 boi
2 bone
2 break
2 brighten
2 broke
2 brown
2 brush
2 burst
2 cat'
2 caucu
2 caucus-rac
2 cauldron
2 caus
2 choic
2 chose
2 claw
2 clever
2 clock
2 coax
2 collect
2 comfit
2 complain
2 concert
2 conclud
2 conclus
2 conqueror
2 constant
2 content
2 cool
2 coupl
2 courtier
2 crawl
2 crimson
2 croquet-ground
2 cross-examin
2 cucumber-fram
2 cup
2 cupboard
2 curious
2 curtsei
2 cushion
2 custodi
2 desper
2 difficult
2 dinah'l
2 dinner
2 dip
2 directli
2 disappear
2 disput
2 distant
2 doubl
2 doubtfulli
2 doze
2 dread
2 drive
2 drunk
2 earl
2 earnestli
2 easi
2 edwin
2 eel
2 entangl
2 entir
2 even
2 everything'
2 excel
2 experi
2 express
2 extraordinari
2 faint
2 fashion
2 feather
2 feebl
2 ferret
2 fine
2 flapper
2 flat
2 flower
2 follow
2 footstep
2 forehead
2 forgot
2 fountain
2 fright
2 front
2 furrow
2 giddi
2 goldfish
2 goos
2 half-past
2 heavi
2 hint
2 hit
2 hole
2 hurriedli
2 idiot
2 ii
2 iii
2 ill
2 imagin
2 insid
2 invent
2 it'
2 iv
2 ix
2 jar
2 keep
2 kindli
2 king'
2 kiss
2 knife
2 knot
2 know
2 laid
2 lap
2 last
2 latitud
2 law
2 lean
2 learnt
2 lefthand
2 lesson-book
2 lie
2 lone
2 longitud
2 lose
2 luckili
2 m-
2 ma
2 meekli
2 mercia
2 messag
2 miser
2 miss
2 mix
2 moment'
2 month
2 morcar
2 much
2 murder
2 mustard
2 mysteri
2 name
2 narrow
2 neatli
2 neighbour
2 note-book
2 occasion
2 occur
2 offer
2 older
2 ornament
2 parchment
2 pari
2 patient
2 pebbl
2 pencil
2 persist
2 pleasant
2 pleasur
2 plenti
2 pour
2 pretend
2 prison
2 proce
2 produc
2 pull
2 pur
2 quick
2 quiet
2 rabbit-hol
2 railwai
2 rapidli
2 rave
2 raven
2 recov
2 red
2 regular
2 relief
2 remov
2 ridg
2 ring
2 ringlet
2 row
2 royal
2 rustl
2 safe
2 salt
2 sand
2 sang
2 saucepan
2 save
2 scroll
2 secondli
2 sell
2 sensat
2 sh
2 shark
2 she'd
2 shill
2 shorter
2 show
2 shower
2 signifi
2 simpli
2 singer
2 smallest
2 snatch
2 sooner
2 spoon
2 squeez
2 stamp
2 start
2 startl
2 stir
2 stoop
2 straight
2 straighten
2 struck
2 sulkili
2 summer
2 sun
2 take
2 taller
2 tea-tim
2 them-
2 them-and
2 thistl
2 thoroughli
2 three-leg
2 threw
2 throat
2 thump
2 ti
2 tipto
2 tortois
2 tread
2 treat
2 triumphantli
2 truth
2 tut
2 twenty-four
2 twist
2 ugh
2 ugli
2 uglif
2 uglifi
2 underneath
2 underton
2 undo
2 uneasili
2 unfold
2 unhappi
2 unpleas
2 unrol
2 vi
2 vii
2 viii
2 wag
2 waistcoat-pocket
2 wake
2 we'r
2 weak
2 wet
2 whistl
2 wide
2 wig
2 wild
2 wildli
2 wind
2 wine
2 wink
2 wise
2 won
2 worri
2 wretch
2 writing-desk
2 xi
2 xii
1 -a
1 -chang
1 -did
1 -extra
1 -for
1 -found
1 -it
1 -like
1 -or
1 -she
1 -that
1 -well
1 -where'
1 -ye
1 -you
1 a-
1 a-piec
1 abid
1 absenc
1 accept
1 accident
1 accus
1 accustom
1 ach
1 ad
1 ada
1 adjourn
1 adopt
1 adventures-begin
1 advisable-'
1 affair
1 affection
1 afford
1 afor
1 after-tim
1 again-
1 agoni
1 ahem
1 along-
1 alter
1 altern
1 ambit
1 ancient
1 animal'
1 antipathi
1 appeal
1 applaus
1 arithmet
1 arm-chair
1 arm-in-arm
1 arrang
1 arriv
1 arrow
1 arrum
1 askance-
1 at
1 athel
1 audibl
1 australia
1 avoid
1 ax
1 axis-
1 baby-th
1 back
1 back-somersault
1 bag
1 bake
1 balanc
1 ball
1 bank-th
1 banquet-
1 barley-sugar
1 bath
1 bawl
1 be'-or
1 beak-
1 beautifi
1 bee
1 believ
1 belov
1 belt
1 bent
1 birthdai
1 bitter-and-and
1 black
1 blade
1 blame
1 bleed
1 blown
1 boldli
1 book-shelv
1 boon
1 bore
1 bother
1 bough
1 bound
1 box-
1 boy-and
1 brain
1 brandi
1 brass
1 brave
1 bread-and-butter-
1 bread-knif
1 breathe'
1 breez
1 bright-ei
1 bristl
1 brother'
1 burnt
1 buttercup
1 butterfli
1 button
1 by-th
1 by-the-by
1 cackl
1 calmli
1 camomil
1 can-
1 canari
1 canterburi
1 canva
1 caper
1 cardboard
1 carrier
1 carrol
1 cart-hors
1 cartwheel
1 caterpillar'
1 cattl
1 ceil
1 centr
1 chain
1 charact
1 charg
1 chatt
1 cheap
1 cheat
1 cheek
1 cheerfulli
1 cherry-tart
1 chief
1 child-lif
1 childhood
1 choos
1 chop
1 christma
1 chrysalis-y
1 chuckl
1 circl
1 circumst
1 clamour
1 clap
1 clasp
1 classic
1 clean
1 clearer
1 clearli
1 climb
1 cling
1 closer
1 club
1 coast
1 coil
1 cold
1 collar
1 common
1 commot
1 compani
1 complet
1 condemn
1 conduct
1 conger-eel
1 conquest
1 consent
1 consult
1 contempt
1 contradict
1 cost
1 count
1 countri
1 course-
1 coward
1 crazi
1 creep
1 crept
1 crocodil
1 crossli
1 crouch
1 cun
1 cur
1 curli
1 currant
1 curtain
1 curv
1 custard
1 dainti
1 daisi
1 daisy-chain
1 daresai
1 date
1 daughter
1 day-
1 day-school
1 death
1 deepest
1 delai
1 denial
1 depend
1 deris
1 deserv
1 despair
1 di
1 diamond
1 die
1 dilig
1 dinah'
1 dinn
1 dinn-
1 disagre
1 disappoint
1 disgust
1 dismai
1 disobei
1 distance-but
1 distract
1 dive
1 dodg
1 dog'
1 door-
1 doorwai
1 dormouse'
1 doubled-up
1 downward
1 draggl
1 drawl
1 drawling-mast
1 drawling-th
1 dreami
1 dress
1 dri
1 driest
1 drip
1 drown
1 dunc
1 ears-
1 eat'
1 eaten
1 edgar
1 educations-in
1 eleg
1 eleventh
1 else'
1 else'-but
1 elsi
1 emphasi
1 empti
1 energet
1 engag
1 england
1 engrav
1 enjoi
1 ennyworth
1 enorm
1 entranc
1 esq
1 est
1 exact
1 examin
1 exclam
1 execution-onc
1 executioner'
1 exist
1 extra
1 extrem
1 extremely-
1 eyelid
1 eyes-and
1 face-and
1 fade
1 failur
1 faintli
1 fair
1 fairli
1 fairy-tal
1 famili
1 familiarli
1 farm-yard-whil
1 farmer
1 farther
1 fat
1 favour
1 favourit
1 feebli
1 fender
1 fidget
1 field
1 fifteen
1 fifteenth
1 fig
1 fire-iron
1 fireplac
1 first-thei
1 first-verdict
1 fix
1 flame
1 flash
1 flavour
1 flew
1 fling
1 flock
1 flower-b
1 flower-pot
1 flown
1 flung
1 flurri
1 fluster
1 flutter
1 fond-of-of
1 foolish
1 footman'
1 footmen
1 forepaw
1 fork
1 form
1 fortun
1 forty-two
1 forward
1 fourteenth
1 fourth
1 france-
1 frontispiec
1 frying-pan
1 ful
1 fulcrum
1 fumbl
1 furiou
1 furious
1 gai
1 gain
1 gallon
1 game'
1 garden-how
1 gather
1 gaze
1 geographi
1 get'
1 glanc
1 glare
1 globe
1 gloomili
1 gloves-that
1 good-by
1 good-natur
1 good-naturedli
1 grace
1 grammar
1 grant
1 gravi
1 graze
1 grei
1 grew
1 grief
1 ground-and
1 grumbl
1 guard
1 guilt
1 handsom
1 handwrit
1 happi
1 harm
1 hast
1 hat
1 hatch
1 hatter'
1 he'll
1 head'
1 head-
1 heap
1 hearth
1 hearthrug
1 heel
1 helpless
1 herald
1 hers-sh
1 hide
1 highest
1 him-it
1 hippopotamu
1 hiss
1 hjckrrh
1 hm
1 holidai
1 hollow
1 honest
1 hopeless
1 hot-temp
1 housemaid
1 hundr
1 hung
1 i-
1 if-if
1 ignor
1 imit
1 immens
1 impertin
1 important-unimportant-unimportant-important-
1 improv
1 incessantli
1 inclin
1 indign
1 injur
1 ink
1 inkstand
1 inquir
1 inquisit
1 insol
1 insult
1 involv
1 inward
1 irrit
1 is-oh
1 it's-it'
1 it-
1 it-onc
1 jack-in-the-box
1 jelly-fish
1 jog
1 joi
1 journei
1 jury-
1 jury-men
1 justic
1 kettl
1 kneel
1 knelt
1 know-and
1 knuckl
1 laci
1 lad
1 ladder
1 lamp
1 land
1 languid
1 largest
1 lark
1 lastli
1 latin
1 laughter
1 lazi
1 lazili
1 lead
1 leader
1 leant
1 leap
1 least-at
1 ledg
1 length
1 lessen
1 lewi
1 lick
1 lift
1 like
1 like'
1 limb
1 line
1 link
1 lip
1 lit
1 lizard'
1 lobster-
1 lodg
1 london
1 look-out
1 looking-glass
1 loos
1 louder
1 loveliest
1 low-spirit
1 lower
1 lullabi
1 ma'am
1 machin
1 mad-at
1 magic
1 magpi
1 mallet
1 map
1 march-just
1 marmalad
1 mayn't
1 meal
1 means-to-make-anything-pretti
1 measur
1 meat
1 memorandum
1 memori
1 merrili
1 mice-oh
1 milk
1 milk-jug
1 millennium
1 mine-a
1 miner
1 mischief
1 moder
1 modern
1 moon
1 morsel
1 mourn
1 mournfulli
1 mouse'
1 mouse-a
1 mouse-of
1 mouse-to
1 mouse-trap
1 mouths-and
1 muchness-y
1 muddl
1 multipl
1 muscular
1 mustard-min
1 nasti
1 neat
1 nest
1 never-end
1 newspap
1 night-air
1 nile
1 nod
1 normans-'
1 northumbria
1 northumbria-'
1 nose-
1 now-but
1 nurse-and
1 oblong
1 obstacl
1 odd
1 off-
1 ointment-on
1 oldest
1 one'
1 one-but
1 oneself
1 onion
1 opinion
1 opposit
1 orang
1 overcom
1 overhead
1 oyster
1 pace
1 part
1 partner
1 partners-
1 patienc
1 patriot
1 pattern
1 peer
1 peg
1 penc
1 pennyworth
1 pepper-box
1 permit
1 pet
1 pie
1 pie-
1 pie-crust
1 pig-babi
1 pine-appl
1 pink
1 piteou
1 places-
1 plainli
1 poker
1 poki
1 pool-sh
1 pop
1 pope
1 pound
1 powder
1 practic
1 preciou
1 present-at
1 pretext
1 pretti
1 prevent
1 print
1 prisoner'
1 pronounc
1 propos
1 prosecut
1 protect
1 provok
1 puf
1 pun
1 punch
1 punish
1 puppy'
1 purpl
1 purpose'
1 push
1 puss
1 queer-look
1 queer-shap
1 queerest
1 quicker
1 quiver
1 rabbit's-
1 rabbit-hole-and
1 race-cours
1 rap
1 rat
1 rat-hol
1 raw
1 reality-th
1 rear
1 receiv
1 recognis
1 red-hot
1 reduc
1 reeds-th
1 reel
1 refresh
1 refus
1 reliev
1 remedies-
1 remind
1 resourc
1 result
1 retir
1 rich
1 ridicul
1 right-hand
1 righthand
1 rightli
1 riper
1 rippl
1 roar
1 roast
1 rock
1 rome
1 rome-no
1 root
1 rope
1 roughli
1 rumbl
1 sage
1 salmon
1 saucer
1 say-that'
1 scale
1 scali
1 schoolroom
1 scold
1 scrambl
1 scratch
1 sea-
1 sea-shore-
1 seal
1 seaographi
1 search
1 seasid
1 seat
1 secret
1 see'
1 see-how
1 seen-everyth
1 seldom
1 seri
1 serious
1 shade
1 shakespear
1 shed
1 sheep-bel
1 shelv
1 shepherd
1 shift
1 shine
1 shingle-wil
1 shini
1 shiver
1 shock
1 shrimp
1 shy
1 shyli
1 simpleton
1 simply-
1 sink
1 sir-
1 sister'
1 sisters-thei
1 sixpenc
1 sixteenth
1 skim
1 skirt
1 skurri
1 sky-rocket
1 slate-pencil
1 slates'l
1 sleep'
1 slightest
1 slipperi
1 sluggard
1 snappishli
1 snort
1 snout
1 so-and
1 soft
1 softli
1 sole
1 solid
1 somersault
1 son
1 sooth
1 sour-and
1 spade
1 speak-and
1 speaker
1 speed
1 spell
1 spite
1 splendidli
1 spoke-f
1 spoken
1 spot
1 sprawl
1 stalk
1 star-fish
1 state
1 station
1 steadi
1 steam-engin
1 sternli
1 stiff
1 stigand
1 stingi
1 stock
1 stolen
1 stool
1 strength
1 string
1 stupidest
1 stupidli
1 subdu
1 submit
1 suet
1 sugar
1 suppl
1 sweet-temp
1 tasted-
1 tea-
1 tea-not
1 tea-parti
1 tea-th
1 tea-trai
1 teach
1 teapot
1 teas
1 teeth
1 term
1 terribl
1 terrier
1 terror
1 thank
1 that-onli
1 thatch
1 the-
1 them-al
1 then-alwai
1 they-you'v
1 thick
1 thin-and
1 things-
1 things-everyth
1 thirteen
1 throne
1 thrown
1 thunder
1 thunderstorm
1 tide
1 tidi
1 tie
1 tight
1 tilli
1 tinkl
1 tip
1 titter
1 to-
1 to-night
1 to-to
1 toast
1 todai
1 toffe
1 toi
1 tomorrow-
1 tortoise-
1 touch
1 tougher
1 trampl
1 treacle-wel
1 treacle-well-eh
1 tremul
1 trick
1 trickl
1 trim
1 trust
1 trying-
1 tulip-root
1 tunnel
1 tureen
1 turkei
1 turn-up
1 turtle-w
1 twelfth
1 twenti
1 twentieth
1 twice-
1 twinkle-'
1 unabl
1 uncivil
1 uncommon
1 uncommonli
1 uncork
1 understood
1 uneasi
1 unimport
1 unjust
1 unlock
1 untwist
1 unusu
1 unwillingli
1 upright
1 upstair
1 used-and
1 usurp
1 vagu
1 variat
1 veget
1 velvet
1 vinegar
1 violenc
1 visit
1 voice-th
1 voices-
1 vote
1 vulgar
1 wai
1 waist
1 walru
1 warn
1 water-wel
1 way-
1 way-nev
1 wearili
1 welcom
1 well-
1 wept
1 where'
1 where-
1 while
1 wider
1 wife
1 william'
1 win
1 wing
1 winter
1 within-a
1 woke
1 woman
1 woman-but
1 wood-
1 wooden
1 wore
1 worm
1 wrap
1 wriggl
1 writh
1 yard
1 ye
1 yell
1 yelp
1 yet-and
1 yet-it'
1 you-al
1 you-ar
1 zealand
1 zigzag
