217 time
91 machin
88 travel
75 hand
66 man
61 white
56 felt
56 thought
55 dark
51 face
46 light
46 weena
45 morlock
45 peopl
44 dai
43 ey
42 great
41 black
41 night
41 well
40 began
36 match
36 mind
36 round
36 will
35 feel
35 long
34 strang
34 world
33 look
33 move
33 present
33 sky
32 thing
31 fear
31 human
30 moment
29 fire
29 turn
28 head
27 sun
26 green
26 grew
26 left
26 open
26 place
25 creatur
25 door
24 futur
24 lever
24 medic
24 natur
24 space
24 sphinx
24 stood
23 minut
23 psychologist
22 dimens
22 hill
22 pass
22 red
22 sat
22 suddenli
21 ag
21 tabl
21 three
20 air
20 editor
20 figur
20 galleri
20 heard
20 palac
20 watch
20 year
19 bar
19 bronz
19 earth
19 kind
19 point
19 side
19 sound
18 anim
18 appear
18 arm
18 build
18 find
18 flower
18 grow
18 laboratori
18 laugh
18 moon
18 sleep
18 stori
18 wood
17 absolut
17 beauti
17 big
17 feet
17 ground
17 lai
17 live
17 set
16 dim
16 fanci
16 fell
16 go
16 mere
16 rememb
16 return
16 run
16 soft
16 thick
15 breath
15 bright
15 doubt
15 filbi
15 hous
15 imagin
15 knew
15 leav
15 life
15 lit
15 odd
15 pocket
15 ruin
15 stop
15 struck
15 suppos
15 tree
15 vanish
14 bush
14 chang
14 clear
14 come
14 full
14 happen
14 hesit
14 huge
14 judg
14 larg
14 morn
14 room
14 sea
14 shadow
14 silent
14 smile
14 star
14 told
14 wonder
13 close
13 condit
13 cours
13 determin
13 faint
13 hundr
13 idea
13 lamp
13 men
13 rest
13 rose
13 small
13 stand
13 stare
13 sudden
13 suggest
13 touch
13 understand
13 walk
12 clearli
12 comfort
12 dream
12 dust
12 enter
12 gener
12 glare
12 good
12 hall
12 heap
12 metal
12 porcelain
12 question
12 save
12 second
12 secur
12 sens
12 shaft
12 slope
12 start
12 vast
12 wait
12 work
11 altogeth
11 camphor
11 carri
11 cri
11 danc
11 decai
11 dread
11 even
11 examin
11 expect
11 explain
11 fall
11 flicker
11 fruit
11 glass
11 hold
11 instanc
11 interest
11 notic
11 peculiar
11 pedest
11 push
11 puzzl
11 queer
11 rare
11 reach
11 remark
11 rise
11 shoulder
11 simpli
11 slower
11 trace
10 better
10 case
10 caught
10 colour
10 creep
10 direct
10 evid
10 exactli
10 exist
10 explor
10 grei
10 hope
10 horribl
10 impress
10 iron
10 larger
10 lawn
10 mass
10 mechan
10 memori
10 number
10 pale
10 pretti
10 race
10 seat
10 strong
10 sunset
10 triumph
10 underworld
10 wast
10 wrong
9 abund
9 ago
9 assur
9 blue
9 broken
9 brown
9 call
9 confus
9 dinner
9 disappear
9 drove
9 flame
9 ghost
9 half
9 hung
9 increas
9 intellig
9 intens
9 met
9 model
9 mysteri
9 necess
9 pain
9 perfect
9 physic
9 problem
9 real
9 realis
9 reason
9 remain
9 sensat
9 shape
9 sign
9 social
9 stir
9 stone
9 strength
9 theori
9 view
9 voic
9 wall
8 approach
8 attent
8 balanc
8 civilis
8 clamber
8 cold
8 convei
8 cut
8 danger
8 daylight
8 differ
8 discov
8 ear
8 eloi
8 fact
8 fast
8 faster
8 finger
8 floor
8 follow
8 foot
8 forest
8 forward
8 hastili
8 incred
8 journalist
8 length
8 lost
8 meat
8 mile
8 motion
8 object
8 remind
8 remot
8 scarc
8 shiver
8 shone
8 slow
8 smoke
8 surfac
8 surpris
8 swiftli
8 tell
8 think
8 tire
8 traveller'
8 underground
8 unknown
8 vagu
8 want
8 weena'
8 young
7 account
7 arriv
7 bare
7 beach
7 bodi
7 burn
7 circl
7 complet
7 confid
7 cover
7 descend
7 distanc
7 drift
7 effort
7 experi
7 explan
7 extrem
7 fallen
7 form
7 gestur
7 golden
7 hard
7 held
7 help
7 import
7 intellectu
7 longer
7 loos
7 matter
7 motionless
7 mouth
7 movement
7 narrow
7 neck
7 paper
7 passion
7 perceiv
7 plain
7 pleasant
7 press
7 recognis
7 recov
7 reflect
7 river
7 saddl
7 short
7 slip
7 slowli
7 speak
7 splendid
7 spoke
7 spread
7 stai
7 struggl
7 suffer
7 thousand
7 trick
7 troubl
7 turf
7 violent
7 weak
7 window
6 afraid
6 amaz
6 beat
6 blind
6 block
6 blow
6 box
6 care
6 carefulli
6 chair
6 children
6 cloth
6 content
6 conveni
6 corner
6 delight
6 desert
6 dial
6 difficulti
6 distinct
6 drew
6 eddi
6 familiar
6 fate
6 fatigu
6 flash
6 forc
6 fourth
6 fresh
6 front
6 garden
6 grasp
6 guess
6 habit
6 hair
6 hear
6 heat
6 heel
6 helpless
6 high
6 hillsid
6 hitherto
6 hour
6 inclin
6 inevit
6 interv
6 ivori
6 kill
6 languag
6 late
6 lower
6 machineri
6 mankind
6 murmur
6 nearer
6 nois
6 occur
6 overworld
6 panel
6 paus
6 planet
6 power
6 presenc
6 preserv
6 proceed
6 project
6 quiet
6 restless
6 retreat
6 rock
6 sight
6 silver
6 slept
6 slight
6 speci
6 startl
6 stick
6 straight
6 strike
6 surviv
6 swai
6 tendenc
6 terror
6 tunnel
6 twilight
6 unpleas
6 vallei
6 warm
6 water
6 wind
5 accept
5 admit
5 advanc
5 afternoon
5 anticip
5 best
5 blunder
5 brass
5 brighter
5 burnt
5 busi
5 calm
5 cattl
5 ceas
5 chanc
5 circumst
5 clutch
5 common
5 continu
5 contriv
5 corridor
5 crawl
5 crest
5 crowd
5 dawn
5 deep
5 diseas
5 displai
5 distress
5 doorwai
5 drop
5 eas
5 eat
5 edg
5 emerg
5 energi
5 escap
5 excit
5 express
5 extinct
5 featur
5 fight
5 flare
5 fling
5 folli
5 foolish
5 forgotten
5 frame
5 gentli
5 glanc
5 glow
5 gradual
5 grass
5 hail
5 hazi
5 hillock
5 horizon
5 horror
5 incontin
5 inhuman
5 instinct
5 jump
5 knowledg
5 lack
5 land
5 led
5 lip
5 low
5 make
5 monster
5 museum
5 one'
5 order
5 paradox
5 part
5 path
5 peer
5 perfectli
5 piec
5 pillar
5 pipe
5 plant
5 plate
5 plausibl
5 possess
5 possibl
5 rang
5 resolv
5 rich
5 safe
5 savag
5 sheet
5 specimen
5 specul
5 spirit
5 spite
5 stagger
5 state
5 steadili
5 step
5 substanc
5 suspect
5 ten
5 thither
5 thursdai
5 till
5 tongu
5 truth
5 twinkl
5 ventil
5 vestig
5 visibl
5 wander
5 wane
5 wild
5 word
5 yellow
4 abruptli
4 absenc
4 adapt
4 appreci
4 art
4 ask
4 astonish
4 attain
4 avoid
4 bath
4 bench
4 beneath
4 bit
4 blaze
4 blown
4 break
4 brightli
4 broad
4 brought
4 built
4 candl
4 cast
4 central
4 cheek
4 chill
4 chin
4 climb
4 clue
4 coat
4 coloss
4 compani
4 conclus
4 confess
4 constitut
4 convers
4 crept
4 cry
4 cupola
4 curios
4 curiou
4 current
4 curtain
4 damn
4 dash
4 decor
4 delic
4 depart
4 descent
4 describ
4 desir
4 desol
4 destroi
4 devot
4 disappoint
4 discoveri
4 earli
4 educ
4 empti
4 engag
4 excess
4 explos
4 fade
4 fail
4 fair
4 fairli
4 fashion
4 fist
4 flake
4 flight
4 flow
4 flung
4 foul
4 frail
4 free
4 freedom
4 frenzi
4 friend
4 friendli
4 fro
4 futil
4 gap
4 gather
4 geometri
4 glimps
4 greatli
4 grip
4 grope
4 grotesqu
4 harsh
4 headlong
4 heart
4 hot
4 indic
4 indistinct
4 innumer
4 interpret
4 invent
4 jar
4 journei
4 knee
4 labour
4 lame
4 laughter
4 lead
4 leak
4 learn
4 leg
4 limb
4 limp
4 london
4 loss
4 ly
4 mace
4 manner
4 mark
4 master
4 materi
4 mayor
4 mean
4 meet
4 mine
4 morlocks'
4 nod
4 obscur
4 observ
4 oddli
4 oppress
4 organis
4 overlook
4 pace
4 passag
4 patter
4 plai
4 poor
4 popul
4 posit
4 previou
4 process
4 profound
4 promis
4 proper
4 protect
4 provinci
4 pull
4 purpl
4 purpos
4 pursu
4 put
4 rail
4 receiv
4 refin
4 refug
4 resum
4 revers
4 rhododendron
4 risk
4 robe
4 ruinou
4 rush
4 rust
4 seriou
4 shelter
4 shine
4 shoe
4 sidewai
4 simpl
4 singularli
4 sit
4 skull
4 smoking-room
4 speedili
4 spot
4 stoop
4 stretch
4 sunlight
4 sweet
4 talk
4 tall
4 tangl
4 tatter
4 teeth
4 thame
4 thud
4 todai
4 tomorrow
4 trap
4 true
4 understood
4 univers
4 upperworld
4 veloc
4 wai
4 weapon
4 week
4 whirl
4 wing
4 workshop
4 worn
3 abomin
3 actual
3 adventur
3 affect
3 agre
3 agricultur
3 air-tight
3 aloud
3 amid
3 amount
3 amus
3 angl
3 answer
3 apart
3 apertur
3 apparatu
3 appetit
3 applianc
3 apprehens
3 arch
3 argu
3 aristocraci
3 arrai
3 artifici
3 assum
3 attempt
3 attract
3 awak
3 backward
3 balloon
3 band
3 battl
3 bear
3 beast
3 bell
3 bent
3 blacken
3 blink
3 boldli
3 bone
3 branch
3 breadth
3 breed
3 breez
3 bring
3 brute
3 burst
3 bye
3 caress
3 carv
3 centr
3 charact
3 cheerfulli
3 child
3 childish
3 cigar
3 circular
3 clad
3 cling
3 cloud
3 clumsi
3 clung
3 colourless
3 commun
3 concern
3 consequ
3 consid
3 consider
3 corrod
3 countri
3 courag
3 crab
3 crack
3 cramp
3 crowbar
3 cube
3 curv
3 daili
3 dare
3 darkl
3 dazzl
3 decad
3 deeper
3 despair
3 destin
3 die
3 diminish
3 dimli
3 dismai
3 distant
3 distinctli
3 doctor
3 downward
3 dozen
3 drag
3 draw
3 drawn
3 dress
3 dull
3 dusti
3 easi
3 easili
3 effect
3 element
3 emot
3 enemi
3 exact
3 exclus
3 exhaust
3 exquisit
3 extens
3 fainter
3 famili
3 farther
3 feebl
3 fierc
3 fill
3 finish
3 flesh
3 fluctuat
3 fool
3 fossil
3 freeli
3 fridai
3 fright
3 fumbl
3 garment
3 gate
3 gleam
3 grace
3 granit
3 group
3 gust
3 halt
3 hammer
3 hasti
3 hidden
3 hiding-plac
3 hollow
3 hook
3 hop
3 horizont
3 host
3 hotter
3 illumin
3 immin
3 imposs
3 improv
3 inaccess
3 incredul
3 indescrib
3 industri
3 insens
3 interrupt
3 intim
3 keen
3 kiss
3 landscap
3 lean
3 leap
3 learnt
3 lesson
3 lichen
3 lumin
3 mantel
3 marbl
3 mathemat
3 meant
3 mental
3 million
3 miss
3 mistak
3 moan
3 moonlit
3 moss
3 north-eastward
3 note
3 o'clock
3 occupi
3 outcom
3 parapet
3 parent
3 partial
3 patient
3 perman
3 persist
3 pile
3 pit
3 piti
3 plane
3 portal
3 practic
3 profoundli
3 prove
3 quarter
3 quartz
3 quietli
3 railwai
3 rain
3 rais
3 rate
3 read
3 readjust
3 reassur
3 recal
3 reced
3 record
3 reddish
3 refrain
3 remov
3 renew
3 repres
3 requir
3 rescu
3 reviv
3 revolut
3 roll
3 roof
3 rub
3 salt
3 satisfi
3 scatter
3 scienc
3 scientif
3 score
3 scrambl
3 scream
3 see
3 seiz
3 serious
3 sex
3 shake
3 sharp
3 shook
3 shout
3 sick
3 size
3 smash
3 smear
3 smell
3 societi
3 solemnli
3 solid
3 sombr
3 sore
3 split
3 stalk
3 starv
3 steadfastli
3 stem
3 still
3 stream
3 stride
3 structur
3 subterranean
3 subtl
3 success
3 summit
3 surround
3 sweep
3 swept
3 tale
3 temper
3 that'
3 therewith
3 thin
3 thirti
3 throat
3 throb
3 thunderstorm
3 toil
3 tonight
3 tower
3 travers
3 trembl
3 twig
3 type
3 ultim
3 uncomfort
3 unreal
3 upper
3 vapour
3 veget
3 verif
3 vertic
3 violenc
3 vision
3 vividli
3 warn
3 wave
3 weari
3 weed
3 westward
3 wet
3 widen
3 wit
3 wore
2 -and
2 abandon
2 abstract
2 accustom
2 activ
2 addit
2 adjust
2 advertis
2 agoni
2 ahead
2 aisl
2 alarm
2 alter
2 aluminium
2 amidst
2 anachron
2 ancestor
2 ancient
2 anecdot
2 anger
2 anguish
2 apac
2 ape-lik
2 appal
2 architectur
2 argument
2 arrang
2 artist
2 ash
2 askew
2 associ
2 atmospher
2 attend
2 attitud
2 automat
2 aw
2 awaken
2 back
2 badli
2 bank
2 batter
2 bawl
2 bed
2 behaviour
2 beheld
2 believ
2 belt
2 bewilder
2 bird
2 bitter
2 blank
2 bleach
2 blood
2 blossom
2 book
2 bow
2 brilliant
2 brilliantli
2 brother
2 brow
2 butterfli
2 cab
2 calam
2 carpet
2 cartridg
2 cave
2 cavern
2 centuri
2 champagn
2 chap
2 char
2 chatter
2 check
2 cheer
2 chiefli
2 china
2 clap
2 class
2 claw
2 clean
2 clench
2 clever
2 clock
2 co-oper
2 coil
2 collaps
2 column
2 complex
2 complic
2 conceiv
2 conclud
2 conquest
2 conscious
2 constant
2 constel
2 contact
2 contain
2 contribut
2 convuls
2 coo
2 costum
2 countless
2 coupl
2 crackl
2 creat
2 crematoria
2 crouch
2 crystallin
2 curious
2 cushion
2 darker
2 dart
2 dead
2 deadli
2 death
2 degrad
2 deliber
2 derelict
2 detail
2 develop
2 devis
2 di
2 differenti
2 difficult
2 dimension
2 dine
2 dining-hal
2 dinner-t
2 disc
2 discord
2 discuss
2 disengag
2 disgust
2 disord
2 distinguish
2 dome
2 dose
2 downpour
2 doze
2 drain
2 drown
2 dry
2 dusk
2 dy
2 eager
2 eagerli
2 earnest
2 earth'
2 easier
2 eastern
2 eclips
2 econom
2 economis
2 effici
2 ek
2 elbow
2 elud
2 end
2 english
2 enorm
2 entir
2 epilogu
2 equip
2 etern
2 evil
2 excel
2 exhibit
2 expens
2 experiment
2 explicit
2 expound
2 faintest
2 faintli
2 fellow-man
2 field
2 fifteen
2 fifti
2 filby'
2 file
2 fish
2 fit
2 fix
2 flap
2 flat
2 flourish
2 flush
2 flutter
2 fly
2 foliag
2 food
2 footprint
2 forbidden
2 fork
2 forthwith
2 forti
2 fragil
2 framework
2 frankli
2 frantic
2 frequent
2 fret
2 frighten
2 frightfulli
2 fungi
2 furious
2 furnish
2 garland
2 gentl
2 ghastli
2 giddi
2 glad
2 glide
2 glimmer
2 glitter
2 god
2 gold
2 gratitud
2 grave
2 gravit
2 greater
2 greek
2 greeneri
2 grey
2 grindston
2 groov
2 grown
2 guest
2 gusti
2 haggard
2 hailston
2 half-heal
2 half-light
2 half-past
2 handl
2 harmoni
2 hate
2 hawthorn
2 heaven
2 heavi
2 higher
2 hint
2 hiss
2 hopeless
2 hors
2 hum
2 hurri
2 hypothesi
2 ideal
2 ignor
2 ii
2 iii
2 imit
2 impenetr
2 impuls
2 inact
2 inadequaci
2 incap
2 incrust
2 indefinit
2 indol
2 infer
2 infirm
2 ingeni
2 inki
2 inner
2 inscript
2 inspir
2 institut
2 intellect
2 intent
2 intermin
2 intermitt
2 interrog
2 introduct
2 irresist
2 iv
2 ix
2 jacket
2 jealousi
2 jest
2 judgment
2 knuckl
2 laid
2 leisur
2 lemur
2 leprou
2 lie
2 lifeless
2 lifetim
2 limit
2 loath
2 logic
2 lone
2 louder
2 love
2 lump
2 lurk
2 mad
2 main
2 margin
2 masonri
2 medicin
2 melodi
2 mercuri
2 merg
2 method
2 miniatur
2 minute'
2 miseri
2 mist
2 modest
2 molecul
2 momentari
2 monstrou
2 month
2 moonlight
2 mount
2 multitud
2 muse
2 mutton
2 mutual
2 name
2 nausea
2 nearest
2 negro
2 nerv
2 nervous
2 nickel
2 nightmar
2 nineteenth-centuri
2 nocturn
2 notion
2 obscen
2 occasion
2 odour
2 offspr
2 oil
2 oper
2 opposit
2 origin
2 ornament
2 outlin
2 overcom
2 overflow
2 overhead
2 overnight
2 overturn
2 owl
2 pai
2 painfulli
2 pair
2 pallor
2 palontolog
2 palp
2 palpit
2 patienc
2 pattern
2 peak
2 perforc
2 perplex
2 person
2 persuad
2 persuas
2 philosoph
2 phoenician
2 pick
2 pink
2 pinkish
2 pinnacl
2 pistol
2 plainli
2 plan
2 pleasur
2 polish
2 premium
2 prepar
2 progress
2 prolong
2 psychologist'
2 pump
2 qualiti
2 quick
2 rag
2 rat
2 rave
2 rayless
2 realiti
2 red-hot
2 reel
2 refer
2 refresh
2 refus
2 regard
2 reliev
2 reminisc
2 repeat
2 resembl
2 reserv
2 restrain
2 result
2 richardson
2 richer
2 rocket
2 rot
2 rudimentari
2 rustl
2 sandal
2 satisfact
2 scan
2 scene
2 scheme
2 scrap
2 seal
2 search
2 seek
2 select
2 sensibl
2 sensit
2 sentenc
2 seren
2 seri
2 servant
2 seventeen
2 shallow
2 sheep
2 sheer
2 shirk
2 shock
2 shop
2 shower
2 shrink
2 shudder
2 shy
2 silenc
2 sir
2 situat
2 skeleton
2 sleepi
2 slid
2 slide
2 slime
2 slumbrou
2 smote
2 smother
2 snow
2 solitari
2 solstic
2 solut
2 solv
2 sort
2 soul
2 south
2 south-west
2 spasmod
2 speech
2 speed
2 spent
2 spin
2 spoken
2 sport
2 squat
2 staircas
2 starlight
2 stave
2 steadi
2 stranger
2 stumbl
2 subsid
2 substant
2 suffici
2 suicid
2 suit
2 sulphur
2 sun'
2 sunlit
2 sunshin
2 sure
2 survei
2 sustain
2 swam
2 swing
2 swung
2 system
2 tap
2 taught
2 tear
2 tender
2 tentacl
2 term
2 terribl
2 testifi
2 then-though
2 thinner
2 third
2 thread
2 threw
2 thrust
2 thunder
2 tint
2 tobacco
2 toler
2 tool
2 top
2 trail
2 tramp
2 transitori
2 transpar
2 transvers
2 treat
2 trickeri
2 trouser
2 tug
2 tumult
2 turfi
2 unabl
2 unavoid
2 unbroken
2 undul
2 unexpect
2 unfamiliar
2 ungainli
2 uniform
2 unreason
2 unseen
2 unstabl
2 upward
2 usual
2 utilis
2 utter
2 valv
2 varieg
2 verb
2 verdigri
2 verifi
2 vermin
2 vi
2 vigil
2 vii
2 viii
2 vivid
2 voyag
2 wade
2 war
2 wash
2 watchett
2 watchword
2 weather
2 weather-worn
2 weight
2 west
2 whisper
2 whiten
2 wholesom
2 wide
2 wider
2 wine
2 wither
2 woke
2 woman
2 worker
2 worst
2 wretch
2 wretched
2 wriggl
2 write
2 xi
2 xii
2 xiii
2 xiv
2 xv
2 xvi
2 yard
2 yesterdai
1 'you
1 --
1 -a
1 -even
1 -he
1 abnorm
1 absent-mind
1 absorb
1 abstain
1 absurd
1 abysm
1 abyss
1 acacia
1 academ
1 acceler
1 accepted-i
1 access
1 accid
1 accompani
1 accumul
1 ach
1 acquaint
1 action
1 acut
1 address
1 adjac
1 adjoin
1 admir
1 adorn
1 adroitli
1 advantag
1 affair
1 afield
1 aforement
1 africa
1 after-dinn
1 again-rath
1 again-terr
1 agap
1 aghast
1 agonis
1 aimlessli
1 alert
1 algal
1 alik
1 aliv
1 all-
1 allen'
1 allianc
1 aloft
1 altern
1 amateur
1 ambit
1 ambush
1 amelior
1 america
1 amor
1 ancestri
1 and-
1 and-it
1 and-thi
1 anemon
1 anew
1 angri
1 animals-and
1 ankl
1 another-a
1 ant-hil
1 ant-lik
1 antenn
1 antenna
1 anxieti
1 apologis
1 apparit
1 appeal
1 applaus
1 apple-tre
1 apprehend
1 appropri
1 approv
1 arbour
1 are-gradu
1 area
1 aris
1 arm-chair
1 arm-rest
1 arrear
1 arrous
1 arteri
1 articul
1 asham
1 asleep
1 aspect
1 aspir
1 assail
1 assembl
1 assert
1 assimil
1 assumpt
1 atom
1 atroci
1 attach
1 attack
1 attenuated-wa
1 audienc
1 awar
1 away-had
1 awkward
1 awok
1 awri
1 back-chang
1 background
1 bacteria
1 bad
1 bai
1 bang
1 banish
1 banstead
1 baromet
1 barrel
1 base
1 basi
1 battersea
1 be
1 beard-whom
1 beaten
1 beautifulli
1 beckon
1 begotten
1 begrim
1 begun
1 behav
1 behov
1 belemnit
1 belief
1 bell-th
1 belong
1 bigger
1 biolog
1 birch
1 birch-tre
1 birthright
1 bitterli
1 blank-i
1 blast
1 bleat
1 bleed
1 bless
1 blockhead
1 blood-drink
1 blood-r
1 blood-stain
1 blood-vessel
1 bloodi
1 blossom-cov
1 blossom-laden
1 blot
1 blotch
1 blowing-out
1 bluish-green
1 board
1 bodili
1 bole
1 bonfir
1 boot
1 boss
1 bottom
1 bough
1 bound
1 brain
1 brain-weari
1 breaker
1 brighten
1 brillianc
1 brittle-to
1 broader
1 broke
1 broken-w
1 brontosauru
1 brood
1 brush
1 bubbl
1 bulk
1 bullet
1 burnish
1 burrow
1 burslem
1 buskin
1 butt
1 cadger
1 calcul
1 calmer
1 calmli
1 camera
1 cancan
1 candle-and
1 candlestick
1 cannib
1 canopi
1 capabl
1 capac
1 capitalist
1 carbuncl
1 career
1 caricatur
1 carlovignan
1 carlyle-lik
1 carnal
1 carnivor
1 carriag
1 carters'
1 casual
1 cat
1 catastroph
1 catch
1 caus
1 cautious
1 ceiling-mani
1 cemeteri
1 ceremoni
1 certainti
1 chain
1 chamber
1 changed-melt
1 channel
1 chapel
1 characterist
1 cheerless
1 cheerlessli
1 chemic
1 chemistri
1 chequer
1 child'
1 childbear
1 childlik
1 children'
1 children-ask
1 chines
1 chinless
1 choke
1 choos
1 chose
1 chosen
1 christma
1 chuckl
1 chuckle-but
1 ciceron
1 cigar-th
1 cigarett
1 circuit
1 claim
1 clang
1 clasp
1 clatter
1 clearer
1 click
1 climat
1 climax
1 climber
1 closer
1 clothes-brush
1 cluster
1 coal
1 collect
1 comb
1 comet
1 command
1 commend
1 commerc
1 commit
1 communist
1 companion
1 compens
1 complac
1 compos
1 composit
1 comprehend
1 concav
1 concret
1 conductor
1 confidence-a
1 confirm
1 confused
1 conjuror
1 connect
1 connubi
1 consciou
1 consent
1 consol
1 construct
1 consumptive-that
1 contagi
1 contempl
1 contour
1 contrast
1 controvert
1 convey
1 convict
1 convinc
1 cool
1 coral
1 correctli
1 correspond
1 corrug
1 cottag
1 counsel
1 court
1 crab-lik
1 cradl
1 crave
1 creak
1 creativ
1 creature'
1 creature-perhap
1 credibl
1 creek
1 cretac
1 crimson
1 crippl
1 cross
1 cruelti
1 crumpl
1 crustacea
1 crystal
1 culmin
1 cultiv
1 cultur
1 cun
1 curb
1 curli
1 curs
1 customari
1 cycl
1 dainti
1 damag
1 damp
1 danger-a
1 dark-th
1 dark-trap
1 darwin
1 date
1 daylit
1 deaden
1 deadlier
1 deal
1 dear
1 deceiv
1 decept
1 decid
1 decis
1 declar
1 deep-seat
1 deepen
1 deepli
1 deer
1 defeat
1 defenc
1 defend
1 defici
1 defin
1 definit
1 degener
1 degre
1 delai
1 delicate-mind
1 delici
1 delightfulli
1 deliquesc
1 deliveri
1 demonstr
1 dens
1 denser
1 deport
1 depth
1 desicc
1 desper
1 destini
1 detain
1 detest
1 devic
1 devil
1 dewdrop
1 dexter
1 diagram
1 diet
1 dilapid
1 dilut
1 dimensions-into
1 diminut
1 dingi
1 dinner-for
1 dirt
1 dirti
1 disagre
1 discomfort
1 disconcert
1 discontinu
1 discordantli
1 discovery-but
1 discrimin
1 disinclin
1 disjoint
1 disk
1 dismal
1 dismiss
1 disregard
1 district
1 distrust
1 disturb
1 dog
1 doll
1 door-which
1 dot
1 doubtless
1 downstream
1 drank
1 draught
1 draughti
1 drawing-room
1 dread-until
1 dresden
1 dri
1 driver
1 duller
1 duller-th
1 dumb
1 dummi
1 duplic
1 durat
1 duti
1 dwarf
1 dwell
1 dwindl
1 dynamit
1 early-morn
1 earthi
1 east
1 east-end
1 eastward
1 easy-chair
1 eb
1 ebb
1 eboni
1 eccentr
1 echo
1 edific
1 edit
1 eggshel
1 egot
1 eighteen
1 elabor
1 elat
1 electr
1 elus
1 embrac
1 emin
1 enabl
1 encamp
1 encircl
1 encount
1 end-
1 ended-a
1 endlessli
1 endow
1 endur
1 energet
1 engin
1 enhanc
1 enjoi
1 enough-a
1 entri
1 environ
1 equal
1 er
1 erect
1 erotic
1 error
1 essai
1 estim
1 estuari
1 etiol
1 eureka
1 evergreen
1 evolut
1 exampl
1 exchang
1 exclaim
1 exclam
1 exclamatori
1 excus
1 exert
1 exhilar
1 expans
1 expedit
1 experience-th
1 explosion-would
1 expos
1 exposit
1 expostul
1 extent
1 extravag
1 exuber
1 exult
1 eyebal
1 eyelash
1 faad
1 fabric
1 facet
1 facil
1 factori
1 failur
1 fair-hair
1 falter
1 fame
1 fantast
1 far-off
1 far-reach
1 fascin
1 fat
1 faun
1 favour
1 favourit
1 fearfulli
1 fearless
1 fecund
1 fed
1 feed
1 feet-and
1 felt-how
1 femal
1 fenc
1 ferment
1 fern
1 fertil
1 fervent
1 feverish
1 fiction
1 filthili
1 fine
1 fingernail
1 fire-mak
1 fireplac
1 firesid
1 firewood
1 firmli
1 fitfulli
1 five-year-old
1 fizz
1 flag
1 flagston
1 flame-wa
1 flatten
1 flaxen
1 fleck
1 fled
1 flew
1 flirtat
1 flit
1 float
1 flood
1 flop
1 floral
1 flouri
1 flowers-evid
1 flowers-shrivel
1 focus
1 foliat
1 follows-unless
1 fond
1 foolishli
1 footbal
1 footfal
1 footnot
1 footsor
1 footstep
1 forbid
1 forearm
1 forefing
1 forefinger-a
1 foremost
1 forget
1 forgiv
1 fortun
1 fossilis
1 found
1 four
1 four-if
1 fractur
1 fragmentari
1 frank
1 freshen
1 fresher
1 freshly-sh
1 friend-of
1 friendship
1 fring
1 frugivor
1 fruit-tre
1 furtiv
1 fuss
1 gai
1 gain
1 game
1 gash
1 gaudi
1 gaunt
1 gazett
1 genuin
1 geologi
1 geometr
1 germ
1 german
1 gesticul
1 ghostli
1 gibbou
1 gift
1 girdl
1 girlish
1 glaze
1 gleefulli
1 globe
1 glorious
1 gnat
1 gone-vanish
1 good-by
1 good-night
1 gracefulli
1 grant
1 grape
1 grappl
1 grate
1 graviti
1 greasi
1 greatest
1 grecian
1 greenish
1 greyer-eith
1 greyish
1 greyish-r
1 grief
1 griev
1 griffins'
1 grimac
1 grimli
1 grind
1 grossli
1 grunt
1 guests-and
1 gulf
1 gulf-which
1 gun
1 gunpowd
1 gutter
1 gynceum'
1 habitat
1 habitu
1 hadn't
1 hairi
1 hairless
1 half-bleach
1 half-dozen
1 half-jocular
1 half-play
1 halitu
1 hallo
1 hang
1 happi
1 happili
1 hardest
1 hardship
1 harshli
1 harvest
1 hast
1 hatch
1 hatchet
1 haul
1 have
1 have-not
1 hawk
1 haze
1 he'll
1 headlin
1 health
1 hearer
1 hearthrug
1 heavili
1 hectic
1 hedg
1 heir
1 help-mai
1 hermet
1 hetti
1 hide
1 high-clad
1 highli
1 hilari
1 hillyer
1 hilt
1 hindrances-to
1 histor
1 histori
1 historian
1 hoax
1 homer
1 hopelessli
1 hopes-to
1 horticultur
1 hospit
1 hours-that
1 household
1 hover
1 hull
1 humbug
1 humour
1 hundredth
1 hunger
1 hungri
1 hurriedli
1 hurt
1 hush
1 husk-wa
1 hypertrophi
1 hyster
1 i'd
1 i'm-funni
1 ic
1 ichthyosauru
1 idol
1 ill
1 ill-control
1 ill-equip
1 ill-lit
1 immateri
1 immemori
1 immens
1 impart
1 imparti
1 impati
1 imped
1 impend
1 impercept
1 imperfect
1 impetu
1 improp
1 inadequ
1 inadequacy-to
1 inarticul
1 incandesc
1 incess
1 inch
1 incid
1 includ
1 incom
1 incomplet
1 incomprehens
1 indefin
1 indian
1 indiffer
1 indistinctli
1 individual'
1 indoors-so
1 inequ
1 inextinguish
1 infinit
1 inflamm
1 inflict
1 influenc
1 ingenu
1 inherit
1 initi
1 ink
1 ink-and
1 inkl
1 inquir
1 inquiri
1 insect
1 insecur
1 insid
1 inside-to
1 insidi
1 insist
1 instabl
1 instant
1 instant'
1 instantan
1 insult
1 intend
1 intensest
1 intermarriag
1 intermiss
1 intern
1 interpol
1 interstic
1 interven
1 intervent
1 intoler
1 inton
1 intric
1 introspect
1 intrus
1 invas
1 invers
1 invest
1 investig
1 invis
1 involv
1 irrever
1 irrit
1 island
1 it-a
1 it-and
1 jam
1 jerk
1 joi
1 join
1 joint
1 journalist-veri
1 joyou
1 jurass
1 justif
1 keenest
1 keenli
1 keep
1 kei
1 kensington
1 kentucki
1 keyhol
1 kick
1 kind-a
1 kindli
1 king
1 knapsack
1 knelt
1 knife
1 knit
1 knock
1 know
1 know-for
1 known-even
1 kodak
1 laboratory-
1 labyrinth
1 ladder
1 languor
1 lank
1 laps
1 largest
1 lash
1 last
1 later-prev
1 latter-dai
1 laughingli
1 law
1 lazili
1 leal
1 leant
1 leapt
1 leash
1 leather
1 lend
1 lessen
1 let'
1 letter
1 level
1 li
1 librari
1 lick
1 lidless
1 lie-or
1 life-th
1 lift
1 light-al
1 lighten
1 lighter
1 lightn
1 lignit
1 likeness-a
1 likewis
1 lili
1 line
1 linger
1 linnan
1 liquid
1 literari
1 literatur
1 litter
1 little-go
1 lived-th
1 liverwort
1 lives-al
1 livid
1 load
1 long-continu
1 looked-thos
1 loom
1 loophol
1 lose
1 lost-perhap
1 lot
1 loudli
1 loyal
1 lucid
1 lug
1 lunch
1 lunch-tim
1 lung
1 lurid
1 lustr
1 luxuri
1 machine-
1 madden
1 made-thought
1 magazin
1 magnific
1 maintain
1 maker
1 malachit
1 male
1 malign
1 mall
1 mallow
1 man'
1 man-serv
1 manhood
1 manifestli
1 manli
1 manoeuvr
1 marrow
1 massacr
1 massiv
1 match-box
1 matern
1 mathematician
1 mauv
1 me-thre
1 meal
1 measur
1 meddl
1 medit
1 meek
1 megatherium
1 men--
1 merest
1 merriment
1 metalwork
1 metropolitan
1 mexican
1 middl
1 midst
1 midwai
1 mild
1 milit
1 militari
1 milki
1 mind-a
1 miner
1 mineralog
1 mingl
1 minu
1 miracul
1 miscellan
1 misconcept
1 miser
1 mistaken
1 misti
1 mite
1 mockeri
1 mode
1 moder
1 modif
1 moist
1 moment-a
1 monei
1 monkei
1 monomania
1 monument
1 moonlight-that
1 moonris
1 moral
1 moralis
1 morlock'
1 morlocks-a
1 morlocks-that
1 morning-mi
1 mortal
1 mother
1 motiv
1 mountain
1 multipli
1 mummi
1 murder
1 mute
1 mystic
1 nail
1 nake
1 nap
1 narr
1 narrowli
1 nation
1 nauseatingli
1 nebuchadnezzar
1 necessity-for
1 necessity-inde
1 need
1 neglect
1 neighbourhood
1 nemesi
1 new-found
1 newcomb
1 night'
1 nil
1 ninepin
1 ninety-nin
1 nip
1 nitrat
1 noiseless
1 noiselessli
1 non-exist
1 noon
1 north-east
1 north-west
1 northward
1 nose
1 nothing
1 noun
1 novelti
1 now-if
1 nurseri
1 obelisk
1 obliqu
1 obstacl
1 obviou
1 occident
1 occup
1 occurr
1 ocean
1 octagon
1 oddest
1 oili
1 old-tim
1 old-world
1 one-fiftieth
1 one-hundredth
1 onset
1 onward
1 oolit
1 opinion
1 optic
1 orang
1 orange-clad
1 ordinari
1 organ
1 orient
1 outbreak
1 outflank
1 outlet
1 overcam
1 overcrowd
1 overpow
1 overset
1 overtak
1 overwhelm
1 overwhelmingli
1 overwork
1 pad
1 pagoda-lik
1 paint
1 palace-lik
1 pale-green
1 pall
1 pallid
1 pane
1 panic
1 pant
1 paradis
1 paraffin
1 parallel
1 paralys
1 parcel
1 partak
1 particularly-whi
1 patent
1 pathwai
1 paw
1 peac
1 peach
1 pebbl
1 peel
1 pen
1 penetr
1 pensiv
1 people-du
1 pepton
1 perfection-absolut
1 perform
1 perish
1 permit
1 perpetu
1 perspect
1 petal
1 petul
1 phantasm
1 phase
1 photograph
1 phrase-b
1 picturesqu
1 pillow
1 pinkish-grei
1 pitch
1 piteou
1 pitiless
1 plaintiv
1 plants-nettl
1 plato
1 playth
1 plenti
1 plesiosaurus-haunt
1 plight
1 plough
1 pluck
1 plung
1 poignant
1 poisonous-look
1 pole
1 polynesian
1 poor-i
1 popular
1 pork-butch
1 portion
1 portrait
1 possibly-but
1 postal
1 poster
1 potenti
1 potter
1 pour
1 powder
1 powderi
1 precession
1 preciou
1 precipit
1 precis
1 precoci
1 prefac
1 prei
1 prejudic
1 preoccup
1 preoccupi
1 presum
1 preternatur
1 prettier
1 prevent
1 price
1 prime
1 principl
1 print
1 proce
1 procur
1 prodigi
1 produc
1 professor
1 profil
1 promot
1 prompt
1 pronoun
1 properli
1 properti
1 propheci
1 proport
1 proportion
1 proposit
1 proprietari
1 provid
1 psycholog
1 publish
1 puf
1 puff
1 pulsat
1 punish
1 pupil
1 purposeless
1 pursuit
1 putrefact
1 quack
1 quaintli
1 qualm
1 quiver
1 radianc
1 rain-wat
1 ram
1 ramif
1 rap
1 rapidli
1 rarefi
1 raspberri
1 reacquaint
1 reaction
1 reaction-poss
1 rearrang
1 rebelli
1 rebound
1 reckon
1 recognit
1 recondit
1 recoveri
1 reed
1 reef
1 regain
1 regist
1 regular
1 reinforc
1 rejoin
1 relationship
1 relief
1 relight
1 reluctantli
1 remad
1 remnant
1 removed-bi
1 render
1 rent
1 replac
1 replenish
1 report
1 represent
1 reptilian
1 repugn
1 reput
1 resolut
1 resort
1 respect
1 restaur
1 resting-plac
1 restor
1 retain
1 retard
1 retina
1 retort
1 revert
1 rich-wil
1 richli
1 richmond
1 riddl
1 ridicul
1 rifl
1 right
1 rigor
1 rill
1 rim
1 ring
1 ring-to
1 rip
1 ripe
1 rippl
1 risk-on
1 roar
1 rod
1 root
1 roseberi
1 rotund
1 roughli
1 ruddi
1 rude
1 sabl
1 safer
1 safeti
1 safety-match
1 salin
1 salt-pink
1 saltpetr
1 sandbank
1 sanit
1 sanitari
1 saurian
1 sawn
1 saying-or
1 scaffold
1 scale
1 scar
1 scarlet
1 sceptic
1 scholar
1 school
1 schoolmast
1 scientist
1 scintil
1 sconc
1 scorch
1 scorn
1 scrape
1 scratch
1 screw
1 scrub
1 season
1 secret
1 section
1 secure-had
1 seedless
1 self-decept
1 self-devot
1 self-restraint
1 selfish
1 semblanc
1 send
1 sentiment
1 sepia
1 sepultur
1 serv
1 servic
1 set-it
1 settl
1 shade
1 shadowi
1 shaken
1 shakili
1 shan't
1 shapes-hug
1 share
1 sharer
1 sharpen
1 shatter
1 shelv
1 shift
1 shill
1 shin
1 shoal-ther
1 shoot
1 shouting-when
1 show
1 shred
1 shrivel
1 shroud
1 shrub
1 shrubbi
1 shuffl
1 shut
1 sicken
1 sickli
1 sieg
1 sigh
1 sightless
1 signal-box
1 silhouet
1 silhouett
1 silki
1 silveri
1 simon
1 simple-almost
1 simplest
1 simplic
1 sincer
1 sing
1 singl
1 singular
1 sinist
1 siriu
1 sixth
1 skin
1 skirt
1 skylight
1 slab
1 slabs-block
1 slacken
1 slain
1 slake
1 slam
1 slant
1 sleev
1 sleight-of-hand
1 slender
1 slightest
1 slipper
1 slit-lik
1 slopes-everywher
1 sloth
1 slow-stir
1 slowest
1 slumber
1 smaller
1 smashed-which
1 smelt
1 smoke-at
1 smoki
1 smoulder
1 snail
1 snap
1 snatch
1 snif
1 sob
1 sober
1 sock
1 soft-colour
1 soil
1 sole
1 sole-thei
1 son
1 sorrow
1 sourc
1 south-east
1 south-eastern
1 south-eastward
1 south-westward
1 southward
1 space-half
1 spark
1 sparrow
1 speaker'
1 special
1 specialis
1 specialist
1 spectacl
1 spectral
1 spellbound
1 spend
1 spider
1 spider'
1 spike
1 spill
1 splendour
1 splutter
1 spoil
1 spring
1 spun
1 stab
1 stage
1 stagnant
1 stained-glass
1 stamp
1 stanch
1 stapl
1 star-dust
1 starless
1 starlik
1 starting-point
1 station
1 stationari
1 statue-a
1 steatit
1 steel
1 stiff
1 still-increas
1 sting
1 stolid
1 stoni
1 store
1 storm
1 stoutli
1 strain
1 strangest
1 stratif
1 streak
1 streamer
1 strengthen
1 stress
1 strict
1 strictli
1 string
1 stroke
1 strove
1 stud
1 studi
1 stuf
1 stuffi
1 stump
1 stun
1 stung
1 stupor
1 style
1 subjug
1 submit
1 substantial-look
1 substitut
1 subtli
1 subwai
1 succe
1 succeed
1 succul
1 such-lik
1 suck
1 suffoc
1 sullen
1 summer
1 sun-a
1 sun-scorch
1 sunris
1 support
1 supposit
1 suppress
1 surg
1 surmount
1 surrend
1 survivor
1 suspend
1 sweat
1 sweet-look
1 sweeter
1 swell
1 swim
1 swimmer
1 switchback-of
1 swollen
1 swoop
1 sword
1 sympathet
1 sympathi
1 tail-coat
1 take
1 tamper
1 task
1 tbingen
1 technic
1 telegraph
1 telephon
1 temer
1 temporari
1 temptat
1 tension
1 tent
1 tenth
1 terrac
1 terrestri
1 tether
1 textur
1 them-and
1 theoris
1 there'
1 there-a
1 thicken
1 thicket
1 thing'
1 thing-against
1 things-
1 things-wit
1 think-a
1 thirst
1 thirsti
1 thought-of
1 threadbar
1 threadlik
1 threaten
1 three-dimension
1 three-sid
1 threshold
1 thrice
1 throw
1 thud-thud-thud
1 thunderclap
1 ti
1 tickl
1 tidal
1 tightli
1 tile
1 timepiec
1 times-but
1 tin
1 tini
1 tired-mi
1 toi
1 toiler
1 tomb
1 too-perfect
1 topic
1 torch
1 tore
1 torment
1 touch-for
1 tradit
1 traffic
1 train
1 trammel
1 tranquil
1 transact
1 transit
1 transluc
1 travel-soil
1 travel-worn
1 treasur
1 tree-bol
1 triassic
1 tribe
1 trick-lik
1 trickl
1 trophi
1 tropic
1 troublesom
1 true-everi
1 truncat
1 trust
1 truth-or
1 tumulu
1 tunic
1 twenti
1 twenty-four
1 twenty-thre
1 twist
1 ugli
1 unaccount
1 unaid
1 unalter
1 uncanni
1 uncertain
1 uncertainli
1 uncivil
1 uncut
1 undecor
1 unemploi
1 unendur
1 uneven
1 unfathom
1 unfinish
1 unfrozen
1 unglaz
1 unheed
1 unhing
1 uniformli
1 unit
1 unlikeli
1 unmean
1 unmelt
1 unmistak
1 unnecessari
1 unpolish
1 unsatisfi
1 unscrew
1 unsolv
1 unsuspect
1 unsympathet
1 until-
1 untravel
1 upon-prob
1 upon-ther
1 uprush
1 upset
1 upstair
1 urchin
1 useless
1 utopia
1 utopian
1 vacant
1 vaguest
1 vain
1 valley-show
1 vari
1 varieti
1 vase
1 vastli
1 vegetarian
1 veil
1 velocity-th
1 verbatim
1 versatil
1 vibrat
1 vigour
1 villaini
1 virtu
1 visag
1 visit
1 visitor
1 vista
1 vital
1 volatil
1 volunt
1 waist
1 wan
1 wandsworth
1 warp
1 was-far
1 watch-into
1 waterless
1 wax
1 waxen
1 way-mark
1 we'd
1 weaker
1 weakli
1 wealth
1 wear
1 wearisom
1 web
1 weedless
1 weep
1 weird
1 welcom
1 well--
1 well-known
1 well-lik
1 well-mouth
1 well-nigh
1 welter
1 wheel
1 where'
1 where's--
1 wherewith
1 which-wer
1 while
1 whim
1 whimper
1 whip
1 whistl
1 whoop
1 widespread
1 wilder
1 wildli
1 wimbledon
1 wink
1 wintri
1 wire
1 wise
1 with-hand
1 withal
1 withdrawn
1 withdrew
1 woman-it
1 wonderfulli
1 wont
1 wooden
1 wool-gath
1 workroom
1 world-for
1 world-mast
1 worm
1 wors
1 wrap
1 wreck
1 wrist
1 writer
1 writh
1 wrote
1 wrought
1 yawn
1 yield
1 yonder
1 yore
1 york
1 you-and
1 younger
1 zenith
1 zero
1 zoolog
