217 time
91 machin
88 travel
75 hand
66 man
61 white
56 felt
56 thought
55 dark
51 face
46 light
46 weena
45 morlock
45 peopl
44 dai
43 ey
42 great
41 black
41 night
41 well
40 began
36 match
36 mind
36 round
36 will
35 feel
35 long
34 strang
34 world
33 look
33 move
33 present
33 sky
32 thing
31 fear
31 human
30 moment
29 fire
29 turn
28 head
27 sun
26 green
26 grew
26 left
26 open
26 place
25 creatur
25 door
24 futur
24 lever
24 medic
24 natur
24 space
24 sphinx
24 stood
23 minut
23 psychologist
22 dimens
22 hill
22 pass
22 red
22 sat
22 suddenli
21 ag
21 tabl
21 three
20 air
20 editor
20 figur
20 galleri
20 heard
20 palac
20 watch
20 year
19 bar
19 bronz
19 earth
19 kind
19 point
19 side
19 sound
18 anim
18 appear
18 arm
18 build
18 find
18 flower
18 grow
18 laboratori
18 laugh
18 moon
18 sleep
18 stori
18 wood
17 absolut
17 beauti
17 big
17 feet
17 ground
17 lai
17 live
17 set
16 dim
16 fanci
16 fell
16 go
16 mere
16 rememb
16 return
16 run
16 soft
16 thick
15 breath
15 bright
15 doubt
15 filbi
15 hous
15 imagin
15 knew
15 leav
15 life
15 lit
15 odd
15 pocket
15 ruin
15 stop
15 struck
15 suppos
15 tree
15 vanish
14 bush
14 chang
14 clear
14 come
14 full
14 happen
14 hesit
14 huge
14 judg
14 larg
14 morn
14 room
14 sea
14 shadow
14 silent
14 smile
14 star
14 told
14 wonder
13 close
13 condit
13 cours
13 determin
13 faint
13 hundr
13 idea
13 lamp
13 men
13 rest
13 rose
13 small
13 stand
13 stare
13 sudden
13 suggest
13 touch
13 understand
13 walk
12 clearli
12 comfort
12 dream
12 dust
12 enter
12 gener
12 glare
12 good
12 hall
12 heap
12 metal
12 porcelain
12 question
12 save
12 second
12 secur
12 sens
12 shaft
12 slope
12 start
12 vast
12 wait
12 work
11 altogeth
11 camphor
11 carri
11 cri
11 danc
11 decai
11 dread
11 even
11 examin
11 expect
11 explain
11 fall
11 flicker
11 fruit
11 glass
11 hold
11 instanc
11 interest
11 notic
11 peculiar
11 pedest
11 push
11 puzzl
11 queer
11 rare
11 reach
11 remark
11 rise
11 shoulder
11 simpli
11 slower
11 trace
10 better
10 case
10 caught
10 colour
10 creep
10 direct
10 evid
10 exactli
10 exist
10 explor
10 grei
10 hope
10 horribl
10 impress
10 iron
10 larger
10 lawn
10 mass
10 mechan
10 memori
10 number
10 pale
10 pretti
10 race
10 seat
10 strong
10 sunset
10 triumph
10 underworld
10 wast
10 wrong
9 abund
9 ago
9 assur
9 blue
9 broken
9 brown
9 call
9 confus
9 dinner
9 disappear
9 drove
9 flame
9 ghost
9 half
9 hung
9 increas
9 intellig
9 intens
9 met
9 model
9 mysteri
9 necess
9 pain
9 perfect
9 physic
9 problem
9 real
9 realis
9 reason
9 remain
9 sensat
9 shape
9 sign
9 social
9 stir
9 stone
9 strength
9 theori
9 view
9 voic
9 wall
8 approach
8 attent
8 balanc
8 civilis
8 clamber
8 cold
8 convei
8 cut
8 danger
8 daylight
8 differ
8 discov
8 ear
8 eloi
8 fact
8 fast
8 faster
8 finger
8 floor
8 follow
8 foot
8 forest
8 forward
8 hastili
8 incred
8 journalist
8 length
8 lost
8 meat
8 mile
8 motion
8 object
8 remind
8 remot
8 scarc
8 shiver
8 shone
8 slow
8 smoke
8 surfac
8 surpris
8 swiftli
8 tell
8 think
8 tire
8 traveller'
8 underground
8 unknown
8 vagu
8 want
8 weena'
8 young
7 account
7 arriv
7 bare
7 beach
7 bodi
7 burn
7 circl
7 complet
7 confid
7 cover
7 descend
7 distanc
7 drift
7 effort
7 experi
7 explan
7 extrem
7 fallen
7 form
7 gestur
7 golden
7 hard
7 held
7 help
7 import
7 intellectu
7 longer
7 loos
7 matter
7 motionless
7 mouth
7 movement
7 narrow
7 neck
7 paper
7 passion
7 perceiv
7 plain
7 pleasant
7 press
7 recognis
7 recov
7 reflect
7 river
7 saddl
7 short
7 slip
7 slowli
7 speak
7 splendid
7 spoke
7 spread
7 stai
7 struggl
7 suffer
7 thousand
7 trick
7 troubl
7 turf
7 violent
7 weak
7 window
6 afraid
6 amaz
6 beat
6 blind
6 block
6 blow
6 box
6 care
6 carefulli
6 chair
6 children
6 cloth
6 content
6 conveni
6 corner
6 delight
6 desert
6 dial
6 difficulti
6 distinct
6 drew
6 eddi
6 familiar
6 fate
6 fatigu
6 flash
6 forc
6 fourth
6 fresh
6 front
6 garden
6 grasp
6 guess
6 habit
6 hair
6 hear
6 heat
6 heel
6 helpless
6 high
6 hillsid
6 hitherto
6 hour
6 inclin
6 inevit
6 interv
6 ivori
6 kill
6 languag
6 late
6 lower
6 machineri
6 mankind
6 murmur
6 nearer
6 nois
6 occur
6 overworld
6 panel
6 paus
6 planet
6 power
6 presenc
6 preserv
6 proceed
6 project
6 quiet
6 restless
6 retreat
6 rock
6 sight
6 silver
6 slept
6 slight
6 speci
6 startl
6 stick
6 straight
6 strike
6 surviv
6 swai
6 tendenc
6 terror
6 tunnel
6 twilight
6 unpleas
6 vallei
6 warm
6 water
6 wind
5 accept
5 admit
5 advanc
5 afternoon
5 anticip
5 best
5 blunder
5 brass
5 brighter
5 burnt
5 busi
5 calm
5 cattl
5 ceas
5 chanc
5 circumst
5 clutch
5 common
5 continu
5 contriv
5 corridor
5 crawl
5 crest
5 crowd
5 dawn
5 deep
5 diseas
5 displai
5 distress
5 doorwai
5 drop
5 eas
5 eat
5 edg
5 emerg
5 energi
5 escap
5 excit
5 express
5 extinct
5 featur
5 fight
5 flare
5 fling
5 folli
5 foolish
5 forgotten
5 frame
5 gentli
5 glanc
5 glow
5 gradual
5 grass
5 hail
5 hazi
5 hillock
5 horizon
5 horror
5 incontin
5 inhuman
5 instinct
5 jump
5 knowledg
5 lack
5 land
5 led
5 lip
5 low
5 make
5 monster
5 museum
5 one'
5 order
5 paradox
5 part
5 path
5 peer
5 perfectli
5 piec
5 pillar
5 pipe
5 plant
5 plate
5 plausibl
5 possess
5 possibl
5 rang
5 resolv
5 rich
5 safe
5 savag
5 sheet
5 specimen
5 specul
5 spirit
5 spite
5 stagger
5 state
5 steadili
5 step
5 substanc
5 suspect
5 ten
5 thither
5 thursdai
5 till
5 tongu
5 truth
5 twinkl
5 ventil
5 vestig
5 visibl
5 wander
5 wane
5 wild
5 word
5 yellow
4 abruptli
4 absenc
4 adapt
4 appreci
4 art
4 ask
4 astonish
4 attain
4 avoid
4 bath
4 bench
4 beneath
4 bit
4 blaze
4 blown
4 break
4 brightli
4 broad
4 brought
4 built
4 candl
4 cast
4 central
4 cheek
4 chill
4 chin
4 climb
4 clue
4 coat
4 coloss
4 compani
4 conclus
4 confess
4 constitut
4 convers
4 crept
4 cry
4 cupola
4 curios
4 curiou
4 current
4 curtain
4 damn
4 dash
4 decor
4 delic
4 depart
4 descent
4 describ
4 desir
4 desol
4 destroi
4 devot
4 disappoint
4 discoveri
4 earli
4 educ
4 empti
4 engag
4 excess
4 explos
4 fade
4 fail
4 fair
4 fairli
4 fashion
4 fist
4 flake
4 flight
4 flow
4 flung
4 foul
4 frail
4 free
4 freedom
4 frenzi
4 friend
4 friendli
4 fro
4 futil
4 gap
4 gather
4 geometri
4 glimps
4 greatli
4 grip
4 grope
4 grotesqu
4 harsh
4 headlong
4 heart
4 hot
4 indic
4 indistinct
4 innumer
4 interpret
4 invent
4 jar
4 journei
4 knee
4 labour
4 lame
4 laughter
4 lead
4 leak
4 learn
4 leg
4 limb
4 limp
4 london
4 loss
4 ly
4 mace
4 manner
4 mark
4 master
4 materi
4 mayor
4 mean
4 meet
4 mine
4 morlocks'
4 nod
4 obscur
4 observ
4 oddli
4 oppress
4 organis
4 overlook
4 pace
4 passag
4 patter
4 plai
4 poor
4 popul
4 posit
4 previou
4 process
4 profound
4 promis
4 proper
4 protect
4 provinci
4 pull
4 purpl
4 purpos
4 pursu
4 put
4 rail
4 receiv
4 refin
4 refug
4 resum
4 revers
4 rhododendron
4 risk
4 robe
4 ruinou
4 rush
4 rust
4 seriou
4 shelter
4 shine
4 shoe
4 sidewai
4 simpl
4 singularli
4 sit
4 skull
4 smoking-room
4 speedili
4 spot
4 stoop
4 stretch
4 sunlight
4 sweet
4 talk
4 tall
4 tangl
4 tatter
4 teeth
4 thame
4 thud
4 todai
4 tomorrow
4 trap
4 true
4 understood
4 univers
4 upperworld
4 veloc
4 wai
4 weapon
4 week
4 whirl
4 wing
4 workshop
4 worn
3 abomin
3 actual
3 adventur
3 affect
3 agre
3 agricultur
3 air-tight
3 aloud
3 amid
3 amount
3 amus
3 angl
3 answer
3 apart
3 apertur
3 apparatu
3 appetit
3 applianc
3 apprehens
3 arch
3 argu
3 aristocraci
3 arrai
3 artifici
3 assum
3 attempt
3 attract
3 awak
3 backward
3 balloon
3 band
3 battl
3 bear
3 beast
3 bell
3 bent
3 blacken
3 blink
3 boldli
3 bone
3 branch
3 breadth
3 breed
3 breez
3 bring
3 brute
3 burst
3 bye
3 caress
3 carv
3 centr
3 charact
3 cheerfulli
3 child
3 childish
3 cigar
3 circular
3 clad
3 cling
3 cloud
3 clumsi
3 clung
3 colourless
3 commun
3 concern
3 consequ
3 consid
3 consider
3 corrod
3 countri
3 courag
3 crab
3 crack
3 cramp
3 crowbar
3 cube
3 curv
3 daili
3 dare
3 darkl
3 dazzl
3 decad
3 deeper
3 despair
3 destin
3 die
3 diminish
3 dimli
3 dismai
3 distant
3 distinctli
3 doctor
3 downward
3 dozen
3 drag
3 draw
3 drawn
3 dress
3 dull
3 dusti
3 easi
3 easili
3 effect
3 element
3 emot
3 enemi
3 exact
3 exclus
3 exhaust
3 exquisit
3 extens
3 fainter
3 famili
3 farther
3 feebl
3 fierc
3 fill
3 finish
3 flesh
3 fluctuat
3 fool
3 fossil
3 freeli
3 fridai
3 fright
3 fumbl
3 garment
3 gate
3 gleam
3 grace
3 granit
3 group
3 gust
3 halt
3 hammer
3 hasti
3 hidden
3 hiding-plac
3 hollow
3 hook
3 hop
3 horizont
3 host
3 hotter
3 illumin
3 immin
3 imposs
3 improv
3 inaccess
3 incredul
3 indescrib
3 industri
3 insens
3 interrupt
3 intim
3 keen
3 kiss
3 landscap
3 lean
3 leap
3 learnt
3 lesson
3 lichen
3 lumin
3 mantel
3 marbl
3 mathemat
3 meant
3 mental
3 million
3 miss
3 mistak
3 moan
3 moonlit
3 moss
3 north-eastward
3 note
3 o'clock
3 occupi
3 outcom
3 parapet
3 parent
3 partial
3 patient
3 perman
3 persist
