406 well
361 time
349 jim
295 good
294 ain't
292 warn't
250 de
227 en
227 tom
203 man
199 nigger
197 reckon
177 go
169 king
162 pretti
160 set
151 kind
150 night
146 duke
145 long
145 told
144 hand
142 dai
139 river
134 head
134 place
133 talk
132 till
122 peopl
122 that'
119 raft
115 thing
114 minut
112 town
103 start
101 hear
100 turn
98 know
98 three
98 troubl
98 want
97 i'd
95 work
94 lai
93 better
93 big
93 mile
92 hous
91 fetch
88 huck
88 look
86 chapter
84 monei
84 side
82 judg
80 door
80 heard
77 mind
76 boi
75 hadn't
75 laid
74 bed
73 hain't
72 dark
72 dead
72 men
72 mighti
71 begun
70 dat
70 kill
70 water
69 call
69 wood
68 half
67 thought
66 feel
66 find
66 live
66 lot
65 dollar
64 cano
64 help
63 light
63 mari
62 wait
61 fool
60 dei
60 left
60 o'
59 rest
58 ey
58 leav
57 bodi
57 dog
57 stai
57 will
57 young
56 aunt
56 stand
56 year
55 room
55 uncl
53 come
53 foot
53 there'
53 watch
52 git
52 open
52 pap
52 shove
51 hour
51 piec
50 jump
50 morn
50 poor
50 struck
49 easi
49 gun
49 island
49 think
48 bank
48 salli
46 drop
46 glad
46 tear
45 'bout
45 doctor
45 er
45 jane
44 arm
44 cours
44 face
44 sawyer
44 sound
44 white
44 world
43 listen
43 stop
43 ten
42 best
42 chanc
42 di
42 middl
41 blame
41 book
41 readi
41 sight
41 sign
41 widow
40 bad
40 buck
40 candl
40 gwyne
40 stood
39 ben
39 hold
39 hunt
39 notic
39 rais
39 read
39 sleep
38 countri
38 coupl
38 hang
38 hundr
38 log
38 slip
37 catch
37 free
37 full
37 girl
37 hors
37 steal
37 tree
36 allow
36 boat
36 bust
36 eat
36 famili
36 shore
35 aw
35 cabin
35 consider
35 jim'
35 land
35 laugh
35 rat
35 second
35 steamboat
35 t'other
35 we'd
34 ask
34 blow
34 friend
34 front
34 idea
34 prison
34 slow
34 they'r
34 wuz
33 answer
33 bet
33 busi
33 cloth
33 comfort
33 throw
33 wai
33 write
32 'll
32 breakfast
32 crowd
32 drunk
32 letter
32 lit
32 low
32 sing
32 word
31 asleep
31 bill
31 bit
31 black
31 doan'
31 happen
31 plan
31 scare
31 she'd
30 dig
30 he'll
30 hide
30 paddl
30 plai
30 road
30 shot
30 sick
30 snake
30 straight
30 wake
30 woman
29 a-go
29 care
29 cry
29 fire
29 floor
29 gentleman
29 hat
29 heart
29 high
29 leg
28 cent
28 count
28 felt
28 folk
28 luck
28 runawai
28 safe
28 shut
28 week
28 window
27 brother
27 cuss
27 den
27 float
27 hole
27 life
27 mar
27 sid
26 'm
26 agin
26 close
26 fix
26 gang
26 paper
26 pull
26 satisfi
26 spoon
25 'uz
25 broke
25 clear
25 cold
25 hard
25 lock
25 loos
25 love
25 quick
25 round
25 shirt
25 sila
25 sort
25 supper
25 tin
25 walk
25 wonder
25 worth
25 wrote
24 chain
24 corner
24 father
24 hung
24 mouth
24 power
24 shoulder
24 sir
24 tell
24 track
24 wall
24 yard
23 account
23 borrow
23 forgot
23 hurt
23 mo'
23 ol
23 rich
23 slid
23 stick
23 stole
23 villag
23 witch
23 women
23 yonder
22 breath
22 chang
22 chaw
22 clean
22 current
22 daylight
22 fifteen
22 finn
22 grab
22 ground
22 ladder
22 matter
22 neck
22 peter
22 pick
22 pictur
22 pie
22 shook
22 studi
22 sweat
22 tire
22 whilst
22 yell
21 --and
21 ago
21 ahead
21 ashor
21 bag
21 beat
21 camp
21 church
21 cut
21 dinner
21 dress
21 fellow
21 hair
21 hurri
21 lantern
21 lightn
21 person
21 rip
21 rope
21 run
21 save
21 smoke
21 step
21 stir
21 sudden
21 tabl
21 ti
21 whoop
21 wigwam
20 aboard
20 bottom
20 break
20 carri
20 cat
20 coffin
20 dear
20 fast
20 fell
20 fog
20 fraud
20 harm
20 i'
20 mark
20 natur
20 pass
20 plenti
20 preacher
20 quiet
20 rag
20 s'i
20 sell
20 sheet
20 skiff
20 spread
20 touch
20 watson
20 william
20 wreck
19 bother
19 chile
19 cri
19 job
19 kiss
19 late
19 looki
19 lost
19 rain
19 s'pose
19 send
19 sister
19 sold
19 solid
19 store
19 thick
19 top
19 towhead
19 wish
18 'n'
18 beauti
18 children
18 coat
18 crawl
18 cross
18 daytim
18 deep
18 differ
18 dream
18 fenc
18 fish
18 honest
18 learn
18 man'
18 mine
18 nois
18 pai
18 perfectli
18 prai
18 quarter
18 question
18 reck'n
18 rock
18 shuck
18 stair
18 ther'
18 wid
17 born
17 cave
17 chair
17 dat'
17 drownd
17 hope
17 insid
17 jis'
17 knee
17 lose
17 make
17 month
17 nice
17 plate
17 real
17 roll
17 shepherdson
17 slide
17 son
17 stretch
17 stuck
17 surpris
17 uneasi
17 you'
16 ain'
16 blanket
16 bless
16 bogg
16 dah
16 death
16 die
16 expect
16 funer
16 here'
16 law
16 let
16 lie
16 lonesom
16 longer
16 mos'
16 pen
16 pile
16 put
16 regular
16 sens
16 sherburn
16 state
16 stuff
16 sung
16 truck
16 um
16 wild
16 wind
16 wors
15 bread
15 clumb
15 cook
15 deal
15 dey'
15 ef
15 foolish
15 forti
15 fur
15 handi
15 harvei
15 hog
15 hug
15 illinoi
15 lawyer
15 loui
15 murder
15 name
15 nuther
15 orlean
15 reason
15 rememb
15 shout
15 sich
15 smile
15 stranger
15 straw
15 street
15 take
15 tight
15 tuck
15 we'r
15 wide
14 act
14 afraid
14 blue
14 brass
14 breast
14 bui
14 didn'
14 england
14 fault
14 gentlemen
14 georg
14 held
14 hungri
14 kin
14 ladi
14 le'
14 line
14 load
14 mother
14 nail
14 oar
14 pan
14 quit
14 reach
14 rob
14 rode
14 rush
14 scratch
14 shake
14 short
14 thatcher
14 voic
14 wash
14 willow
14 wouldn'
14 yo'
13 aliv
13 bang
13 beg
13 boom
13 cairo
13 cool
13 dasn't
13 fine
13 flung
13 gener
13 gold
13 grindston
13 heah
13 heel
13 honei
13 hot
13 mad
13 midnight
13 miss
13 moon
13 notion
13 orneri
13 right
13 robber
13 sah
13 soft
13 style
13 tie
13 tom'
13 treat
13 watermelon
13 worri
13 wrong
12 bob
12 bow
12 bush
12 cow
12 crack
12 devil
12 dozen
12 drift
12 fairli
12 govment
12 grai
12 grangerford
12 injun
12 jest
12 kinder
12 knock
12 lead
12 lick
12 mump
12 o'clock
12 pet
12 pocket
12 ride
12 row
12 rub
12 sake
12 school
12 secret
12 shoot
12 sky
12 slept
12 spirit
12 suit
12 sweet
12 truth
12 understand
12 whiski
11 'long
11 afeard
11 air
11 auction
11 belong
11 blame'
11 board
11 cavern
11 cellar
11 child
11 circu
11 consid
11 earli
11 edg
11 fifti
11 fun
11 generli
11 gimm
11 glide
11 glori
11 graciou
11 holler
11 howl
11 jist
11 kitchen
11 lid
11 lightning-rod
11 nose
11 paint
11 phelp
11 po'
11 point
11 poke
11 polli
11 properti
11 saw
11 servant
11 somewher
11 speak
11 speech
11 squar
11 st
11 stock
11 storm
11 true
11 twenti
11 wagon
11 warm
11 weather
11 whisper
10 's
10 't
10 adventur
10 ala
10 believ
10 bend
10 bilgewat
10 bird
10 bound
10 chap
10 curtain
10 dirt
10 escap
10 fair
10 grace
10 great
10 guess
10 hare-lip
10 hitch
10 interest
10 joke
10 kei
10 lazi
10 lean
10 level
10 li
10 loud
10 mix
10 mourn
10 order
10 overboard
10 pale
10 pipe
10 pirat
10 raf'
10 rapscallion
10 resk
10 reward
10 rough
10 royal
10 ruther
10 settl
10 shin
10 skip
10 solemn
10 spider
10 streak
10 strike
10 stump
10 suspicion
10 thirti
10 thread
10 tick
10 whah
10 wilk
10 wisht
10 yesterdai
9 amount
9 awhil
9 band
9 bar
9 barrel
9 bell
9 betwixt
9 bite
9 blood
9 boot
9 budg
9 bullet
9 chicken
9 chop
9 cover
9 crept
9 danger
9 dodg
9 drag
9 dread
9 dry
9 dug
9 dull
9 ear
9 even
9 excit
9 explain
9 feather
9 ferryboat
9 forget
9 gown
9 grand
9 handl
9 hook
9 hut
9 idiot
9 king'
9 loafer
9 majesti
9 meal
9 missouri
9 monstrou
9 move
9 nation
9 needn't
9 nonesuch
9 orgi
9 pack
9 parlor
9 plain
9 privat
9 provid
9 rascal
9 ring
9 roun'
9 sack
9 sail
9 small
9 smouch
9 south
9 star
9 stern
9 sun
9 sunday-school
9 susan
9 swim
9 thunder
9 toler
9 tramp
9 trap
9 trust
9 uv
9 watchman
9 yit
8 a-com
8 afternoon
8 apiec
8 asham
8 astonish
8 ax
8 baggag
8 bed-leg
8 bottl
8 branch
8 bring
8 bulli
8 captain
8 chase
8 chin
8 cost
8 court
8 coward
8 crick
8 curiou
8 dem
8 dim
8 empti
8 fall
8 farm
8 feud
8 follow
8 forward
8 garden
8 goshen
8 grass
8 hair-bal
8 hank
8 happi
8 heap
8 heavi
8 hill
8 how'd
8 ignor
8 inscript
8 iron
8 itch
8 jail
8 jug
8 ketch
8 lift
8 lynch
8 main
8 marri
8 mistak
8 moan
8 more'n
8 mum
8 new
8 out'n
8 pa
8 passag
8 poetri
8 powwow
8 ransom
8 rattl
8 red
8 roger
8 rose
8 rubbag
8 scatter
8 scrabbl
8 scream
8 sea
8 seventeen
8 sharp
8 shovel
8 sixteen
8 slouch
8 smash
8 snag
8 snake-skin
8 sollermun
8 soul
8 splendid
8 stephen
8 sundai
8 testament
8 texa
8 timber
8 tore
8 tough
8 whack
8 wife
8 wore
8 worst
7 'at
7 'd
7 'low
7 'n
7 'stead
7 --that'
7 a-holt
7 and--
7 aroun'
7 author
7 b'liev
7 back
7 bear
7 bein'
7 bench
7 bright
7 broad
7 brought
7 bulg
7 butter
7 button
7 calico
7 candlestick
7 carpet-bag
7 charg
7 chip
7 clap
7 climb
7 cloud
7 common
7 compani
7 conscienc
7 cottonwood
7 crazi
7 deck
7 deef
7 disturb
7 do'
7 doubl
7 draw
7 drove
7 druther
7 duke'
7 farmer
7 fight
7 fly
7 fork
7 fresh
7 gentl
7 goin'
7 handsom
7 harnei
7 heav
7 hello
7 henri
7 hound
7 iii
7 inch
7 jackson
7 joi
7 join
7 juliet
7 k'n
7 keep
7 knife
7 lean-to
7 lemm
7 lookout
7 los'
7 low-down
7 manag
7 meat
7 mustn't
7 needl
7 nohow
7 noth'n
7 packard
7 palac
7 pap'
7 path
7 peep
7 pig
7 pint
7 plank
7 plantat
7 pleas
7 pooti
7 print
7 promis
7 rail
7 rattlesnak
7 romeo
7 roof
7 see
7 shine
7 si
7 skin
7 smart
7 snatch
7 sneak
7 sophia
7 spare
7 spell
7 spoke
7 spring
7 squeez
7 stage
7 stoop
7 strang
7 swarm
7 swum
7 tail
7 teeth
7 thank
7 thin
7 third
7 thirty-seven
7 to-night
7 tobacco
7 travel
7 trip
7 trunk
7 twelv
7 undertak
7 vine
7 vittl
7 wast
7 wave
7 where'
7 widow'
7 wink
7 wive
7 woodpil
7 ye
7 yuther
6 'twa
6 --
6 a-gwyn
6 a-rab
6 ash
6 aunti
6 b'fo'
6 bent
6 bibl
6 bigger
6 bot
6 bought
6 broken
6 brung
6 bug
6 built
6 bunch
6 bundl
6 ca'm
6 camp-meet
6 case
6 coffe
6 corps
6 couldn'
6 creep
6 danc
6 decid
6 dowl
6 drive
6 eleph
6 eleven
6 elexand
6 f'r
6 fact
6 ferri
6 field
6 finger
6 first-rat
6 flash
6 flat
6 forehead
6 forev
6 fortun
6 fourteen
6 freedom
6 frock
6 glimps
6 grave
6 green
6 hamlet'
6 haul
6 hop
6 hotchkiss
6 hove
6 jack
6 jam
6 jaw
6 journal
6 joy
6 kep'
6 lamp
6 lan'
6 lothrop'
6 mask
6 match
6 meddl
6 meet
6 mention
6 miser
6 moral
6 music
6 neighbor
6 nigger'
6 nigh
6 nobl
6 offer
6 on'i
6 ourn
6 outrag
6 own
6 peg
6 people'
6 pistol
6 piti
6 plug
6 plumb
6 pour
6 preach
6 repres
6 richard
6 rise
6 robinson
6 roust
6 sale
6 sarah
6 sawyer'
6 seat
6 shade
6 shiver
6 sigh
6 singl
6 skift
6 slave
6 slim
6 sober
6 sore
6 spot
6 steadi
6 stile
6 string
6 sun-up
6 swear
6 swell
6 swift
6 sword
6 tackl
6 tar
6 that-air
6 thrash
6 tipto
6 tongu
6 tow
6 trade
6 tragedi
6 trash
6 tumbl
6 turner
6 uncommon
6 underneath
6 upper
6 warn
6 watson'
6 wet
6 whirl
6 yaller
5 'f
5 'kase
5 'wai
5 --what
5 a-comin'
5 abner
5 abreast
5 alongsid
5 amen
5 anywher
5 arkansaw
5 arter
5 ast
5 awluz
5 b'long
5 balum
5 bekas
5 blaze
5 blubber
5 bluff
5 boss
5 box
5 brash
5 britch
5 brother'
5 brush
5 build
5 buri
5 captiv
5 case-kn
5 case-knif
5 cash
5 chalk
5 channel
5 cheer
5 cipher
5 clip
5 clock
5 collect
5 comb
5 corn-pon
5 cretur
5 cubbi
5 curl
5 dad
5 daughter
5 daybreak
5 dern
5 dese
5 despis
5 dey'd
5 directli
5 disappoint
5 diseas
5 doin'
5 down-stream
5 dr
5 drat
5 drink
5 duck
5 dumb
5 duti
5 elbow
5 emmelin
5 everywher
5 feet
5 file
5 flower
5 fold
5 french
5 gap
5 gaudi
5 ghost
5 glare
5 grate
5 graveyard
5 greasi
5 grumbl
5 hairi
5 handbil
5 harem
5 his'n
5 hit
5 hooker
5 how'
5 huckleberri
5 hump
5 hund'd
5 husband
5 hustl
5 imit
5 islan'
5 k'yer
5 kean
5 lane
5 left-hand
5 levi
5 limb
5 loaf
5 london
5 lucki
5 ma
5 march
5 mayn't
5 meant
5 mill
5 missu
5 mob
5 mose
5 nat
5 no'm
5 nonnam
5 north
5 nuffn
5 object
5 obleeg
5 one-hors
5 opinion
5 other'
5 owner
5 peac
5 perfect
5 person'
5 phelps'
5 practic
5 prime
5 prove
5 racket
5 ridg
5 ringmast
5 rod
5 rot
5 rotten
5 sand
5 sass
5 sawdust
5 scoop
5 scrape
5 search
5 sha'n't
5 shame
5 shanti
5 sheep
5 sheffield
5 shet
5 show
5 sin
5 size
5 slam
5 slap
5 slaveri
5 slick
5 sly
5 smooth
5 snap
5 snore
5 soliloqui
5 sorrow
5 sot
5 sour
5 spark
5 spend
5 spin
5 stack
5 stare
5 stateroom
5 stomach
5 stream
5 suck
5 suffer
5 summer
5 sunk
5 swamp
5 swap
5 sweep
5 tall
5 there'd
5 thirty-f
5 throat
5 tilt
5 toe
5 trembl
5 trial
5 vote
5 waltz
5 we'
5 wheel
5 yarn
5 yer
4 'deed
4 a--
4 a-stand
4 acknowledg
4 acrost
4 actuli
4 advantag
4 advis
4 afford
4 afir
4 agre
4 aground
4 aim
4 alik
4 ankl
4 anxiou
4 apart
4 ash-hopp
4 averag
4 awkward
4 bacon
4 baldhead
4 ball
4 bare
4 bark
4 basket
4 bath
4 began
4 behin
4 bitter
4 blest
4 blind
4 body'
4 brain
4 breez
4 brer
4 bridgewat
4 buck'
4 burn
4 cabbag
4 cain
4 calf
4 cane
4 carcass
4 carpet
4 catfish
4 cattl
4 cavort
4 charact
4 cheek
4 cincinnati
4 claw
4 coars
4 col
4 color
4 confid
4 considerbl
4 conveni
4 corn
4 cousin
4 cowhid
4 cramp
4 crippl
4 dawn
4 declar
4 deni
4 deserv
4 dialect
4 dining-room
4 dirti
4 distanc
4 distress
4 drank
4 drip
4 en'
4 evas
4 everybody'
4 exactli
4 expens
4 explor
4 fate
4 fess
4 fist
4 fitten
4 flour
4 fo'
4 forgit
4 fourth
4 fren'
4 fret
4 friendli
4 frill
4 frog
4 furnish
4 fuss
4 fust
4 game
4 garrick
4 geni
4 goo-goo
4 good-by
4 greas
4 groan
4 guard
4 hack
4 hail
4 half-past
4 han'
4 handkerchief
4 hark
4 harper
4 harrow
4 harvey'
4 hei
4 hillsid
4 hine
4 hive
4 hobson
4 honor
4 humbl
4 hunk
4 i-
4 indian
4 invent
4 it--and
4 jackson'
4 jake
4 jane'
4 ji
4 jing
4 jo
4 journei
4 judgment
4 kase
4 kick
4 killin'
4 knive
4 lamb
4 land'
4 lap
4 las'
4 lath
4 leak
4 learnt
4 lectur
4 like
4 lord
4 lordi
4 lunch
4 m'am
4 mam
4 mate
4 me-yow
4 mean
4 mightn't
4 mixed-up
4 mornin'
4 mud
4 mysteri
4 nap
4 need
4 niec
4 nostril
4 odd
4 offic
4 ohio
4 oldest
4 ouch
4 paid
4 parson
4 part
4 paw
4 peck
4 pencil
4 pewter
4 pi
4 pine
4 pison
4 pore
4 pork
4 pranc
4 price
4 profit
4 prowl
4 public
4 push
4 qualiti
4 rabbit
4 ransack
4 reform
4 relat
4 res'
4 respect
4 rous
4 rusti
4 rustl
4 sad
4 saddl
4 satisfactori
4 scene
4 serv
4 servant-girl
4 share
4 ship
4 sho'
4 silent
4 silver
4 sink
4 skase
4 slab
4 sleepi
4 sling
4 small-pox
4 smell
4 smelt
4 sob
4 soften
4 soldier
4 solomon
4 som'er
4 somebody'
4 spanish
4 spos'n
4 stabboard
4 stori
4 strong
4 sun-bonnet
4 sundown
4 superintend
4 swallow
4 tame
4 tanyard
4 temper
4 territori
4 them'
4 tiresom
4 toback
4 tole
4 tool
4 tote
4 tow-head
4 trick
4 trot
4 tryin'
4 twenty-f
4 twist
4 uncomfort
4 up-stream
4 usual
4 wear
4 wher'
4 whisker
4 wick
4 widder
4 window-hol
4 wit
4 woke
4 wrist
4 wunst
4 xvi
4 yawl
4 year'
4 yes'm
4 yourn
3 'chop
3 'dout
3 'spec
3 'spute
3 'tain't
3 'ud
3 --how
3 --that
3 a-bil
3 a-goin'
3 a-look
3 a-near
3 a-sayin'
3 a-stannin'
3 abus
3 accid
3 advertis
3 alarm
3 altogeth
3 angel
3 anim
3 apron-pocket
3 aristocraci
3 arriv
3 awn
3 backward
3 balconi
3 bartlei
3 becuz
3 bee
3 behav
3 belt
3 bile
3 blister
3 bolt
3 bone
3 bounc
3 brace
3 brave
3 breed
3 brick
3 bridl
3 brisk
3 brown
3 buckskin
3 bud
3 bullyrag
3 bunker
3 camel
3 cannon
3 caper
3 carv
3 castl
3 celebr
3 cert'nli
3 chanst
3 charlott
3 chill
3 chillen
3 china
3 chuckl
3 cler
3 clown
3 cock
3 coffee-pot
3 collar
3 colonel
3 complic
3 concern
3 condit
3 confound
3 correct
3 costum
3 cotton
3 cough
3 creek
3 crockeri
3 cup
3 cylinder-head
3 dah'
3 damp
3 dangersom
3 dare
3 dauphin
3 deacon
3 deceiv
3 deffisit
3 di'mond
3 dime
3 disappear
3 disguis
3 disgust
3 dismal
3 doan
3 doctor'
3 doggeri
3 doubt
3 dougla
3 doze
3 driftwood
3 droop
3 druri
3 dungeon
3 earnest
3 earth
3 easier
3 east
3 eleg
3 engin
3 englishman
3 estat
3 exact
3 examin
3 eyebrow
3 fag
3 faint
3 fan
3 fashion
3 fasten
3 faster
3 fed
3 feed
3 fer
3 fidget
3 fidgeti
3 fill
3 fit
3 flew
3 fli
3 flock
3 fox-fir
3 frame
3 froze
3 fumbl
3 funni
3 gain
3 garret
3 gasp
3 gaze
3 gentleman'
3 george'
3 gnaw
3 gourd
3 grit
3 grow
3 hadn'
3 half-wai
3 hall
3 handiest
3 harbor
3 hatchet
3 healthi
3 hearn
3 hearti
3 heaven
3 hero
3 hint
3 hire
3 hoist
3 holidai
3 horn
3 hoss
3 hotter
3 huck'
3 huffi
3 human
3 huski
3 i--
3 impud
3 inform
3 ink
3 innoc
3 inquir
3 intend
3 invest
3 invit
3 it--you
3 iv
3 jabber
3 jacket
3 jawg
3 jean
3 jerk
3 jews-harp
3 joe
3 jolt
3 juliet'
3 kingdom
3 kneel
3 knot
3 lake
3 larg
3 lawsuit
3 leaf
3 leastwai
3 len'
3 length
3 liar
3 lip
3 list
3 litter
3 liver
3 lize
3 lo
3 lump
3 magician
3 mash
3 mawnin'
3 medicin
3 mellow
3 memori
3 met
3 mississippi
3 mister
3 misto
3 moment
3 moss
3 motion
3 motto
3 mysef
3 nake
3 name'
3 narrow
3 navig
3 necess
3 nest
3 nineteen
3 nod
3 nowai
3 nowher
3 numskul
3 nut
3 oath
3 ocean
3 one'
3 opposit
3 or--
3 outfit
3 overflow
3 pallet
3 pant
3 partli
3 patienc
3 patient
3 pew
3 picnic
3 pin
3 piou
3 pitch
3 plant
3 platform
3 pleasant
3 post-offic
3 pound
3 press
3 princip
3 printer
3 prisoner'
3 process
3 pump
3 quarrel
3 raff
3 raftsman
3 rage
3 ram
3 rank
3 rat-hol
3 ratti
3 record
3 remaind
3 reviv
3 right-
3 roar
3 roost
3 root
3 ruffl
3 rummag
3 s'e
3 sally'
3 sarcast
3 satisfact
3 sawmil
3 scorn
3 scoundrel
3 scour
3 scow
3 scrambl
3 seed
3 seegar
3 senc
3 separ
3 sermon
3 setting-room
3 sh-she
3 shackleford
3 shadow
3 shape
3 shed
3 shingl
3 shini
3 shoe
3 sholi
3 shutter
3 sick-room
3 sickli
3 sift
3 signal
3 silas'
3 simpl
3 sivil
3 sixti
3 skylight
3 slant
3 smoke-hous
3 snack
3 snow
3 song
3 sooner
3 soun'
3 southern
3 special
3 speck
3 specul
3 spite
3 splinter
3 split
3 split-bottom
3 sprung
3 stagger
3 stan'
3 stapl
3 stead
3 steam
3 steep
3 steering-oar
3 stomach-ach
3 straighten
3 strain
3 strength
3 strung
3 sublim
3 such-lik
3 sugar
3 swab
3 swore
3 sympathi
3 tale
3 talkin'
3 tan
3 tangl
3 tattoo
3 thar
3 thatcher'
3 theater
3 theatr
3 thickest
3 thing'
3 thinnest
3 thous'n'
3 thy
3 to-dai
3 to-morrow
3 tooth
3 tragedian
3 tribe
3 trod
3 troublesom
3 tub
3 tug
3 understood
3 ungrat
3 unlock
3 unregular
3 up
3 up-town
3 upstair
3 wade
3 war
3 warming-pan
3 watcher
3 water-moccasin
3 weaken
3 weav
3 weed
3 whar
3 whip
3 whitewash
3 wilks
3 wilks'
3 wipe
3 wise
3 wood-rank
3 wooden
3 worn
3 wrack
3 xiv
3 y'r
3 yaller-boi
3 younger
2 'cuz
2 'fetch
2 'fo'
2 'fraid
2 'im
2 'it'
2 'lizabeth
2 'mongst
2 'nough
2 'sturb
2 'um
2 --can't
2 --or
2 --tell
2 --the
2 --which
2 --why
2 a-boom
2 a-cri
2 a-do
2 a-drinkin'
2 a-fli
2 a-float
2 a-hold
2 a-horseback
2 a-hunt
2 a-mumbl
2 a-rag
2 a-reel
2 a-run
2 a-sai
2 a-shak
2 a-smil
2 a-trembl
2 a-visit
2 a-whoop
2 a-wond
2 ab
2 above-board
2 abram
2 absent-mind
2 acquaint
2 action
2 addl
2 admiss
2 adolphu
2 advic
2 afear
2 aft
2 aggrav
2 agwyn
2 amaz
2 ambuscad
2 ammunit
2 an'
2 ann
2 appl
2 apthorp
2 archibald
2 argu
2 armpit
2 art
2 as--
2 astraddl
2 attend
2 attent
2 audienc
2 aunt'
2 awning-post
2 baa
2 babi
2 barefoot
2 barlow
2 barn
2 battl
2 bead
2 beatenest
2 bedstead
2 befo'
2 begon
2 berri
2 berth
2 bes'
2 betrai
2 betsi
2 better'n
2 biggest
2 biler-factri
2 birth
2 biscuit
2 blank
2 blast
2 bleed
2 bob'
2 bondag
2 bonnet
2 booth'
2 border
2 borry'd
2 boston
2 boun'
2 brain-fev
2 braver
2 breakfast-
2 breas'
2 brew
2 brickbat
2 bricksvil
2 brisker
2 britches-pocket
2 brows
2 brute
2 bucket
2 buckl
2 bull
2 bulrush
2 burnt
2 burton
2 but--
2 buttermilk
2 bymebi
2 cain't
2 calcul
2 camp--meet
2 campaign
2 capet
2 captain'
2 card
2 carpent
2 cat-nap
2 caught
2 cheap
2 chest
2 chink
2 chisel
2 choos
2 christma
2 chucklehead
2 circumst
2 circus
2 claim
2 clasp-knif
2 clatter
2 clerk
2 clew
2 closest
2 closet
2 clothes-lin
2 clump
2 coat-pocket
2 coax
2 cob
2 commenc
2 complain
2 complexion
2 compliment
2 consequ
2 constant
2 content
2 contriv
2 convinc
2 cordwood
2 corn-shuck
2 counti
2 courag
2 crabappl
2 craft
2 cram
2 credit
2 crew
2 crope
2 cross-hal
2 cupboard
2 cure
2 curios
2 curtain-calico
2 custom
2 cypress
2 d'
2 damrel
2 dangl
2 darken
2 darker
2 dash
2 day'
2 dead-beat
2 decent
2 deffersit
2 degrad
2 deliber
2 depend
2 desper
2 difficult
2 difficulti
2 direct
2 discov
2 disgrac
2 dish
2 disposit
2 disrememb
2 distinct
2 divid
2 dog-tir
2 dollars'
2 dough
2 dove
2 draft
2 driver
2 drown
2 dud
2 dummi
2 dump
2 dunlap
2 dust
2 dusti
2 dy
2 eager
2 edmund
2 egg
2 elder
2 enemi
2 engag
2 english
2 enjoi
2 entir
2 entitl
2 evenin'
2 everything'
2 experi
2 explan
2 f'm
2 fals
2 fan-tod
2 fas'
2 fat
2 father'
2 feather-b
2 fend
2 fever
2 feverish
2 finish
2 fish-lin
2 five-cent
2 flathead
2 flatteri
2 flicker
2 fling
2 flitter
2 flutter
2 fogiv
2 forc
2 form
2 foun'
2 foundat
2 four
2 franc
2 freckl
2 free--and
2 free--m
2 freight
2 frenchman
2 freshen
2 fri
2 friendless
2 frown
2 furnac
2 g'yirl
2 gabbl
2 gal
2 gallop
2 gape
2 gather
2 generl
2 genlmen
2 gether
2 gift
2 gill
2 girl'
2 girls'
2 glanc
2 glass
2 god
2 going-ov
2 goody-goodi
2 gradual
2 grandmoth
2 granni
2 grape
2 gray-head
2 great-grandfath
2 greek
2 grief
2 griev
2 grind
2 grip
2 guardian
2 gwinet
2 h-yer
2 ha'nt
2 handwrit
2 harmless
2 harri
2 havin'
2 he'p
2 he--
2 hebrew
2 heir
2 hel-
2 hell
2 hickry-bark
2 hicksvil
2 high-ton
2 higher
2 highland
2 hind
2 hip
2 histori
2 histrion
2 hollow
2 holt
2 hookervil
2 hornback
2 horribl
2 horsesho
2 hospit
2 hotel
2 hovei
2 howdi
2 howdy-do
2 hub
2 hum
2 humbug
2 hunch
2 husband'
2 hymn
2 i'll--
2 i--wel
2 ic
2 ii
2 ik
2 imagin
2 includ
2 indeedi
2 infant
2 infern
2 instinct
2 interfer
2 inves'
2 investig
2 iron-jaw
2 is--
2 is--and
2 it--al
2 it--everi
2 it--it
2 it--which
2 ix
2 jack'
2 jack-o'-lantern
2 jackass
2 jedg
2 jericho
2 jes'
2 jimpson
2 jingl
2 juice-harp
2 kag
2 kiner
2 kiver
2 knew
2 knit
2 know--and
2 labboard
2 lafayett
2 lawsi
2 layer
2 layin'
2 leather
2 leather-head
2 lend
2 let'
2 lighten
2 linen
2 link
2 log-hous
2 loll
2 long'
2 looi
2 lordship
2 loss
2 louder
2 louisvil
2 lower
2 luck'
2 lug
2 lung
2 ly
2 makin'
2 manner
2 master
2 me-
2 me--don't
2 meanest
2 measl
2 meek
2 melt
2 mesmer
2 mess
2 messag
2 mf
2 middai
2 milk
2 misfortun
2 missionari
2 mistaken
2 moat
2 money-bag
2 monthli
2 moonlight
2 moor
2 mosei
2 mother'
2 mourner
2 mourners'
2 mournin'
2 muddi
2 muffl
2 muggin
2 mullen
2 mullen-stalk
2 mush
2 mushmelon
2 nativ
2 nearer
2 nemmin
2 never--
2 new-com
2 newspap
2 nice-look
2 nichol
2 nichols'
2 nightcap
2 noon
2 noth'n'
2 nudg
2 o'er
2 oak
2 obsequi
2 off'n
2 old-fashion
2 once--you'l
2 one-laig
2 onion
2 ordinari
2 orphan
2 oughtn't
2 out--and
2 out-and-out
2 outrun
2 owdaci
2 owl
2 p'simmon
2 pa'
2 padlock
2 parcel
2 pardon
2 pari
2 parker
2 parrot
2 passel
2 passeng
2 pat
2 patch
2 peel
2 pepper
2 perform
2 persuad
2 petersburg
2 phrenolog
2 pike
2 pikesvil
2 pilot
2 pilot-hous
2 pinch
2 played-out
2 pleasur
2 plunkety-plunk
2 polit
2 porch
2 pot
2 potato
2 pow
2 pow'
2 prais
2 prayer
2 prepar
2 preserv
2 presum
2 pretend
2 prettiest
2 principl
2 proctor
2 prompt
2 prop
2 properli
2 protect
2 pulpit
2 punkin-head
2 puzzl
2 queen
2 quicker
2 quicksilv
2 quilt
2 race
2 rafter
2 rake
2 rang
2 raspi
2 rate
2 rattlesnake-skin
2 reck'n'd
2 recollect
2 red-head
2 red-hot
2 redden
2 reef
2 reglar
2 regul
2 reticul
2 rev
2 reverend
2 rhyme
2 rid
2 ridicul
2 rightli
2 ripe
2 ripper
2 robberi
2 rocki
2 rosamun
2 roundabout
2 royalti
2 rucker
2 ruin
2 rule
2 rumbl
2 runnin'
2 ruput
2 s'i--
2 saddle-baggs
2 sailor'
2 salari
2 saphead
2 sat
2 saul
2 saw-log
2 scamp
2 scandal
2 scari
2 scold
2 scrap-book
2 screw
2 scroug
2 sech
2 sejest
2 senesk
2 sever
2 sew
2 sh
2 sh'd
2 shackli
2 shakespear
2 shaksperean
2 shave
2 sheep-sign
2 sherburn'
2 shingle-nail
2 shot-tow
2 shrivel
2 sicken
2 silki
2 silli
2 sinist
2 skillet
2 skim
2 sleev
2 slink
2 slop
2 sluic
2 slunk
2 smilin'
2 smuggl
2 snake'
2 so-
2 soap
2 sociabl
2 something'
2 sorter
2 sow
2 spaniard
2 spec
2 speckl
2 spideri
2 spoil
2 sport
2 spread-eagl
2 spy
2 squeak
2 squirm
2 squirt
2 sqush
2 starchi
2 starv
2 stealthi
2 stiff
2 still
2 sting
2 stomp
2 stove-pip
2 strawberri
2 strawbri
2 stretcher
2 stroke
2 stuf
2 stupid
2 succeed
2 sufferin'
2 sumf'n
2 sumfn
2 sunday-lik
2 support
2 suppos
2 suspici
2 sweati
2 sweeten
2 sweetest
2 swing
2 swung
2 tag
2 tallow
2 tanner
2 tavern
2 tediou
2 ten-foot
2 tend
2 tent
2 term
2 terribl
2 thee
2 thicken
2 thicker
2 thicket
2 thiev
2 thigh
2 thimbl
2 thing--that
2 thinkin'
2 thoo
2 thous'n
2 threaten
2 three-quart
2 thrill
2 thump
2 ticket
2 tige
2 times--and
2 titl
2 to--
2 torchlight
2 torn
2 toss
2 toughest
2 tow-linen
2 trader
2 trading-scow
2 tramp--tramp--tramp
2 tribut
2 trim
2 turnip
2 twain
2 twenty-dollar
2 twinkl
2 ty
2 ugli
2 uncle'
2 unhitch
2 unknown
2 unti
2 up-bound
2 up-stair
2 upward
2 vallei
2 valuabl
2 vi
2 vii
2 viii
2 wad
2 wag
2 wail
2 warbl
2 washington
2 way--and
2 weak
2 weigh
2 wench
2 west
2 where'd
2 whereabout
2 whichev
2 whisky-jug
2 whizz
2 whooping-cough
2 wicked
2 widout
2 william'
2 wilt
2 win
2 winter
2 woman'
2 women'
2 won
2 wood-flat
2 wood-pil
2 wood-yard
2 woodi
2 wool
2 word--just
2 wound
2 wrap
2 wrench
2 wuth
2 xi
2 xii
2 xiii
2 xix
2 xl
2 xli
2 xlii
2 xv
2 xvii
2 xviii
2 xx
2 xxi
2 xxii
2 xxiii
2 xxiv
2 xxix
2 xxv
2 xxvi
2 xxvii
2 xxviii
2 xxx
2 xxxi
2 xxxii
2 xxxiii
2 xxxiv
2 xxxix
2 xxxv
2 xxxvi
2 xxxvii
2 xxxviii
2 yawn
2 yellocut
2 yellow
2 yes--regular
2 yet-
2 you-
1 '-
1 '--in
1 'bove
1 'count
1 'creas
1 'dern
1 'doan'
1 'em'
1 'em--thei
1 'everybody'
1 'for
1 'ford
1 'go
1 'heel
1 'i
1 'lection
1 'live
1 'lone
1 'lynch
1 'member
1 'no
1 'oh
1 'prentic
1 're
1 'ring
1 'shet
1 'sid
1 'son
1 'spect
1 't'
1 'tell
1 'terpret
1 'that
1 'the
1 'they'v
1 'thout
1 'twarn't
1 'v
1 'what
1 'why
1 --'deed
1 --ain't
1 --boat
1 --bum
1 --but
1 --come
1 --d'
1 --de
1 --en
1 --er
1 --give
1 --got
1 --hi
1 --hous
1 --how'
1 --i
1 --in
1 --it
1 --lai
1 --land
1 --leggo
1 --mean
1 --now
1 --oh
1 --old
1 --oldish
1 --quick
1 --s'i
1 --s'pose
1 --sech
1 --sign
1 --so
1 --thei
1 --to
1 --toss
1 --up
1 --we'll
1 --who
1 --will
1 --wouldn't
1 --you
1 --your
1 -bye
1 -thiev
1 10
1 200
1 25
1 300
1 a-a-
1 a-bark
1 a-beam
1 a-bear
1 a-beg
1 a-bilin'
1 a-blaz
1 a-blow
1 a-blubb
1 a-both
1 a-brag
1 a-branch
1 a-brew
1 a-buyin'
1 a-carryin'
1 a-charg
1 a-chaw
1 a-chip
1 a-clutt
1 a-cryin'
1 a-cuss
1 a-drink
1 a-fight
1 a-fish
1 a-freezn'
1 a-front
1 a-fumbl
1 a-gain
1 a-gitt'n
1 a-giv
1 a-goin
1 a-going'
1 a-growin'
1 a-growl
1 a-ha'nt
1 a-helpin'
1 a-howl
1 a-hummin'
1 a-jaw
1 a-lai
1 a-laugh
1 a-lean
1 a-linkin'
1 a-listen
1 a-listenin'
1 a-loaf
1 a-lookin'
1 a-mak
1 a-moon
1 a-movin'
1 a-nigh
1 a-patchin'
1 a-paw
1 a-plenti
1 a-plung
1 a-pranc
1 a-prowl
1 a-purpos
1 a-quak
1 a-rip
1 a-risin'
1 a-rol
1 a-running'
1 a-sail
1 a-sayin'--pass
1 a-scrap
1 a-shout'n'
1 a-slid
1 a-slip
1 a-snor
1 a-snuffl
1 a-spin
1 a-sprawlin'
1 a-stir
1 a-studi
1 a-swel
1 a-swing
1 a-talkin'
1 a-tear
1 a-tel
1 a-think
1 a-threaten
1 a-treat'n
1 a-tremblin'
1 a-tri
1 a-trickl
1 a-trust
1 a-wai
1 a-wand
1 a-want
1 a-watch
1 a-weav
1 a-whimp
1 a-whirl
1 a-whoopin'
1 a-wip
1 ab'litionist
1 aboard--clumb
1 abolitionist
1 abroad
1 ach
1 acquit
1 across--a
1 adag
1 adam--h
1 add
1 admir
1 adopt
1 advanc
1 advance--so
1 adventure--that'
1 affairs--if
1 afflict
1 affront
1 afoot
1 afraid--nobody'l
1 african
1 ag
1 again-
1 again--
1 again--and
1 again--it
1 again--stil
1 again--tel
1 again--til
1 again--which
1 ago--mayb
1 agreement
1 ahead-
1 ain't--obsequi
1 air--bang
1 airi
1 airs--thei
1 alassin'
1 all-
1 all--nor
1 all--so
1 all--that
1 all--that'
1 all--what
1 allei
1 allycumpain
1 aloft
1 alone--and
1 alter
1 aluz
1 always-
1 alwuz
1 amaz'n
1 amaz'n'
1 ambush
1 america
1 amighti
1 amost
1 amput
1 amus
1 ancest
1 ancestor
1 and'll
1 and-
1 and--and--and
1 and--but
1 and--wel
1 andi
1 anear
1 angelina
1 another--and
1 antonett
1 anxieti
1 anybody'
1 anyway-
1 anyway--and
1 anywh
1 anywheres--perfectli
1 apiece--al
1 apolog
1 appoint
1 appreci
1 approv
1 apron
1 apron-str
1 apthorps--which
1 arab--but
1 araminta
1 are--
1 ark
1 arkansaw--nev
1 arm--
1 armand
1 armi
1 armor
1 around--but
1 around--except
1 arrang
1 arrow
1 arrow--that'
1 articl
1 ascend
1 ash-pil
1 asho'
1 asleep--and
1 asleep--he'
1 ass
1 assist
1 astonishin'
1 astronom
1 at--
1 attitud
1 attract
1 audience--and
1 awak
1 away-
1 away--or
1 away--trad
1 awfulest
1 awreadi
1 awri
1 azur
1 b-
1 babtis'
1 baby--it'
1 back-
1 back--if
1 back--w
1 back-down
1 backwood
1 bad-
1 badli
1 bail
1 bait
1 bake
1 baker'
1 bald
1 bald-head
1 baldi
1 balditud
1 balum'
1 balum-
1 bandag
1 bank'
1 bank--about
1 baptist
1 bare-head
1 barehead
1 baron
1 barrel-hoop
1 base
1 bash
1 baton
1 battered-up
1 battlement
1 be
1 be--
1 be--boi
1 be--you
1 beard
1 beast
1 beat--
1 beatenes'
1 beauty--and
1 beaver
1 because--
1 bed--fellow
1 bedcloth
1 bedquilt
1 bedroom
1 bedtim
1 beehiv
1 beeswax
1 before--black
1 before--tel
1 behold
1 belch
1 believes--let
1 bell--
1 bellow
1 ben'
1 beneath
1 benefactor
1 benjamin
1 benvenuto
1 bequest
1 bessi
1 better-
1 bewar
1 bid
1 bidder
1 big-bug
1 bilg
1 bilin
1 bill'
1 billion
1 bills--and
1 biographi
1 birnam
1 birth--
1 birthdai
1 bitt
1 black--no
1 blackberri
1 blackest
1 blackest--
1 blackguard
1 blam
1 blatter
1 blessedest
1 blether
1 blim-blammin'
1 blinder
1 blindfold
1 blink
1 blithesom
1 block
1 blodgett
1 blodgett-
1 blodgett--
1 blood-curdl
1 bloom
1 blossom
1 blot
1 blue-arrow
1 blue-black
1 bluejai
1 bluest
1 bo'd'n-hous
1 bodkin
1 bofe
1 bogu
1 bolthead
1 boo-hoo
1 book-
1 book--mean
1 book--which
1 book-mark
1 boom--boom--boom--twelv
1 boot-heel
1 boot-top
1 bore
1 boss--ain't
1 botherin'
1 bothersom
1 bothr
1 bounden
1 bourn
1 bowi
1 boy'
1 boy--good-by
1 boy--keep
1 br--help
1 bradish
1 bradish'
1 brag
1 brai
1 bran-new
1 brandi
1 brass-band
1 brazen
1 breaker
1 breakfas'
1 breakfast-horn
1 breakfast-tim
1 breff
1 bridg
1 bright--it
1 bringing-up
1 brisken
1 bristl
1 broad-sword
1 broke--becaus
1 broken'--that'
1 broken-down
1 broomstick
1 brother--gon
1 brotherli
1 bub
1 buckner
1 buckshot
1 buil'
1 bull--you
1 bull-head
1 bulldog
1 bullfrog
1 bullier
1 bulliest
1 bum
1 bumble-umble-um-bum-bum-bum-bum--and
1 bummer
1 bureau
1 burglar
1 burglari
1 bushel
1 business--appear
1 business--which
1 business--y
1 but
1 butcher-knif
1 butt
1 butterfli
1 buttermilk--that
1 buzz
1 by--didn't
1 by--that
1 c'lumbu
1 cabin-light
1 calam
1 callin'
1 camp-meet'n'
1 camp-meetin'
1 can't--most
1 can--
1 cancer
1 candid
1 cane--th
1 cannelstick
1 cannib
1 cannon-smok
1 canoe'
1 canoe--it
1 cantelop
1 cap
1 capit
1 captur
1 careen
1 carelessest
1 carpet-stuff
1 carriag
1 cart
1 casanova
1 case-knife--and
1 cast-out
1 cat'
1 cat-tail-lookin'
1 catched--catch
1 catching--in
1 caterpillar
1 cautiou
1 cave-in
1 center-pol
1 cents'
1 centuri
1 certain
1 chair-back
1 charcoal
1 charl
1 charlemagn
1 charm
1 chart
1 cheat
1 check
1 cheek--but
1 cheeki
1 chelleeni
1 chevron
1 chewing-gum
1 chief
1 child'
1 children--children
1 chilli
1 chimbl
1 chimblei
1 chimbly-gui
1 chipper
1 chirrup
1 choic
1 choke
1 christoph
1 chuckle-head
1 chunk
1 churchyard
1 churn
1 chute
1 civil
1 clack
1 clah
1 clai
1 clan
1 clapboard
1 clay'
1 clayei
1 cle'r
1 cleanest
1 cleans
1 clear--eleven
1 clergi
1 clever
1 clo's-lin
1 clo'slin
1 clock--th
1 clog
1 close-fit
1 clost
1 clothes--just
1 clothes--veri
1 clotheslin
1 cloudbank
1 club
1 clumbus'
1 clutter
1 coal
1 coarse-hand
1 coas
1 coat--and
1 coat-tail
1 cold-chisel
1 colicki
1 colleg
1 collin
1 com--
1 come--and
1 come--everybodi
1 come--th
1 come--to
1 comedi
1 comedy--and
1 comfortable--didn't
1 comfortable--ther
1 comin'
1 committe
1 companionship
1 comparison
1 complaint
1 complet
1 comrad
1 conclud
1 confess
1 confidenti
1 conflict
1 congreg
1 congress
1 congress-wat
1 congress-water--in
1 connect
1 conqueror
1 consecut
1 conseken
1 considerin'
1 consulting--and
1 consumm
1 consumpt
1 contagion
1 contest
1 continent
1 contract
1 contrari
1 contrit
1 contum
1 convent
1 cooper-shop
1 copi
1 cork
1 corn-beef
1 corn-bread
1 corn-cob
1 corn-crib
1 corn-crust
1 corn-dodg
1 cornfield
1 coss
1 cot
1 couchant
1 couldn't--bank
1 couldst
1 count--anybodi
1 counter-pin
1 counterfeit
1 counterfeit-monei
1 court'n
1 cove
1 cow'
1 cowpath
1 crash
1 cravat
1 craw
1 crawfish
1 crawl--a
1 crawli
1 crayon
1 crazy--crazi
1 creat
1 creation
1 creepi
1 creetur'
1 crep'
1 crest
1 crime
1 crooked-handl
1 crossbon
1 cruel
1 cruis
1 crush
1 crust
1 cry-babi
1 cub
1 cuff
1 cur'u
1 curled-up
1 curli
1 currant
1 currenc
1 currrent
1 curry-comb
1 curs
1 cussedest
1 customari
1 cutthroat
1 d'ye
1 dab
1 dad-blame'
1 dad-fetchedes'
1 dadblamedest
1 dah--dat'
1 dainti
1 damrell--didn't
1 dan
1 dancett
1 dancing-school
1 dandi
1 dang
1 dar
1 dark--and
1 dark--which
1 darkish-pali
1 darl
1 dart
1 daughter'
1 david
1 day--onli
1 day--tim
1 day-tim
1 daylight--it
1 dazzl
1 dead--for
1 dead--you
1 deadli
1 deal--on
1 deari
1 debt
1 dec'd
1 decant
1 deck-hand
1 decor
1 deed
1 deep-laid
1 deeper
1 deeper--didn't
1 deepli
1 deer
1 deffisit--y
1 delai
1 delirium
1 den--it
1 dent
1 derrick
1 descend
1 describ
1 design
1 desperado
1 desprat
1 detect
1 deviltri
1 devoutli
1 dexter
1 dey'll
1 deyselv
1 diamond
1 dick
1 dicken
1 dictionari
1 did--'bout
1 die--which
1 diet
1 difference--just
1 diffunt
1 dilemma
1 dimmish
1 ding-bust
1 dingnation'
1 dipper
1 dis-yer
1 discipl
1 discourage'
1 discouraged-lik
1 discrimin
1 discuss
1 dispers
1 dissatisfi
1 dissent
1 dissip
1 distract
1 distressid
1 dive
1 dive'
1 dived--and
1 divining-rod
1 do
1 do--but
1 do--everybodi
1 do--he--wel
1 do--ther
1 documents--leastwai
1 dog--and
1 dog-collar
1 dog-fennel
1 dog-iron
1 dog-leg
1 dogs--circl
1 doll
1 dollars--and
1 dolphin
1 domesdai
1 domest
1 don
1 don't--you
1 donjon-keep
1 door--and
1 door--you
1 doors--but
1 doorstep
1 dooryard
1 dot
1 dot--paint
1 dote
1 double-barrel
1 double-hul
1 double-team
1 doughnut
1 down--afraid
1 down--y
1 down--you
1 down-heart
1 down-stair
1 downheart
1 doxolog
1 doxoloj
1 drag--and
1 drawer
1 drawl
1 drawli
1 dreami
1 drear
1 dressing-room
1 dried-up
1 drift-cano
1 drift-wood
1 drinkin'
1 drone
1 drot
1 drownded--you'
1 drug
1 drugged--now
1 drunkard
1 drygood
1 dudlei
1 duke--and
1 duke--answ
1 duke--y
1 dumb--en
1 duncan
1 dunsinan
1 duski
1 dwelling-hous
1 earl
1 earlier
1 earn
1 eas
1 eased-up
1 easiest
1 easy--
1 eav
1 eavesdrop
1 economi
1 edgewai
1 educ
1 edward
1 effus
1 eighth
1 eighty-seven
1 eldest
1 elect
1 ell
1 else'
1 embattl
1 ember
1 emmeline'
1 emperor'
1 enamel
1 enchant
1 encor
1 end
1 endur
1 england-
1 englishman--not
1 englishmen'
1 engrail
1 enjoy
1 enough--and
1 enough--hadn't
1 enough--put
1 enter
1 erysipla
1 estates--th
1 estim
1 europ
1 european
1 evad
1 evenin'--'bout
1 everlast
1 everlast'n
1 everybody--then
1 everything--and
1 everytim
1 evid
1 exampl
1 excus
1 exercis
1 exil
1 explanatori
1 expos
1 extra
1 extremest
1 eye-reach
1 f'rinstanc
1 face--it'
1 factori
1 faculti
1 fail
1 failur
1 faith
1 faithful
1 fallen
1 fambl
1 familiar
1 families--and
1 families--mostli
1 family-
1 family--than
1 fanci
1 fardel
1 farm-hous
1 farmer-preach
1 farmers'
1 fatch
1 fatherless
1 favor
1 fear
1 feet'll
1 fellow--a
1 felon
1 ferry-boat
1 ferry-land
1 ferryboat'
1 ferryman
1 fess--a
1 fetch'
1 few--an'
1 fiddl
1 fiddle-bow
1 fiddler
1 fifty-five--and
1 fifty-pound
1 fight--th
1 fight--unless
1 figur
1 final
1 finn'
1 fire--no
1 fire-fac
1 fireplac
1 first-class
1 fish-belli
1 fishing-lin
1 fishing-worm
1 fishlin
1 fix--for
1 flabbi
1 flag-pol
1 flann'l
1 flap
1 flapdoodl
1 flapper
1 flat-foot
1 flat-head
1 flatfoot
1 flatter
1 flaw
1 fled
1 flesh
1 flew--leastwai
1 flighti
1 flinder
1 flip
1 float'n
1 floor--an
1 floor--and
1 flop
1 fluster
1 flyin'
1 folks--hew
1 fond
1 fool'n
1 fool--ain't
1 foolishest
1 footlight
1 footstep
1 for'rard
1 for--hei
1 for--you
1 forenoon
1 forgiv
1 forlorn
1 forrard
1 forsook
1 fortress
1 forty-f
1 forty-four
1 forty-rod
1 foster
1 foster-
1 foster--and
1 foteen
1 fought
1 found'
1 four-gallon
1 fourteen--that'
1 frame-hous
1 frank
1 franklin
1 frauds--regular
1 frenchman'
1 fretta
1 fridai
1 friend'
1 friendship'
1 frivolish
1 from--
1 frowzy-head
1 frum
1 fry
1 frying-pan
1 fst
1 fum
1 funeral--w
1 funniest
1 furder--it'
1 furi
1 furrin
1 further--so
1 g'long
1 g'yarter-snak
1 g-e-o-r-g-
1 gai
1 galley-west
1 galluses--no
1 galoot
1 gar
1 garter
1 garter-snak
1 gashli
1 gate
1 gaudier
1 gaudiest
1 gees
1 geewhillikin
1 genlman
1 genlman'
1 gent'
1 gentlemen--far
1 gentlemen--gentl
1 george's--which
1 getherin'
1 getting-up
1 ghos'
1 gilford
1 gin
1 gingerbread
1 gingham
1 girafft
1 git-out
1 gittn'
1 givin'
1 gladdest
1 glidingest
1 gloomi
1 gloriou
1 glove
1 glow
1 glow-worm
1 gobbl
1 goggl
1 gold-leaf
1 goliar
1 gone--that'
1 goner
1 goo-goo--goo-goo-goo
1 good-
1 good-dai
1 good-luck
1 good-mann
1 good-morn
1 good-natur
1 good-night
1 good-siz
1 goodnessgracioussak
1 googl
1 goos
1 goose-milk
1 goose-quil
1 gooseberri
1 goshen'
1 governor
1 grain
1 grandeur
1 granny--
1 grass-patch
1 grassi
1 greatest
1 greenhorn
1 greens--ther
1 grei
1 grope
1 groun'
1 ground--hard
1 grounding--that
1 grub
1 grunt
1 guesswork
1 gui
1 guidanc
1 guitar-box
1 gule
1 gulli
1 gumption
1 gunn'
1 gunnel
1 guns--th
1 gurgl
1 gust
1 gutter
1 gwynn
1 gywn
1 hagan
1 haggl
1 hain'
1 hair--not
1 half-a-man
1 half-a-man'
1 half-aft
1 half-dollar
1 half-mil
1 half-yearli
1 hallelujah
1 halt
1 halter
1 ham
1 hammer
1 hand--not
1 handcuff
1 handsome--and
1 hanker
1 hannah
1 hannel
1 hanner
1 hanner'
1 haphazard
1 happened--it
1 hard-look
1 harden
1 hardest
1 hare
1 hare-l--whi
1 harem'
1 harney'
1 harp
1 harrow-teeth
1 harum-scarum
1 harvey's--which
1 harvey--
1 harvey--and
1 hash
1 hast
1 hat--but
1 hat--if
1 hat-brim
1 hate
1 hatfield
1 haughti
1 have--h
1 haw-haw
1 hawk
1 hawking--just
1 haymarket
1 head'
1 head'--and
1 head--dat
1 head--it
1 head--thre
1 head-first
1 headlin
1 heads--it
1 headwai
1 heah'
1 heah--watch
1 heard--and
1 hearing--it
1 heart'
1 heart-broken
1 heat
1 heathen
1 heavy-heart
1 helish
1 heppin'
1 heptarchi
1 her--said
1 here--com
1 here--do
1 here--mind
1 here--plenti
1 here--y
1 hern
1 hick'ri
1 hickri
1 hid'n
1 hiding-plac
1 hifalut'n
1 highest
1 hightow
1 highwaymen
1 hilltop
1 him-
1 him--a
1 him--and
1 him--oh
1 him--thre
1 hines--and
1 hing
1 hinge--a
1 hisself
1 histron
1 hm
1 hocu
1 hoe
1 hog-driv
1 hogshead
1 hogwash
1 hole'
1 holi
1 holiest
1 holt--for
1 home
1 home--and
1 home--bett
1 home--h
1 home-knit
1 home-sick
1 homeless
1 homesick
1 honest--but
1 hookei
1 hooker'
1 hooki
1 hoorai
1 hopper
1 hornback'
1 hornback--
1 hornet'
1 hornet's-nest
1 hornpip
1 horriblest
1 horse-blanket
1 horse-ferri
1 horse-hair
1 horseback
1 hottest
1 houn'
1 hour'
1 house--and
1 house-ful
1 house-snak
1 housetop
1 hoverin'
1 how'm
1 huck-
1 huck--but
1 huck--d
1 huckleberry--set
1 huckleberry--whi
1 hue
1 hum--and
1 human--just
1 humor--so
1 hunderd
1 hurry--com
1 hurry--on
1 hurryin'
1 hurt--and
1 hussi
1 hymn-book
1 i'd--
1 i's
1 i'spec
1 i--en
1 i--such
1 i--that'
1 i--thought
1 ident
1 if-
1 ignorantest
1 illustr
1 illustri
1 imaginari
1 immort
1 impair
1 impati
1 imper
1 impostor--ha
1 in
1 in--and
1 in--that'l
1 inches--a
1 indent
1 independ
1 indiffer
1 indign
1 infant-
1 infant-schooliest
1 ingenious--und
1 ingot
1 initi
1 injur
1 innerds--jis'
1 innocent-look
1 innocentest
1 inscription--said
1 inshor
1 instanc
1 instruct
1 insurrect
1 intellectur
1 interested--and
1 interior
1 interpret
1 interrupt
1 intox
1 intrust
1 invect
1 irish
1 iron-rust
1 irreligi
1 irrig
1 is--a
1 is--it'
1 island'
1 issu
1 it's--
1 it-
1 it--but
1 it--don't
1 it--except
1 it--get
1 it--giv
1 it--go
1 it--hour
1 it--or
1 it--said
1 it--sh
1 it--stop
1 it--ther
1 it--what
1 it--wil
1 it--won't
1 j-a-x-o-n--ther
1 jab
1 jackstaff
1 jacques'
1 jame
1 jander
1 janeero
1 jawin'
1 jeesum
1 jefferson
1 jeruslem
1 jewelri
1 jews-harp'
1 jim-
1 jim--and
1 jim--did
1 jim--if
1 jim--ol
1 jim--poor
1 jimcrack
1 jimmi
1 jimmini
1 jingo
1 jint
1 joanna
1 joanna'
1 joanner
1 joggl
1 john
1 johnni
1 joint
1 joker
1 jolli
1 jour
1 judge'
1 judged--then
1 judith
1 judu
1 juic
1 juleri
1 juli
1 jumbl
1 june
1 junket
1 juri
1 k'chunk
1 k'leck
1 k'yard
1 kangaroo
1 kaze
1 keel
1 keen
1 keenest
1 ker
1 kettl
1 kind--a
1 kind-look
1 kine
1 kinfolk
1 king--so
1 kiss-th
1 kit
1 knickknack
1 knives--thre
1 knob
1 know--leastwai
1 know--mayb
1 know--that
1 know--there'
1 knuckl
1 label
1 lackin'
1 lady'
1 lafe
1 lalli
1 lame
1 lan
1 landing--go
1 languag
1 language--mostli
1 langudoc
1 languishi
1 lanki
1 lantern'
1 lash
1 last
1 last--which
1 latch
1 latch-str
1 late--couldn't
1 late--he'
1 laughed--onli
1 laughing--heard
1 law'
1 laws-a-m
1 lawsamerci
1 lay-out
1 leaki
1 lear
1 lear'
1 leasur
1 leather-fac
1 led
1 ledg
1 leggo
1 lemonad
1 lesson
1 letter--and
1 letting-on
1 level--both
1 leviticu
1 liber
1 liberty-pol
1 lie-
1 lie--that'
1 life'
1 life--and
1 life--com
1 likeli
1 likeliest
1 limber
1 line--mainli
1 line--that
1 lineal
1 lingo
1 linsey-woolsei
1 liquor
1 littered-up
1 live'
1 lives--said
1 livin'
1 loaden
1 loan
1 loav
1 locket
1 loftu
1 log-cabin
1 lone
1 lonesome--dei
1 lonesomest
1 long-leg
1 long-tail
1 longest
1 longsid
1 looard
1 look'n'-glass
1 lookin'
1 lord'
1 lose--th
1 loud--th
1 loveliest
1 loving
1 low-spirit
1 lower--ther
1 luck--and
1 luckier
1 lumber
1 lumber-pil
1 lumber-raft
1 lunat
1 lunkhead
1 lynching'
1 m'lass
1 m-
1 madam
1 maggior
1 magic
1 mahogani
1 maid
1 maim--alwai
1 majesty'
1 major
1 mamsei
1 man-
1 man--lik
1 manners--everybodi
1 mantel-shelf
1 mantelpiec
1 many'
1 marbl
1 mare
1 market
1 market-hous
1 marpl
1 marseil
1 marster
1 mass
1 masterli
1 materi
1 mathemat
1 matilda
1 matter--becaus
1 mattress
1 maybe-
1 mayflow
1 mdash
1 me--and
1 me--explan
1 me--it
1 me--kind
1 me--lov
1 me--not
1 me--sometim
1 me--thirteen
1 mean-
1 meant-
1 meat'
1 meddlesom
1 meedyevil
1 meeki
1 melodeum--a
1 memphi
1 men'
1 men-
1 merchant
1 merci
1 mere
1 methusalem-numskul
1 middlin'
1 mids'
1 mild
1 mile--becaus
1 miles--right
1 million
1 mind'
1 mind--let
1 mind--no
1 minist
1 minor
1 minute--'twa
1 minute--not
1 minute--think
1 mire
1 misabl
1 miseri
1 miss'
1 miss'n
1 missionaryin'
1 missus--dat'
1 mist
1 mistake-
1 mistaken--that
1 misunderstood
1 mite
1 mix'
1 mixed-upest-look
1 mo
1 mo'--en'
1 moat--becaus
1 mock
1 moder
1 modern
1 modifi
1 money'
1 money--tak
1 mongs'
1 montalban
1 moon--and
1 moonris
1 moonshin
1 more-
1 more--al
1 more--and
1 more--if
1 more--now
1 more--then
1 more--thre
1 mornin
1 morning--so
1 mort
1 mortar
1 mortif
1 mortification--that
1 mos'li
1 mosquito
1 motherless
1 mouf
1 mouf--fer
1 mountain
1 mous
1 mouth--and
1 mouth--what
1 move'
1 mud--mud
1 mud-puddl
1 mud-strip
1 mud-turkl
1 mudcat
1 muddl
1 mulatt
1 mule
1 mulehead
1 mullet-head
1 multipl
1 mum'
1 mum--but
1 mumbl
1 munch
1 murrei
1 muse
1 music--in
1 musn't
1 mutter
1 mysterious-lik
1 nab
1 nabob
1 name--and
1 nari
1 narrow--onli
1 nat'
1 nation'd
1 nature'
1 naturedest
1 navarr
1 near-sight
1 nearest
1 neat
1 neat-
1 neater
1 nebokoodneez
1 neck-deep
1 needi
1 negro
1 neighborhood
1 nell
1 nerviou
1 ness
1 newr
1 newrlean
1 nex
1 next--tal
1 nigger--m
1 nigger--som
1 nigger--whi
1 nigger-cabin
1 nigger-head
1 nigger-patch
1 nigger-steal
1 niggers-
1 niggers--it
1 night--ov
1 night--ten
1 night-gown
1 night-tim
1 nightshirt
1 nip
1 no'
1 no-
1 no--'de
1 no--drownd
1 no--i
1 no--leastwai
1 no--not
1 no--that
1 no-sirree-
1 nobil
1 nombril
1 nonesuch--three-night
1 nonsens
1 noon-tim
1 northard
1 northumberland
1 noses--becaus
1 not-
1 noth'n'en
1 nothing-
1 nothing--onli
1 nothing--then
1 nothing--won't
1 notion--ther
1 now't
1 now-
1 now--
1 now--don't
1 now--had
1 now--it'
1 now--no
1 now--so
1 now--that'
1 now-and-then
1 nuff'n
1 number
1 nunneri
1 nurs
1 nuss
1 nusseri
1 obei
1 obituari
1 obleegd
1 observ
1 occas
1 ocean--and
1 od
1 of--
1 off-
1 off--sal
1 off--they'r
1 officers'
1 ohio--a
1 oho-o
1 oilcloth
1 old-maidi
1 older
1 omin
1 on--
1 on--'d
1 on--and
1 on--or-
1 once--that
1 oncomfort
1 oncommon
1 one-
1 oneasi
1 onkor
1 onless
1 onreason
1 ooz
1 op
1 open--oh
1 ophelia
1 opportun
1 oppos
1 oppress
1 oppressor'
1 orang
1 orgo
1 orneriest
1 orter
1 ostrich
1 other--wouldn't
1 otto
1 oughter
1 ourn--on
1 out-
1 out--big
1 out--for
1 out-gaz
1 out-run
1 out-superintend
1 outbuild
1 outer
1 outfit--it
1 outlandish
1 outside-
1 outstart
1 over-
1 overcoat
1 overdon
1 overhaul
1 overlook
1 overslept
1 ox
1 p'fessor
1 p'int
1 p-
1 pad-lock
1 paddle-box
1 pain
1 painstakingli
1 pair
1 palav
1 pan--someth
1 panama
1 pang
1 pap'll
1 pap--
1 paralysi
1 parasol
1 pard
1 parent
1 parlyment
1 partickl
1 pass--'ti
1 passagewai
1 past
1 patent
1 paus
1 peaceful
1 peach
1 peart
1 peddl
1 peddler
1 pendulum
1 penitentiari
1 penrod
1 pensiv
1 people--wherea
1 per'ap
1 performance--lik
1 perfumeri
1 perish
1 pert
1 peski
1 pester
1 peter'
1 petersburg--it'
1 pettish
1 pew'
1 ph--
1 phelps
1 philadelphia
1 physician
1 piano
1 piccadilli
1 pick'
1 pickax
1 pickin
1 pickl
1 pile--twenti
1 pilgrim'
1 pirate--been
1 pirate-book
1 pisonest
1 pistol-barrel
1 pitchiola--that'
1 pitifulest
1 pivot
1 place--pap
1 plaster
1 plate--and
1 play-actin'
1 please--they'r
1 pledge--mad
1 plotter
1 plow
1 pluck
1 plum
1 plunder
1 pluribus-unum
1 pocket--
1 poetic
1 point--blam
1 pokevil
1 pole
1 polic
1 polish
1 polly-
1 polly-voo-franzy--what
1 pommel
1 ponder
1 pop
1 popular
1 porch-roof
1 possess
1 post
1 poster
1 powder
1 powder-horn
1 powel
1 powerfullest
1 practiz
1 pragu
1 prairi
1 prayer-meet
1 preachin'
1 preaching--al
1 preciou
1 preforeordestin
1 prejud
1 prematur
1 premis
1 presbyterian
1 presenc
1 prettier
1 pretty-well-satisfi
1 prevar
1 previou
1 pride
1 primer-class
1 printing-offic
1 printing-office--hors
1 private-
1 privileg
1 prize
1 prob'bl
1 progress
1 project
1 pronounc
1 proof
1 propati
1 proud-look
1 proved--
1 provis
1 pry
1 pud
1 puf
1 puncheon
1 pungl
1 punkin
1 pup
1 puppi
1 pure
1 purs
1 putrifi
1 puttin'
1 puzzled-up
1 quarrelsom
1 quarri
1 quick--hurri
1 quieter
1 quietu
1 quit--and
1 quiver
1 quiveri
1 quixot
1 r-o-o-meo
1 rachel-
1 rack
1 racketi
1 raft--and
1 raft--nic
1 raft--nin
1 raft--pleas
1 rafts--sometim
1 raftsmen
1 rail--that
1 rainbow
1 raini
1 rair
1 raise--twenti
1 rampant
1 ramrod
1 rat-trap
1 rattlin'
1 ratty-look
1 rave
1 raw
1 razberri
1 reader
1 ready--shov
1 realm
1 receipt
1 reckon'
1 reckoned--and
1 recollection'
1 recommend
1 recov
1 redder
1 reeli
1 refer
1 referrin'
1 regard
1 region
1 rehearsing--a
1 rein
1 relations--th
1 relationship
1 reliabl
1 relict
1 religgion
1 religion
1 remiss
1 renown
1 report
1 reptil
1 request
1 requir
1 resembl
1 resign
1 resis'
1 reski
1 resolut
1 respons
1 restless
1 resurrect
1 return
1 reveal
1 reward'
1 richmond
1 riddl
1 ridgewai
1 ridickl
1 rig
1 right--ain't
1 right--and
1 right--br
1 right--for
1 right--that'
1 right--y
1 ring--said
1 ring-streaked-and-strip
1 ringmaster'
1 rippli
1 risk
1 river'
1 river--both
1 river--there'
1 river-bank
1 road'
1 road--
1 roast
1 rob--y
1 robber-book
1 robe
1 rolling-pin
1 romant
1 rook
1 rope-ladd
1 rose-leafi
1 roug
1 rougher
1 roughest
1 round--mor
1 round-log
1 rowlock
1 rubbage-pil
1 rubbish
1 rummi
1 run-
1 run--and
1 run--for
1 rung
1 running--wa
1 rushes--and
1 ryo
1 s'i--somebodi
1 s'i--them'
1 s'i--what
1 s'prise
1 s'rp-
1 sabl
1 sacr
1 saddish--th
1 saddle-bag
1 saddle-boil
1 safer
1 sah-
1 sah--nuffn
1 said--
1 said--not
1 said--pleas
1 saint
1 salabl
1 salt
1 salt-cellar
1 saltir
1 same--sh
1 sanctifi
1 sandbar
1 sandi
1 sapl
1 sarah'
1 sasser
1 saturdai
1 sausag
1 save'
1 saw-blad
1 sawlog
1 sawyer--'
1 sawyer--if
1 sawyer--sh
1 sawyers'
1 saxon
1 say--
1 say--and
1 say--can
1 say--hei
1 say--so
1 say--spok
1 sayin'
1 saying--in
1 scalp
1 scamper
1 scar
1 scarciti
1 sceneri
1 scent
1 scheme
1 schoolhous
1 scienc
1 scole
1 scoop-shovel
1 scoot
1 scorch
1 scott
1 scrap
1 scrawl
1 screak
1 screech
1 screechi
1 screw-driv
1 scriptur
1 scrouch
1 scrub
1 scrunch
1 scutcheon
1 seal
1 season
1 secur
1 see--except
1 see--him
1 see--just
1 see--oh
1 seedi
1 seein'
1 seiz
1 sellin'
1 sensibl
1 sentiment
1 serpent
1 seven-up
1 seventi
1 seventy-f
1 sh-she--
1 shabbi
1 shadi
1 shakespearian
1 shaki
1 shallow
1 sharp-look
1 shavin'
1 sheep'
1 sheepish
1 sheer
1 sheffield--preach
1 shekel
1 shell
1 shelter
1 shepherdson--no
1 shepherdsons--not
1 sheriff
1 shiniest
1 ship-shap
1 shipshap
1 shirk
1 shirt--everi
1 shiver--it
1 shoal
1 shock
1 shooting'
1 shop--carpent
1 shore'
1 shore-
1 shore--it
1 shorten
1 shotgun
1 shout--and
1 shove'
1 shovels--whi
1 show--when
1 showed--up
1 shroud
1 sick--and
1 sickest
1 sickness'
1 sid'
1 side--w
1 side-wheel
1 sideboard
1 silas--
1 silver-head
1 simpli
1 sing--and
1 singing-geographi
1 singular
1 sister'
1 sit
1 situat
1 sixteenth
1 sixty-f
1 sixty-four
1 sk'yarlet
1 sk'yer
1 sk'yerd
1 skaddl
1 skill
1 skreeki
1 skull
1 skunk
1 sleeping-mixtur
1 sleepy--if
1 slid--th
1 slipper
1 slobber
1 slogan
1 slope
1 sloppi
1 slough
1 slow--h
1 slump
1 slung
1 slush
1 smack
1 smarter
1 smartes'
1 smarti
1 smoki
1 smotheri
1 snag'
1 snarl
1 sneaki
1 snore--and
1 snuff
1 snuffbox
1 snug
1 snuggl
1 so'
1 so'll
1 so'm
1 so--
1 so--and
1 so--good
1 so--no
1 so--said
1 so--so
1 so--so-
1 so--someth
1 so--that'
1 soak
1 soap-kettl
1 sock
1 sockdolag
1 sof'
1 soft-
1 softest
1 softi
1 soil
1 sold--everyth
1 sold--mighti
1 solder
1 soldier-plum
1 sole
1 solitari
1 solut
1 some'n
1 somebody--got
1 somehow--perfect
1 somehow--though
1 sometimes--oh
1 song--that
1 song-bird
1 sont
1 soother
1 sophia'
1 sorrer
1 sorry--and
1 soul-butt
1 soup
1 southwestern
1 sowberri
1 sp-
1 spade
1 spanish-brown
1 spark--which
1 sparkl
1 speak--and
1 spec'
1 specalat'n'
1 specimen
1 spectacl
1 spectacles--kind
1 speech-
1 speed
1 spell--right
1 spelling-book
1 spen'
1 spent
1 sperit
1 sperits--becaus
1 spi
1 spider-webbi
1 spile
1 spilt
1 spinning-stick
1 spinning-wheel
1 spiritu
1 spit
1 splendidest
1 spondulick
1 sponge--ther
1 spool
1 spoon-basket
1 sprawl
1 sprinkl
1 spry
1 spun
1 spunk
1 spyglass
1 squah
1 square-
1 squat
1 squeal
1 squirrel
1 stairs--nobodi
1 stairs--wher
1 stan
1 stanchion
1 stand--and
1 standstil
1 stannin'
1 start'n
1 start--left
1 starter
1 startin'
1 startlish
1 state'
1 statement
1 stave
1 stay-
1 stealer
1 stealthiest
1 steam--and
1 steamboat'
1 stern-wheel
1 stiff-arm
1 still-
1 still--just
1 still--nev
1 still--that'
1 stiller
1 stilt
1 stirrup
1 stock--cattl
1 stock-stil
1 stool
1 stopper
1 stormi
1 stout
1 stovepip
1 stow
1 straggler
1 strai
1 stranger--and
1 strap
1 streaks--raft
1 stretching--a
1 strip
1 stripe
1 stronger
1 struggl
1 stump--and
1 stun
1 stupidest
1 style--h
1 su
1 subject
1 submit
1 subscript
1 suff'rer
1 suffer--perfectli
1 sugar-bowl
1 sugar-hogshead
1 suit--which
1 suitabl
1 suited--thi
1 sultri
1 sumfn--but
1 summer-tim
1 sumpn
1 sumter
1 sunday--lik
1 sunflow
1 sunset
1 sunshin
1 sunshini
1 superstit
1 supper-tim
1 suppos'n'
1 sure-enough
1 surg
1 susan'
1 suthin'
1 swaller
1 swash
1 sweeps--man
1 sweet-scent
1 swig
1 swindl
1 swish
1 sword-fight
1 swush
1 sympath
1 symptom
1 t'll--
1 table--sam
1 table-cloth
1 tail-coat
1 takin'
1 talent
1 talk-
1 talky-talk
1 taller
1 tallest
1 tallow-drip
1 tangle-head
1 tape
1 taper
1 tartar
1 tast
1 tattoo-mark
1 tea
1 teach
1 teacher
1 team
1 teeth--and
1 tell--you
1 tellin'
1 tent-roof
1 ter
1 term--but
1 terms-
1 terrible--just
1 terrible--something'
1 test
1 texas-hal
1 text
1 th'n
1 that'd
1 that--
1 that--and
1 that--but
1 that--it'
1 that--natcherl
1 the--a--the--wel
1 the--the-
1 theater-actor--tragedi
1 their'n
1 theirselv
1 them-
1 them--
1 them--and
1 them--but
1 them--except
1 them--fact
1 them--lot
1 themselves--it'
1 then--her
1 then--it
1 then--not
1 then--th
1 theori
1 ther'll
1 there--
1 there--'roy
1 there--and
1 there--f
1 there--hasn't
1 there--just
1 there--shout
1 there--so
1 there--sometim
1 there--you'v
1 they're--they're--ar
1 they--they--told
1 thing--a
1 thing--h
1 thing--hand
1 thing--lai
1 thing--there'
1 thing--w
1 things--everyth
1 things--most
1 things--w
1 think'
1 think--there'
1 thinking--think
1 thirsti
1 thirteen
1 thirty-eight
1 thirty-foot
1 this--becaus
1 this--she'
1 thish
1 thoma
1 thompson
1 thompson--and
1 though--straight
1 thought--and
1 thousan'
1 three-dai
1 three-gallon
1 three-in-a-row
1 thrillingest
1 tighter
1 till--
1 tim
1 time--and
1 time--nobodi
1 time--so
1 time--th
1 times-
1 times--thei
1 timid
1 timid-lik
1 tin-war
1 tip-to
1 tiptop
1 tit-tat-to
1 to--good
1 to--thei
1 to--thi
1 to-morrow-
1 to-night--cravat
1 tog
1 together--and
1 together--that
1 tolabl
1 tolerbl
1 tom's-
1 tom's--whi
1 tom--
1 tomb
1 tombston
1 tommi
1 tomorrow
1 ton
1 tong
1 tonight
1 too--a
1 too--and
1 too--eat
1 too--everi
1 too--long
1 too--not
1 too--seem
1 too--sh
1 too--step
1 too--tickl
1 too--two
1 tooleri
1 toothpick
1 torch
1 town--
1 town--been
1 tract
1 trail
1 train
1 trampled-on
1 tranc
1 traps
1 treacherousest
1 tread
1 treasur
1 treatment
1 tree-toad
1 tree-top
1 treed
1 trees--someth
1 treetop
1 tremen
1 trenck
1 trifl
1 triumphant
1 tromp
1 trot-lin
1 troublesomest
1 trouser-leg
1 true--your
1 truer
1 truest
1 trust'n
1 trusti
1 trustworthi
1 try--that'
1 try--you
1 tucker
1 tuesdai
1 tuk
1 tumble-down
1 tumbler
1 tune
1 tunnel
1 turnip-cart
1 turpentin
1 turribl
1 turtles--thei
1 twenty-foot
1 twenty-two
1 twig
1 two--on
1 two-acr
1 two-mil
1 two-stori
1 two-third
1 twyst
1 um-
1 umbrella
1 unbar
1 unbolt
1 uncertain
1 uncock
1 und'
1 undercloth
1 undershirt
1 undersid
1 undertaker'
1 undertaker--th
1 undertook
1 undigest
1 undiscov
1 undispos
1 unexpect
1 unfavor
1 unfriendli
1 unfurl
1 uniti
1 unkiv
1 unload
1 unnatur
1 unpleas
1 unscrew
1 unselfish
1 unstop
1 up'ard
1 up--about
1 up--from
1 up--nearli
1 up--seem
1 up-end
1 up-shor
1 up-steam
1 uppish
1 uptown
1 us--
1 us--th
1 use--old
1 use--up
1 utterback
1 uz
1 vale
1 valid
1 valley--mean
1 varieti
1 varmint
1 vassl
1 vault
1 veil
1 ventur
1 vers
1 verses--kind
1 vert
1 very--whi
1 vial
1 victual
1 vigil
1 village--no
1 visit
1 vizz
1 voice--noth
1 volume--but
1 voyag
1 w'y
1 wade'
1 wage
1 wagon-load
1 wagon-trough
1 waistcoat
1 wait--you
1 walk-
1 walk--it
1 wallow
1 walls--mainli
1 walter
1 wanderin'
1 want'
1 wardrob
1 warld
1 warn'
1 warn't--
1 warrant
1 warwhoop
1 was-
1 was--a
1 was--and
1 was--didn't
1 was--what
1 wase
1 wash-pan
1 wash-pan--afraid
1 washpan
1 watch-guard
1 watch-out
1 water'
1 water-fowl
1 water-paint
1 watson--sh
1 watson--thei
1 wavi
1 waw-path
1 wax
1 way'
1 way--just
1 way--mean
1 way--said
1 waylai
1 we--wel
1 wealthiest
1 weapon
1 wear--on
1 weari
1 weather-board
1 wednesdai
1 wee
1 week'
1 weeks--and
1 weeks--her
1 weep
1 weight
1 welcom
1 well-
1 well--
1 well--couldn't
1 wellington
1 welt
1 wench'
1 wh--what
1 whale
1 whar'd
1 wharf-boat
1 what'r
1 what's-his-nam
1 what--regular
1 what-you-may-call-h
1 whelp
1 when'd
1 when--
1 wher
1 whetston
1 which-wai
1 while
1 whimper
1 whipple--and
1 whippowil
1 whispering--spirit
1 whistl
1 whistler
1 white-cap
1 white-shirt
1 whitechapel
1 whiten
1 whitest
1 whittl
1 who--
1 who-whoo
1 whollop
1 whoop-jamboreehoo
1 whose--
1 whyd'nt
1 wide-open
1 wig
1 wild-turkey-w
1 wildcat
1 wilder
1 wilks--and
1 william--and
1 willin'
1 winc
1 window-hole--then
1 windows--ther
1 winn
1 winner
1 wire
1 wises'
1 wisest
1 wishin'
1 wit'
1 witch-th
1 witchcraft
1 with--which
1 witnesses--whi
1 woe
1 wolv
1 woman--sh
1 wont
1 wood--pil
1 wood-saw
1 woodboat
1 woodyard
1 wool-geth
1 woollen
1 word-
1 word--if
1 words--don't
1 words--you
1 wore-out
1 work--week
1 workin'
1 worl'
1 world--let
1 world--plagu
1 world-renown
1 worried--it
1 worry--just
1 worsen
1 woundin'
1 wrapt
1 wrinkl
1 wrist-
1 writ'n
1 write--
1 write--h
1 wrongfulli
1 wunst--it'
1 wunst--on'i
1 wusshup
1 wust
1 yaller-fev
1 yaller-jacket
1 yard-stick
1 yards--and
1 yarn--what'
1 years--and
1 yes'm--sai
1 yes'm--she--
1 yes--easi
1 yes--indeedi
1 yesterday-
1 yet'
1 yet--let'
1 yet--six
1 yet--they'r
1 yield
1 yisterdai
1 yistiddi
1 yo'sef
1 yo'self
1 yonder-wai
1 you--
1 you--'thout
1 you--and
1 you--dat'
1 you--if
1 you--or
1 you--th
1 you--wel
1 your'n
1 yourself--it'
1 yourself--just
