374 hand
336 lorri
314 time
289 defarg
289 will
282 man
241 face
229 prison
217 dai
216 good
212 head
199 ey
194 night
193 look
193 madam
192 long
191 doctor
182 turn
170 well
163 great
162 father
155 manett
150 life
149 pross
148 carton
144 door
138 darnai
135 peopl
134 busi
127 mind
127 young
124 street
123 arm
123 dear
123 luci
123 pass
123 place
121 year
120 light
120 three
118 dark
116 answer
116 monsieur
116 work
109 cruncher
108 open
106 jerri
105 return
103 hope
103 monseigneur
102 room
102 stryver
101 left
100 close
100 live
100 road
100 sir
99 sat
97 call
97 charl
96 hous
96 voic
95 manner
94 friend
94 wife
92 hour
92 stood
90 ask
89 men
88 better
88 child
87 go
87 husband
87 poor
86 knew
86 moment
86 thought
84 tellson'
80 brought
80 heart
80 lai
78 love
78 speak
77 window
76 marqui
75 walk
74 side
73 jacqu
73 paper
73 sydnei
72 stop
71 question
71 stone
70 gentleman
70 touch
69 air
68 hold
68 observ
68 round
68 word
66 thing
66 woman
64 fire
64 hear
63 appear
63 dead
63 death
63 hair
63 heard
63 knit
63 set
63 strong
63 wine
62 brother
62 carri
62 chang
62 corner
62 daughter
62 leav
62 pari
61 cri
61 move
61 natur
61 rest
61 wall
60 citizen
60 drop
60 gener
60 state
59 point
59 saint
59 spy
57 figur
57 franc
57 sound
56 bank
56 hundr
55 breast
55 carriag
55 express
55 half
55 held
55 hors
55 ladi
55 shadow
54 morn
54 wine-shop
53 care
53 repeat
53 watch
52 court
52 find
52 laid
52 low
52 red
52 stand
52 struck
52 villag
52 women
51 case
50 come
50 crowd
50 doubt
50 rais
50 rememb
50 shoulder
49 antoin
49 confid
48 began
48 finger
48 hard
48 secret
48 usual
47 kind
47 person
47 remain
46 dread
46 english
46 evremond
46 lip
45 chapter
45 coach
45 french
45 help
45 honour
45 letter
45 mender
45 mother
45 reason
45 told
44 bed
44 drink
44 feet
44 step
43 bad
43 barsad
43 bear
43 danger
43 feel
43 guard
43 read
43 sight
43 small
43 vengeanc
42 bar
42 boi
42 fell
42 forc
42 glanc
42 lost
42 passeng
42 quiet
42 wait
41 echo
41 fear
41 fountain
41 happi
41 high
41 matter
41 rise
41 shoe
41 short
41 true
41 water
41 whisper
41 world
40 best
40 fellow
40 save
40 spoke
39 chair
39 citi
39 direct
39 england
39 patriot
39 seat
38 breath
38 dress
38 interest
38 minut
38 slowli
37 black
37 bring
37 countri
37 ground
37 heavi
37 larg
37 tabl
37 tear
37 travel
36 courtyard
36 ear
36 famili
36 gate
36 heaven
36 hurri
36 paus
36 remark
36 silenc
36 sun
36 troubl
36 wit
35 listen
35 make
35 power
35 present
35 readi
34 draw
34 hill
34 suffer
34 tone
33 cap
33 expect
33 father'
33 happen
33 prai
33 pretti
33 republ
33 rose
33 sea
33 second
33 smile
33 wonder
33 write
32 ago
32 blood
32 cry
32 public
32 suppos
32 to-morrow
32 understand
32 wind
31 attent
31 custom
31 enter
31 even
31 fall
31 form
31 glass
31 human
31 influenc
31 kiss
31 lord
31 mine
31 object
31 recal
31 sens
31 start
30 bless
30 circumst
30 cours
30 doctor'
30 earth
30 forward
30 god
30 juri
30 la
30 lorry'
30 order
30 receiv
30 silent
30 sit
30 strike
30 that'
30 to-night
30 white
29 bright
29 cold
29 creatur
29 golden
29 lean
29 prepar
29 pursu
29 shook
29 spoken
29 straight
29 tower
28 arriv
28 fanci
28 fast
28 favour
28 fine
28 intent
28 lamp
28 notic
28 occas
28 press
28 repli
28 respect
28 stare
28 surpris
27 bodi
27 chateau
27 guillotin
27 london
27 mail
27 mouth
27 piec
27 refer
27 releas
27 servic
27 sleep
27 weak
27 wild
26 ag
26 bench
26 bent
26 dog
26 number
26 piti
26 plai
26 strang
26 to-dai
25 convers
25 cross
25 duti
25 gabel
25 gentlemen
25 lift
25 nephew
25 purpos
25 quick
25 shake
25 shut
25 spirit
24 advanc
24 attend
24 beauti
24 deep
24 desir
24 die
24 fallen
24 felt
24 full
24 law
24 presid
24 roll
24 sake
24 sister
24 solomon
24 staircas
24 talk
23 arrang
23 assist
23 common
23 consid
23 emigr
23 floor
23 foot
23 footstep
23 forehead
23 fortun
23 free
23 journei
23 king
23 laugh
23 length
23 ly
23 mere
23 monei
23 pain
23 prisoner'
23 promis
23 quarter
23 stori
23 third
23 twenti
23 wig
23 wrong
22 bastil
22 bell
22 children
22 cloth
22 counter
22 distanc
22 escort
22 evid
22 examin
22 fill
22 honest
22 inform
22 judg
22 late
22 mark
22 remov
22 smoke
22 soul
22 summon
22 ten
22 trust
22 worth
21 account
21 action
21 address
21 apart
21 asleep
21 book
21 charact
21 condit
21 consider
21 count
21 deliv
21 di
21 dust
21 grave
21 hang
21 marri
21 render
21 safe
21 shoemak
21 sky
21 templ
21 tribun
20 bailei
20 cast
20 charg
20 clear
20 defarge'
20 drawn
20 embrac
20 explain
20 faint
20 fair
20 final
20 ghost
20 group
20 heap
20 iron
20 knowledg
20 mention
20 nobl
20 o'clock
20 offic
20 passag
20 rang
20 real
20 ring
20 seek
20 slight
20 soldier
20 spot
20 straw
20 suddenli
20 thrown
20 truth
20 week
20 weep
20 wore
19 aros
19 beat
19 caught
19 chanc
19 commun
19 degre
19 engag
19 gaoler
19 grass
19 idea
19 jarvi
19 knee
19 liberti
19 nois
19 opinion
19 pour
19 rag
19 restor
19 scarc
19 servant
19 shop
19 struggl
19 tide
19 top
19 want
19 wave
19 wors
18 admir
18 afternoon
18 blue
18 bosom
18 broken
18 card
18 cell
18 church
18 cloud
18 compani
18 demand
18 drank
18 equal
18 follow
18 foulon
18 gradual
18 grow
18 impress
18 kei
18 lead
18 messeng
18 mysteri
18 north
18 part
18 patient
18 pick
18 pipe
18 pocket
18 prosper
18 rain
18 recov
18 sign
18 subject
18 sure
18 tumbril
18 vain
18 worst
18 wot
18 wretch
18 written
18 yesterdai
17 afraid
17 aspect
17 barrier
17 burn
17 burst
17 clasp
17 colour
17 complet
17 confer
17 courag
17 devil
17 difficult
17 finish
17 fit
17 hush
17 innoc
17 lock
17 loud
17 merci
17 miser
17 mist
17 nation
17 occupi
17 offer
17 paid
17 pull
17 reflect
17 requir
17 resum
17 ride
17 rush
17 singl
17 softli
17 soho
17 sort
17 spare
17 suspicion
17 tall
17 throat
17 tree
17 wai
17 wood
17 wound
16 anxiou
16 boot
16 bow
16 build
16 confus
16 cruel
16 curiou
16 delic
16 difficulti
16 dover
16 exactli
16 exclaim
16 faith
16 handsom
16 hot
16 instant
16 jackal
16 line
16 list
16 mud
16 nearer
16 nose
16 opportun
16 pleasant
16 pride
16 properti
16 rough
16 scene
16 separ
16 shine
16 son
16 steadi
16 storm
16 suspect
16 till
16 trembl
16 trial
16 wander
16 yield
15 accus
15 agit
15 aid
15 angri
15 aristocrat
15 associ
15 assur
15 blow
15 bound
15 break
15 broke
15 buri
15 comfort
15 companion
15 cover
15 danc
15 depend
15 dinner
15 disturb
15 drew
15 drive
15 earli
15 enemi
15 fail
15 flop
15 gentli
15 heavili
15 hunger
15 inquir
15 man'
15 mean
15 measur
15 murmur
15 neck
15 note
15 occup
15 oppress
15 pace
15 pictur
15 plain
15 possess
15 race
15 repres
15 run
15 serv
15 solitari
15 stain
15 stair
15 stoop
15 sudden
15 tend
15 terribl
15 think
15 tool
15 town
15 tradesman
15 utter
15 wish
15 worn
14 approach
14 attornei
14 bird
14 bread
14 breakfast
14 calm
14 ceas
14 chamber
14 cheek
14 clerk
14 compos
14 consequ
14 darl
14 dearest
14 describ
14 determin
14 discov
14 earnest
14 execut
14 garret
14 habit
14 hat
14 imagin
14 imprison
14 indiffer
14 intellig
14 knife
14 longer
14 loos
14 lower
14 mad
14 messag
14 midst
14 month
14 murder
14 nod
14 origin
14 pai
14 peac
14 plane-tre
14 pleasur
14 prayer
14 preciou
14 proceed
14 process
14 propos
14 put
14 rage
14 republican
14 resolv
14 roar
14 sorrow
14 stranger
14 sundai
14 sweet
14 thank
14 twelv
14 uneasi
14 weapon
14 youth
13 'i
13 abandon
13 affair
13 alarm
13 altogeth
13 appeal
13 attach
13 attract
13 author
13 belong
13 blind
13 born
13 cart
13 check
13 citiz
13 cly
13 coat
13 connect
13 crime
13 delai
13 denounc
13 descend
13 desk
13 distress
13 eas
13 easi
13 eat
13 elder
13 escap
13 fact
13 fifti
13 fold
13 fro
13 gentl
13 girl
13 gloomi
13 greater
13 grim
13 hall
13 ill
13 interv
13 join
13 keep
13 keeper
13 kneel
13 linger
13 memori
13 miseri
13 musket
13 occasion
13 opposit
13 pale
13 polit
13 presenc
13 privat
13 produc
13 punch
13 rattl
13 regist
13 remembr
13 retir
13 stock
13 stool
13 suggest
13 suit
13 supper
13 surround
13 thin
13 uncl
13 wast
13 wheel
13 wrote
12 affect
12 avoid
12 await
12 bore
12 brown
12 ceil
12 chain
12 cheer
12 chief
12 coars
12 compass
12 condemn
12 counsel
12 cruncher'
12 decre
12 delicaci
12 desper
12 dull
12 easili
12 elbow
12 establish
12 exercis
12 eyebrow
12 fierc
12 fleet-street
12 forget
12 front
12 greatest
12 happili
12 harm
12 higher
12 highli
12 histori
12 husband'
12 impati
12 know
12 land
12 learn
12 led
12 leg
12 master
12 mill
12 mother'
12 narrow
12 obscur
12 perfectli
12 posit
12 prevent
12 pross'
12 protest
12 recognis
12 relat
12 respons
12 river
12 roof
12 send
12 shape
12 sharp
12 shriek
12 sigh
12 soften
12 space
12 spi
12 stai
12 steadili
12 steep
12 strength
12 submiss
12 summer
12 swallow
12 swear
12 sword
12 sympathi
12 unconsci
12 wet
12 wide
12 wood-sawy
11 accompani
11 admit
11 allow
11 appoint
11 art
11 audibl
11 ax
11 bare
11 beauvai
11 bestow
11 blaze
11 candl
11 captiv
11 clock
11 closer
11 collect
11 croak
11 curios
11 cut
11 dare
11 deal
11 declar
11 devot
11 dig
11 distant
11 drag
11 dream
11 eager
11 emerg
11 encourag
11 entreat
11 extend
11 fate
11 fish
11 fix
11 foreign
11 forti
11 frighten
11 gain
11 georg
11 greatli
11 grindston
11 hammer
11 health
11 horror
11 hotel
11 imposs
11 insid
11 instrument
11 knot
11 last
11 load
11 lose
11 mistak
11 moon
11 mourn
11 mutter
11 neighbour
11 obei
11 oblig
11 passion
11 pavement
11 peasant
11 peculiar
11 peep
11 pillow
11 post
11 profess
11 queen
11 quietli
11 record
11 regular
11 rejoin
11 resembl
