137 macb
122 haue
81 enter
72 will
66 macbeth
64 king
61 thee
58 macd
58 vpon
56 thy
52 hath
52 time
51 ross
48 good
48 ladi
46 lord
43 fear
40 night
38 doe
36 man
35 hand
35 il
34 banquo
34 wife
33 speak
33 well
32 self
31 great
31 thane
30 exeunt
29 knock
29 sir
29 sleep
28 giue
28 lenox
28 macduff
26 mine
26 natur
26 th'
26 vp
25 look
25 mal
25 thought
24 banq
23 blood
23 loue
23 thing
22 ey
22 heer
22 scena
21 again
21 cawdor
21 death
21 heart
21 la
20 doct
20 hear
20 liue
20 till
19 dai
19 heauen
19 life
19 men
19 murther
18 art
18 strang
17 deed
17 ha'
17 own
17 poor
17 sei
17 shew
17 worthi
16 bloodi
16 dare
16 do'
16 duncan
16 eueri
16 god
16 keep
16 malcolm
16 son
16 stand
15 down
15 er
15 face
15 father
15 friend
15 goe
15 i'th'
15 lye
15 malc
15 seruant
15 sword
15 tyrant
14 ayr
14 dead
14 find
14 grace
14 honor
14 leaue
14 nobl
14 there'
14 think
13 bed
13 born
13 call
13 euer
13 exit
13 fight
13 hail
13 meet
13 mind
13 neuer
13 o'th'
13 prai
13 sight
13 sonn
13 three
13 woman
12 bear
12 hold
12 hope
12 hour
12 on
12 place
12 scotland
12 seem
12 seyward
11 attend
11 been
11 doubl
11 euen
11 flye
11 gent
11 head
11 light
11 morrow
11 peac
11 report
11 tongu
11 troubl
11 welcom
11 wood
10 bring
10 cry
10 dagger
10 full
10 hang
10 mac
10 set
10 thine
10 thunder
10 truth
9 alarum
9 bid
9 business
9 children
9 fals
9 flean
9 hast
9 hell
9 highness
9 hors
9 mean
9 murth
9 rest
9 royal
9 shake
9 sister
9 sit
9 thank
9 that'
9 wee'l
9 witch
8 best
8 better
8 black
8 bless
8 charm
8 command
8 countri
8 crown
8 day
8 desir
8 doctor
8 drink
8 dunsinan
8 england
8 fell
8 giuen
8 glami
8 heard
8 hee
8 himself
8 is't
8 know
8 known
8 less
8 power
8 sorrow
8 soul
8 spirit
8 true
7 anon
7 arm
7 ban
7 bell
7 bleed
7 breath
7 castl
7 chamber
7 colour
7 deep
7 donalbain
7 ear
7 earth
7 fall
7 fled
7 fortun
7 graciou
7 graue
7 harm
7 heark
7 hous
7 late
7 let'
7 mortal
7 mur
7 neer
7 powr
7 return
7 rise
7 souldier
7 speech
7 state
7 throw
7 traitor
7 vnder
7 wisedom
7 world
6 angu
6 appar
6 babe
6 back
6 bird
6 bosom
6 brain
6 byrnan
6 cold
6 com
6 comfort
6 doth
6 doubt
6 dy'd
6 english
6 equiuoc
6 fair
6 fate
6 feast
6 fill
6 fire
6 fool
6 gentl
6 grow
6 help
6 horror
6 issu
6 lai
6 left
6 lost
6 master
6 messeng
6 mother
6 moue
6 offic
6 perform
6 pleasur
6 point
6 purpos
6 reason
6 ring
6 root
6 round
6 safe
6 seen
6 send
6 seyton
6 shalt
6 soldier
6 sound
6 start
6 themselu
6 titl
6 treason
6 trust
6 vse
6 walk
6 wear
6 withal
6 word
6 would'st
5 actu
5 amen
5 answer
5 approach
5 bad
5 banquo'
5 bene
5 blow
5 bubbl
5 call'd
5 care
5 cauldron
5 certain
5 chanc
5 curs
5 dark
5 duti
5 farr
5 feel
5 fit
5 flourish
5 foul
5 free
5 hart
5 health
5 hee'
5 high
5 honest
5 hostess
5 innoc
5 len
5 maiesti
5 march
5 ment
5 murther'd
5 pain
5 porter
5 prima
5 receiu
5 secunda
5 selu
5 slain
5 smile
5 stai
5 strike
5 strong
5 take
5 ten
5 terribl
5 tertia
5 thither
5 thrice
5 torch
5 toth'
5 tree
5 turn
5 valour
5 water
5 wind
5 women
5 worst
5 wound
4 'gainst
4 ala
4 all'
4 ang
4 angel
4 behold
4 bold
4 breed
4 broke
4 burn
4 cap
4 cheer
4 child
4 commend
4 contend
4 continu
4 cosin
4 court
4 cruell
4 cry'd
4 cure
4 damn
4 dearest
4 descend
4 deuill
4 diuell
4 door
4 drop
4 drum
4 drumm
4 dye
4 enemi
4 fatal
4 fellow
4 fife
4 fleanc
4 flight
4 gash
4 gate
4 general
4 gentlemen
4 ghost
4 golden
4 greet
4 grief
4 guest
4 heauie
4 heere'
4 here'
4 hide
4 husband
4 instrument
4 kill
4 kill'd
4 kind
4 land
4 laugh
4 liu'd
4 mark
4 me
4 milk
4 minist
4 miss
4 new
4 note
4 on't
4 ow
4 owl
4 pai
4 pale
4 pallac
4 peopl
4 perfect
4 plai
4 port
4 promis'd
4 pronounc
4 prythe
4 quarta
4 question
4 read
4 rebel
4 relat
4 rememb
4 ride
4 scaena
4 scorn
4 sea
4 second
4 seek
4 senc
4 seruic
4 shadow
4 shame
4 side
4 slaue
4 spend
4 spoke
4 stick
4 stood
4 success
4 suffer
4 sweet
4 swift
4 tear
4 thick
4 throne
4 valiant
4 villain
4 violent
4 wake
4 warr
4 was't
4 wash
4 watch
4 wee
4 while
4 work
4 wors
4 worth
4 wrought
4 yeeld
4 yong
4 young
3 'twere
3 abou
3 absolut
3 act
3 affear'd
3 affraid
3 aliu
3 ambit
3 applaud
3 awak
3 banquet
3 beard
3 began
3 beleeu
3 bin
3 birnan
3 blade
3 blame
3 bodi
3 boi
3 bone
3 boyl
3 break
3 brest
3 broad
3 carri
3 cast
3 catch
3 cath
3 charg
3 clear
3 close
3 confound
3 consequ
3 content
3 courag
3 cousin
3 cut
3 damn'd
3 danger
3 deer
3 delight
3 deni
3 deseru
3 destroi
3 didst
3 diseas
3 dismal
3 draw
3 easi
3 eat
3 execut
3 fail
3 faith
3 fast
3 feed
3 fiend
3 file
3 filthi
3 flower
3 fly
3 foe
3 for't
3 front
3 furi
3 gentleman
3 goodnight
3 gown
3 greater
3 greatness
3 groom
3 hair
3 half
3 hang'd
3 happi
3 hard
3 hau
3 hayl
3 hecat
3 hoa
3 hoboy
3 holi
3 horribl
3 horrid
3 host
3 if't
3 ill
3 imag
3 inuit
3 iust
3 iustic
3 kern
3 kingdom
3 knell
3 knowledg
3 labour
3 lack
3 lad
3 leysur
3 lieg
3 lip
3 long
3 look'd
3 loos
3 mad
3 madam
3 make
3 mallic
3 may'st
3 meer
3 met
3 minut
3 moment
3 moon
3 morn
3 mouncht
3 musick
3 need
3 newest
3 norweyan
3 noys
3 o'r
3 obedi
3 open
3 paint
3 patienc
3 person
3 physick
3 pitti
3 plant
3 pluck
3 prayer
3 prepar
3 pretti
3 prick
3 profess
3 prouid
3 prouok
3 queen
3 quinta
3 readi
3 reign
3 remain
3 remembr
3 remou
3 reueng
3 reuolt
3 robe
3 rug
3 scale
3 scone
3 seat
3 secret
3 seem'd
3 ser
3 sexta
3 shine
3 shut
3 singl
3 soon
3 sore
3 speak'st
3 spoken
3 spright
3 spurr
3 stage
3 stone
3 strength
3 stroak
3 succeed
3 summon
3 sundri
3 sunn
3 supper
3 swear
3 tabl
3 throat
3 tiger
3 touch
3 trifl
3 twenti
3 vantag
3 vnnatural
3 vnto
3 wait
3 warlik
3 way
3 weep
3 weyard
3 weyward
3 wherefor
3 wild
3 wine
3 wing
3 winn
3 wise
3 wonder
3 ye
3 you'l
2 abid
2 abroad
2 absenc
2 account
2 accurs
2 action
2 add
2 addit
2 adieu
2 aduic
2 aduis
2 affair
2 afraid
2 ag
2 agent
2 amaz'd
2 amend
2 appal
2 appear
2 approch
2 arm'd
2 armor
2 ask'd
2 asleep
2 assist
2 attempt
2 auaric
2 augur
2 auouch
2 awak'd
2 ayd
2 banner
2 bat
2 bath
2 battlement
2 beat
2 bee
2 begg
2 begun
2 beleef
2 betim
2 between
2 bewar
2 blasphem
2 blast
2 blown
2 bond
2 borrow
2 bough
2 bought
2 braue
2 bright
2 brought
2 brow
2 buri
2 caldron
2 candl
2 canst
2 captain
2 case
2 cat
2 cathn
2 caution
2 charg'd
2 cheek
2 chief
2 clamor
2 clean
2 cleaue
2 cleer
2 cling
2 clock
2 common
2 compani
2 conclud
2 confess'd
2 confirm'd
2 confus
2 conuinc
2 cool
2 corporal
2 could'st
2 cours
2 coward
2 cozen
2 crack
2 craue
2 cri
2 crown'd
2 cruelti
2 crye
2 cumberland
2 custom
2 dame
2 darkness
2 dear
2 defenc
2 deliuer
2 deseru'd
2 destruct
2 digniti
2 direct
2 discomfort
2 disgrac
2 dispair
2 dispatch
2 distanc
2 dogg
2 donal
2 donalban
2 doo't
2 doom
2 dost
2 doubtful
2 dreadful
2 dream
2 drown
2 drunk
2 dy
2 earnest
2 eaten
2 edg
2 empti
2 end
2 enow
2 enrag
2 entranc
2 estat
2 esteem
2 eternal
2 euent
2 euil
2 expect
2 extasi
2 famin
2 fanci
2 fantastical
2 fare
2 farewel
2 farwel
2 fauor
2 feet
2 fie
2 field
2 finger
2 firm
2 firstl
2 folli
2 foorth
2 foot
2 forbid
2 forgiu
2 forgotten
2 forrest
2 fought
2 fret
2 gall
2 gaue
2 gayn
2 glass
2 go
2 goodness
2 gouern
2 greatest
2 green
2 greeue
2 ground
2 guilt
2 hate
2 haunt
2 heath
2 hec
2 heccat
2 heel
2 highli
2 hill
2 hit
2 holili
2 hum
2 human
2 humbl
2 hurt
2 iewel
2 ignor
2 imperial
2 impress
2 infect
2 infirm
2 ingredi
2 inhabit
2 instant
2 interpret
2 inuent
2 inuest
2 ioi
2 ioyful
2 ireland
2 iudgement
2 keen
2 kei
2 kinsman
2 kinsmen
2 kiss
2 knife
2 knit
2 labor
2 lamb
2 larg
2 lead
2 leaf
2 leaue-tak
2 lecheri
2 led
2 legg
2 lesser
2 letter
2 li
2 life'
2 lightn
2 lock
2 lodg'd
2 longer
2 loyal
2 lust
2 lyar
2 lyon
2 main
2 manhood
2 manli
2 mark'd
2 marr
2 marri
2 matter
2 maw
2 measur
2 meat
2 med'cin
2 mee
2 memori
2 menteth
2 merci
2 merciful
2 mess
2 messag
2 mile
2 mingl
2 minion
2 mirth
2 mock
2 murder
2 nake
2 nam'd
2 natural
2 ne'r
2 neyther
2 nois
2 norwai
2 number
2 o'that
2 offend
2 offer
2 omn
2 order
2 ow'd
2 pace
2 paid
2 pardon
2 partner
2 passag
2 passion
2 patient
2 perchanc
2 piec
2 pillow
2 pine
2 piou
2 pittiful
2 plac'd
2 plenti
2 post
2 poster
2 pour
2 prays
2 preciou
2 predomin
2 presenc
2 princ
2 promis
2 prosper
2 protest
2 pull
2 purg
2 push
2 quarrel
2 quarri
2 quarter
2 rank
2 rapt
2 rauen
2 rebelli
2 receiu'd
2 recoyl
2 regard
2 repent
2 repos
2 requir
2 resolut
2 royalti
2 safer
2 safeti
2 saint
2 salut
2 satisfi
