1897 princ
1788 pierr
1093 natsha
1078 face
1073 time
1069 will
1067 man
1040 andrew
900 princess
896 thought
875 french
874 ey
865 hand
818 room
805 rostv
760 men
732 chapter
725 dai
725 smile
714 began
706 moscow
687 turn
685 armi
685 well
684 ask
671 count
647 look
644 offic
643 gener
632 love
629 felt
620 mari
619 head
609 order
605 left
598 nichola
598 russian
589 life
565 voic
555 peopl
551 emperor
551 talk
549 command
546 feel
534 long
524 express
522 hors
521 soldier
497 heard
488 repli
484 napoleon
461 moment
452 hous
449 countess
447 kutzov
442 young
433 move
431 side
428 suddenli
427 round
426 evid
422 understand
419 good
416 shout
412 snya
409 knew
409 told
384 dear
379 battl
375 speak
373 densov
370 arm
368 continu
367 place
364 call
362 pass
355 door
348 question
344 sat
342 answer
340 enter
339 fire
336 father
323 notic
323 war
320 go
320 happi
319 listen
315 glanc
315 posit
311 leav
307 stood
303 regiment
297 crowd
297 remain
295 live
295 return
293 anna
292 happen
291 sit
291 step
290 letter
289 receiv
286 wish
284 dlokhov
283 great
276 sound
273 bor
270 that'
269 dress
266 god
265 front
262 action
261 troop
258 three
254 wound
250 forc
250 open
249 rememb
249 son
249 wait
248 appear
245 power
245 ptya
244 wife
243 matter
242 close
242 mind
242 movement
241 draw
241 petersburg
239 chief
239 tabl
237 word
234 night
233 laugh
230 cri
230 silent
230 thing
228 expect
228 fellow
226 friend
225 enemi
225 point
222 consid
222 hear
221 rode
219 even
219 road
218 reach
217 chang
217 stand
215 read
215 stop
214 vasli
211 find
210 brought
210 repeat
208 anatol
208 morn
207 direct
206 convers
206 meet
205 lai
204 mother
203 kiss
203 person
202 event
201 kill
201 white
200 cross
199 honor
199 reason
198 understood
197 carri
195 arriv
195 year
194 adjut
194 heart
191 affair
191 rose
188 help
188 tear
186 hold
186 remark
185 imposs
185 marri
184 hussar
183 light
183 set
182 dinner
182 interest
182 readi
182 strang
182 want
180 death
180 peasant
179 girl
179 small
178 field
178 forward
176 brother
176 longer
174 fact
174 fear
174 gallop
174 prepar
173 till
173 villag
173 woman
172 tone
171 attent
171 histori
169 larg
169 leg
169 new
169 terribl
168 gaze
168 rais
167 pierre'
167 spoke
166 shoulder
165 attack
165 clear
165 kind
163 hill
163 ladi
163 prison
163 soul
162 better
162 come
162 high
162 imagin
162 russia
162 world
161 cossack
161 report
160 address
160 bolknski
160 law
159 approach
159 walk
158 doctor
158 excel
158 plan
157 ball
157 carriag
157 hope
156 hair
156 state
155 whisper
154 met
154 work
152 suffer
151 free
151 surpris
150 de
150 human
150 plai
149 advanc
148 full
148 rest
147 bridg
147 form
146 famili
146 hundr
145 afraid
144 cold
144 husband
144 recogn
144 relat
143 anim
142 finish
142 held
142 mademoisel
141 activ
141 condit
141 dark
141 smoke
140 beauti
139 gun
139 lost
139 servic
139 staff
139 women
138 lip
138 march
138 think
137 air
137 busi
137 hlne
137 second
136 cart
136 half
136 societi
135 boi
135 window
134 aim
134 alptych
134 bagratin
134 daughter
134 explain
134 pleasur
132 third
131 burn
131 glad
131 seiz
131 town
130 coat
130 uniform
129 press
129 retreat
129 studi
129 touch
128 decid
128 historian
126 bed
126 fell
126 frighten
126 street
125 contrari
125 desir
125 monei
124 best
124 cours
124 fall
124 fight
124 grew
124 guard
123 arrang
123 bad
123 fine
123 german
123 peac
122 compani
122 lift
121 presenc
121 stai
120 abandon
120 duti
120 true
120 usual
119 black
119 bodi
119 mikhylovna
118 alexand
118 cry
118 excit
118 occupi
118 paus
118 strength
117 case
117 effort
117 ride
116 pace
116 short
116 write
115 book
115 militari
115 natsha'
115 opinion
115 regard
115 view
114 bow
114 mrya
114 occur
113 bourienn
113 campaign
113 cover
113 danger
113 idea
113 pale
113 serv
112 drew
112 feet
112 pvlovna
112 watch
111 allow
111 bring
111 danc
111 freedom
111 frown
111 join
111 led
111 minut
111 start
110 exist
110 handsom
110 interrupt
110 red
109 ground
109 hour
109 run
109 rush
108 forget
108 master
107 angri
107 destroi
107 make
107 sigh
107 silenc
106 present
106 ten
105 borodin
105 colonel
105 finger
105 late
105 man'
105 rank
105 rostopchn
104 offer
104 stori
104 subject
104 victori
103 children
103 corner
103 emperor'
103 mamma
103 paper
103 straight
102 account
102 captain
102 confus
102 fresh
102 grow
102 inevit
102 smolnsk
101 flank
101 visitor
100 await
100 child
100 pleas
100 thin
99 countri
99 doubt
99 figur
99 mean
98 napoleon'
98 tomorrow
98 utter
97 cap
97 natur
97 number
97 push
97 sleep
97 suit
97 unabl
97 water
96 agit
96 andrew'
96 group
95 acquaint
95 balashv
95 estat
95 frenchman
95 ill
95 rapidli
95 settl
94 calm
94 father'
94 inform
94 parti
94 sad
94 sight
94 struck
94 wrote
93 avoid
93 berg
93 demand
93 experienc
93 joi
93 learn
93 visit
92 drive
92 foot
92 promis
92 respect
91 complet
91 glass
91 lad
91 lead
91 send
91 sob
91 surround
90 clearli
90 delight
90 dmtrievna
90 intent
90 piti
90 pleasant
90 save
89 care
89 drop
89 mutter
89 prove
89 rise
89 special
88 admit
88 austrian
88 batteri
88 chair
88 fix
88 histor
88 polit
88 porch
88 spent
87 farther
87 mention
87 realiz
87 suppos
86 assum
86 cannon
86 concept
86 eh
86 refus
86 truth
85 charm
85 exclaim
85 know
85 lean
85 uncl
84 blush
84 flush
84 mouth
84 sake
84 servant
84 tender
84 todai
83 difficult
83 mass
83 result
83 seat
83 sister
82 column
82 engag
82 guest
82 hard
82 maid
82 meant
82 pain
82 separ
81 begun
81 fill
81 infantri
81 ly
81 propos
81 quarter
81 quiet
81 tell
80 captur
80 despit
80 distanc
80 kutzov'
80 lower
80 mile
80 nonsens
80 post
80 sing
80 singl
80 spirit
80 yard
79 bald
79 bonapart
79 ceas
79 connect
79 cut
79 forest
79 hurri
79 indic
79 nation
79 tkhon
79 wood
78 angrili
78 asleep
78 drove
78 gate
78 middl
78 recal
78 sens
78 serf
78 weak
78 wear
77 blame
77 circl
77 deep
77 govern
77 marshal
77 simpli
77 sort
77 spread
76 beg
76 cavalri
76 court
76 gentlemen
76 involuntarili
76 produc
76 sign
76 spite
75 appoint
75 bright
75 impress
75 increas
75 neck
75 path
75 poor
75 reflect
75 rubl
75 tea
75 there'
75 wall
75 wrong
74 ago
74 belong
74 comfort
74 dog
74 observ
74 ruin
74 sofa
73 agre
73 bare
73 bear
73 boot
73 church
73 convinc
73 dare
73 futur
73 juli
73 nearer
73 resolut
72 attract
72 chanc
72 forgiv
72 icon
72 low
72 manag
72 manner
72 passion
72 plain
72 shot
71 blue
71 examin
71 execut
71 grai
71 real
71 sovereign
71 trembl
70 apart
70 brilliant
70 gather
70 king
70 note
70 rostvs'
69 bennigsen
69 count'
69 devil
69 laughter
69 pretti
69 sir
69 splendid
68 breath
68 citi
68 conscious
68 dead
68 discuss
68 hurriedli
68 inquir
68 seriou
68 sorrow
67 attend
67 battalion
67 die
67 lose
67 majesti
67 memori
67 month
67 pull
67 squadron
67 unknown
66 accompani
66 charact
66 collect
66 familiar
66 fate
66 invit
66 member
66 nesvtski
66 simpl
66 strong
65 amus
65 author
65 camp
65 depend
65 drawn
65 dread
65 eat
65 equal
65 grown
65 le
65 loss
65 marriag
65 nurs
65 o'clock
65 purpos
65 rapid
65 week
64 difficulti
64 dream
64 greater
64 instant
64 need
64 pai
64 prai
64 stupid
64 tree
64 youth
63 accept
63 blood
63 concern
63 jump
63 object
63 possibl
63 retir
63 river
63 snow
63 success
63 vra
63 wonder
62 ag
62 bent
62 cloak
62 consist
62 definit
62 detail
62 divis
62 ear
62 embrac
62 garden
62 hut
62 intend
62 kindli
62 knee
62 one'
62 opposit
62 swai
62 written
61 advantag
61 bit
61 cloud
61 describ
61 dy
61 firm
61 sky
61 spot
61 threw
60 card
60 cheer
60 comrad
60 drink
60 geniu
60 grand
60 health
60 pack
60 reproach
59 announc
59 distinguish
59 judg
59 passag
59 rule
59 signific
59 spernski
59 sun
59 supper
59 tall
59 wave
58 amid
58 box
58 burst
58 caus
58 enemy'
58 escap
58 gestur
58 higher
58 irrit
58 recept
58 troubl
58 tshin
58 unit
58 warm
57 asham
57 big
57 break
57 broken
57 caught
57 cheek
57 densov'
57 detach
57 devot
57 earth
57 hide
57 hurrah
57 joke
57 orderli
57 rostv'
56 1812
56 center
56 glitter
56 habit
56 hospit
56 kurgin
56 minist
56 mount
56 mustach
56 nod
56 nose
56 physic
56 saber
56 stern
56 travel
55 assur
55 bilbin
55 candl
55 di
55 experi
55 fallen
55 hall
55 influenc
55 karatev
55 perform
55 quietli
55 secret
55 seek
55 spoken
55 throw
55 torment
55 twenti
54 consciou
54 fly
54 fool
54 good-bi
54 heavi
54 highest
54 lit
54 major
54 music
54 put
54 remov
54 ring
54 roll
54 scream
54 unexpectedli
54 wolf
53 artilleri
53 beat
53 bezkhov
53 clever
53 cloth
53 earli
53 halt
53 hastili
53 heaven
53 laid
53 lord
53 mary'
53 possess
53 saddl
53 suggest
53 wheel
52 barclai
52 believ
52 blow
52 dine
52 empti
52 floor
52 fond
52 hat
52 journei
52 merri
52 michael
52 necess
52 prayer
52 refer
52 scarc
52 sever
52 whistl
51 borzoi
51 bound
51 broke
51 circumst
51 conceal
51 dron
51 enorm
51 final
51 harm
51 hunt
51 insist
51 madam
51 mon
51 mysteri
51 shook
51 sick
51 wine
50 austerlitz
50 common
50 conclud
50 deal
50 drag
50 greet
50 instruct
50 loud
50 scienc
50 solemn
50 spectacl
50 station
50 struggl
49 approv
49 capit
49 council
49 differ
49 dull
49 fanci
49 frenchmen
49 gain
49 gown
49 hero
49 horror
49 hot
49 pictur
49 polish
49 rich
49 shirt
49 sleigh
49 spring
49 stout
49 vienna
48 absenc
48 boguchrovo
48 campfir
48 chest
48 club
48 departur
48 easi
48 elbow
48 fit
48 forehead
48 god'
48 hang
48 intim
48 joy
48 mason
48 offici
48 train
48 treat
48 tsar
48 unpleas
48 wagon
48 wors
47 aide-de-camp
47 alarm
47 arous
47 attain
47 august
47 base
47 catch
47 confid
47 curios
47 europ
47 footman
47 forgotten
47 gentl
47 hippolyt
47 household
47 inhabit
47 mental
47 motion
47 papa
47 punish
47 share
47 speech
47 stir
47 weari
46 accustom
46 act
46 admir
46 bottl
46 carefulli
46 companion
46 corp
46 decis
46 explan
46 fail
46 firmli
46 holi
46 lodg
46 mood
46 mother'
46 prevent
46 satisfi
46 smell
46 stranger
46 transfer
