1360 whale
481 ship
468 sea
453 man
436 time
433 ahab
423 ye
391 will
387 boat
342 hand
342 head
326 captain
322 long
315 chapter
307 great
278 white
263 ey
255 round
241 sperm
240 harpoon
240 three
236 dai
233 stubb
232 water
229 men
219 queequeg
218 well
215 side
213 turn
206 stand
202 good
191 call
191 sail
188 deck
183 thought
180 live
175 starbuck
171 sort
170 sir
163 cri
160 world
152 crew
151 god
149 ay
145 fish
141 life
141 night
139 air
137 hold
133 place
130 thee
128 pequod
128 strang
128 thing
128 whale'
126 feet
126 leg
126 voyag
125 nantucket
124 arm
124 sailor
124 small
123 point
121 till
119 sight
117 gener
116 bodi
116 face
116 leviathan
116 moment
113 thy
112 full
112 heart
107 poor
106 heard
106 roll
105 feel
105 lower
105 year
103 bow
103 light
102 high
101 mate
101 soul
100 black
98 flask
98 pass
98 work
97 case
97 matter
96 order
95 iron
95 land
94 natur
94 open
93 wind
92 form
92 mind
91 dead
91 set
90 remain
90 stood
90 touch
89 half
89 reason
88 lai
87 dark
87 mark
87 sun
87 tail
86 go
86 spout
86 wild
85 carri
85 mobi
85 true
84 chase
84 ocean
83 entir
82 bone
82 dart
82 hard
82 hear
82 jaw
81 length
80 death
80 dick
80 hour
80 oil
80 pull
79 cabin
79 close
79 er
79 larg
79 young
78 boi
78 sound
78 watch
78 wonder
77 ahab'
77 ship'
76 beneath
76 morn
76 speak
76 that'
75 bed
75 busi
75 command
75 cut
75 drop
74 bear
74 instant
74 leav
74 peculiar
73 bildad
73 king
73 mouth
73 sleep
73 start
73 vast
73 word
72 board
72 book
72 find
72 jonah
72 shark
71 creatur
70 deep
70 wave
69 fire
68 chanc
68 consid
68 kill
68 lord
68 mast-head
68 peleg
68 vessel
67 complet
67 rest
67 whalemen
66 fast
65 best
65 fisheri
65 left
65 pip
64 better
64 lanc
64 look
63 continu
63 float
62 aloft
62 concern
62 cook
62 oar
61 devil
61 hint
61 second
60 stori
60 there'
59 savag
59 strike
59 swim
58 heaven
58 help
58 hundr
58 rise
58 suppos
58 view
57 advanc
57 fear
57 fine
57 sign
57 wake
56 coffin
56 final
56 interv
56 short
56 stern
55 account
55 forward
55 indian
55 voic
54 blood
54 bottom
54 curiou
54 glanc
54 grand
54 island
54 lean
54 mast
54 object
54 peril
53 began
53 blow
53 clear
53 come
53 mortal
53 rope
53 smoke
53 tashtego
52 broad
52 circumst
52 fact
52 green
52 ground
52 mad
52 run
52 slowli
51 fellow
51 hunt
51 ivori
51 man'
50 common
50 craft
50 gaze
50 part
50 receiv
50 suddenli
50 ten
50 think
49 consider
49 draw
49 hoist
49 observ
49 pequod'
49 present
49 purpos
49 seat
49 stranger
49 toss
48 answer
48 carpent
48 english
48 instanc
48 lost
48 marin
48 power
48 rush
47 door
47 love
47 meet
47 mighti
47 monster
47 plank
47 precis
47 struck
47 teeth
46 broken
46 mass
46 reach
46 rock
46 room
46 told
45 art
45 caught
45 cours
45 cross
45 doubt
45 hous
45 human
45 rig
45 sat
44 calm
44 coast
44 hammer
44 leap
44 pipe
44 sudden
44 wide
43 brain
43 breath
43 direct
43 drag
43 friend
43 hail
43 jet
43 knew
43 make
43 mine
43 nobl
43 offic
43 origin
43 person
43 question
43 secur
43 straight
42 aspect
42 blue
42 brow
42 circl
42 encount
42 fill
42 heav
42 nigh
42 peopl
42 readi
42 seamen
42 seiz
42 wondrou
42 wood
41 ag
41 break
41 cape
41 cry
41 dash
41 distanc
41 felt
41 fin
41 fly
41 hat
41 hope
41 mere
41 move
41 murder
41 silent
41 sit
41 state
41 step
41 surfac
41 terror
40 american
40 appear
40 belong
40 earth
40 fanci
40 plain
40 queer
40 rais
40 shipmat
39 born
39 cast
39 compani
39 enter
39 escap
39 fix
39 fluke
39 forecastl
39 idea
39 learn
39 plainli
39 red
39 skeleton
38 boat'
38 brought
38 conclud
38 fit
38 flame
38 gain
38 keel
38 manner
38 quick
38 return
38 scene
38 sharp
38 singl
38 talk
38 town
38 truth
38 whaler
37 bulwark
37 ear
37 famou
37 fell
37 forehead
37 gentlemen
37 greenland
37 held
37 honor
37 level
37 loos
37 middl
37 mile
37 minut
37 pacif
37 pictur
37 read
37 rib
37 suspend
37 tabl
37 third
37 top
37 wall
36 beat
36 daggoo
36 gold
36 horn
36 hull
36 lad
36 lift
36 low
36 nose
36 regard
36 respect
36 separ
36 sing
36 sink
36 steelkilt
36 unknown
36 whaleman
35 burst
35 care
35 etern
35 ha
35 heavi
35 hunter
35 mention
35 passag
35 previou
35 spring
35 strong
35 thunder
35 tow
34 ashor
34 aw
34 compar
34 cruis
34 de
34 easi
34 fifti
34 inch
34 invest
34 paus
34 plai
34 shot
34 skin
33 ago
33 bit
33 blind
33 bulk
33 fair
33 forc
33 grow
33 hammock
33 intent
33 line
33 mild
33 rose
33 storm
33 visibl
33 weather
33 whale-ship
32 anim
32 burn
32 captur
32 chief
32 coil
32 fall
32 furnish
32 glide
32 hang
32 helm
32 huge
32 kind
32 landlord
32 pitch
32 proper
32 row
32 seek
32 shore
32 substanc
32 thick
32 woe
32 yard
31 aft
31 bring
31 cold
31 d'ye
31 degre
31 drive
31 foot
31 hump
31 intens
31 marvel
31 measur
31 motion
31 mount
31 number
31 prove
31 shadow
31 soft
31 speci
31 steadi
31 steer
31 strain
31 thrust
30 cannib
30 cask
30 descend
30 die
30 fresh
30 gale
30 interest
30 late
30 leeward
30 paint
30 secret
30 sidewai
30 skull
30 sky
30 steel
30 supper
30 swift
30 upper
30 wrinkl
29 altogeth
29 anchor
29 astern
29 behold
29 dive
29 enorm
29 express
29 free
29 front
29 hast
29 jump
29 laugh
29 lead
29 lurk
29 mountain
29 port
29 pretti
29 shake
29 spirit
29 sweet
29 swell
29 vain
28 ancient
28 chest
28 coat
28 content
28 cover
28 desir
28 doubloon
28 duti
28 extrem
28 gunwal
28 happen
28 hung
28 latitud
28 midnight
28 period
28 pole
28 possess
28 push
28 rear
28 ring
28 roar
28 royal
28 spot
28 subject
28 throw
28 tree
28 visit
27 alongsid
27 arriv
27 blubber
27 bright
27 dare
27 di
27 dream
27 equal
27 fatal
27 figur
27 isl
27 kick
27 lash
27 law
27 lie
27 lip
27 lock
27 mysteri
27 offer
27 pace
27 pagan
27 quarter-deck
27 queequeg'
27 shout
27 spread
27 st
27 street
27 whale-boat
27 wholli
27 wooden
26 ahead
26 author
26 battl
26 bodili
26 christian
26 countri
26 descri
26 dog
26 dutch
26 eleph
26 fedallah
26 fight
26 hair
26 herd
26 ho
26 insert
26 mystic
26 nail
26 pick
26 porpois
26 pursuit
26 reveal
26 smell
26 swallow
26 sweep
26 swing
26 tell
26 walk
26 warm
26 wound
25 -the
25 attend
25 bound
25 canal
25 comfort
25 compass
25 contrast
25 crack
25 curs
25 distinct
25 eat
25 event
25 evinc
25 father
25 fishermen
25 heed
25 histori
25 perceiv
25 prepar
25 prodigi
25 regular
25 season
25 seldom
25 shape
25 shoulder
25 son
25 strip
25 stubb'
25 suppli
25 take
25 thirti
25 troubl
24 aliv
24 base
24 billow
24 blast
24 crowd
24 declar
24 delight
24 don
24 drink
24 erect
24 exactli
24 faith
24 globe
24 glori
24 ignor
24 letter
24 overboard
24 owner
24 prow
24 rememb
24 repeat
24 shroud
24 south
24 squall
24 strength
24 terribl
24 thrown
24 thyself
24 toil
24 twenti
24 upward
24 violent
24 wateri
24 wreck
23 affair
23 barb
23 beach
23 bird
23 breez
23 centr
23 cheer
23 deadli
23 depart
23 differ
23 disappear
23 drawn
23 empti
23 fieri
23 finger
23 flew
23 frequent
23 handl
23 haul
23 hidden
23 hole
23 hollow
23 hook
23 hot
23 howl
23 instantli
23 jacket
23 lightn
23 magnitud
23 master
23 mutter
23 name
23 notic
23 occasion
23 pai
23 pain
23 pile
23 pilot
23 proce
23 quarter
23 real
23 refer
23 send
23 settl
23 spare
23 special
23 squar
23 stai
23 stretch
23 tackl
23 tall
23 yield
22 aboard
22 attach
22 blacksmith
22 buri
22 catch
22 centuri
22 colour
22 divid
22 dread
22 drew
22 exampl
22 flank
22 flash
22 flesh
22 forg
22 forti
22 french
22 game
22 glass
22 harbor
22 here'
22 higher
22 includ
22 jolli
22 lakeman
22 lamp
22 log
22 month
22 negro
22 palm
22 parse
22 phantom
22 piec
22 post
22 profound
22 remark
22 slide
22 stove
22 surpris
22 travel
22 understand
22 virtu
22 windward
21 apart
21 avast
21 bag
21 beheld
21 brave
21 captain'
21 chang
21 cloth
21 dim
21 dost
21 drown
21 eager
21 engag
21 fail
21 fate
21 gai
21 hill
21 holi
21 horizont
21 immens
21 impress
21 lee
21 let'
21 likewis
21 lofti
21 mean
21 perch
21 plant
21 ponder
21 practic
21 pump
21 radnei
21 save
21 scarc
21 shock
21 silenc
21 snatch
21 solitari
21 spar
21 superior
21 swear
21 term
21 torment
21 tub
21 weari
21 whisper
21 windlass
20 000
20 activ
20 ain't
20 atlant
20 back
20 bless
20 bucket
20 carv
20 civil
20 coward
20 crown
20 danger
20 dat
20 demand
20 digniti
20 directli
20 distant
20 element
20 end
20 england
20 experi
20 fain
20 fasten
20 floor
20 foe
20 follow
20 gigant
20 golden
20 hors
20 hover
20 individu
20 laid
20 leak
20 li
20 lone
20 lung
20 mother
20 nativ
20 neck
20 opposit
20 outer
20 project
20 prophet
20 queen
20 remov
20 serv
20 size
20 slightest
20 space
20 stream
20 swam
20 swung
20 univers
20 vicin
20 wear
20 wife
20 wise
19 -a
19 bold
19 bore
19 bubbl
19 church
19 deeper
19 depth
19 doom
19 emploi
19 excit
19 fashion
19 fowl
19 gabriel
19 ghost
19 height
19 horizon
19 humor
19 hurri
19 indiffer
19 inn
19 insid
19 ishmael
19 largest
19 load
19 look-out
19 marbl
19 modern
19 nation
19 needl
19 oper
19 ordinari
19 pale
19 plung
19 pocket
19 posit
19 put
19 quietli
19 quit
19 race
19 rapidli
19 reel
19 resembl
19 retain
19 sake
19 scuttl
19 seren
19 sheet
19 shiver
19 shudder
19 snap
19 spermaceti
19 starbuck'
19 stuff
19 success
19 swiftli
19 sword
19 taper
19 thin
19 tower
19 trunk
19 unaccount
19 vital
19 wai
19 want
19 window
19 wing
19 wors
19 worship
19 yellow
18 -but
18 afford
18 appal
18 approach
18 arch
18 attack
18 bedford
18 belli
18 chap
18 chiefli
18 conceit
18 cool
18 corner
