932 thy
580 arm
572 god
491 pg
457 great
396 war
389 son
376 hand
364 hector
361 chief
354 o'er
351 jove
330 field
330 trojan
320 dai
319 achil
301 troi
297 ey
295 plain
284 fate
284 greek
282 fight
278 forc
258 fall
255 power
253 hero
252 rage
245 heaven
244 king
238 vain
221 foe
214 high
213 greec
213 thee
213 wound
210 care
208 stand
205 wall
203 fire
203 friend
201 grecian
194 rise
192 breast
190 ground
190 shore
188 race
185 host
183 brave
183 death
183 round
180 head
180 man
177 soul
174 bold
173 spear
172 heart
170 dread
169 dead
168 slain
167 fame
167 fierc
164 will
160 trembl
159 long
159 shield
159 ski
158 flame
157 fear
157 gener
157 glori
156 steed
155 fly
155 swift
154 train
153 blood
152 ajax
152 fair
152 till
151 warrior
150 homer
150 spoke
149 band
148 divin
147 thunder
146 youth
143 art
143 call
143 men
142 sacr
141 hear
141 stood
140 command
140 love
140 ye
139 bear
139 dart
139 fli
137 furi
137 ship
136 lai
135 shade
134 chariot
132 side
129 ag
129 car
128 battl
128 patroclu
128 sire
127 lanc
127 shine
126 beneath
126 mortal
123 breath
123 deep
123 mind
122 descend
122 grace
122 mighti
122 prize
118 honour
117 spread
115 main
114 earth
114 live
113 dare
112 courser
112 turn
111 move
111 rest
110 full
110 repli
109 appear
109 immort
108 goddess
108 night
108 time
107 aid
107 troop
106 dust
106 fell
106 javelin
106 sound
106 woe
106 yield
105 li
104 bound
104 hast
104 ulyss
102 father
102 view
100 cloud
100 tear
99 voic
98 air
98 close
98 pierc
98 stern
96 fleet
96 life
96 roll
96 strong
95 led
95 princ
95 tent
94 bend
94 hope
94 light
94 rais
94 return
93 left
93 urg
92 combat
92 thought
92 toil
91 shake
90 attend
90 bow
90 cri
90 flight
90 form
90 labour
89 bright
89 golden
88 bodi
88 bore
88 gore
88 sad
87 heap
87 tower
86 hector'
86 sight
85 monarch
85 remain
85 wind
84 strength
83 armi
83 wide
82 blaze
82 length
82 rank
82 wave
81 gloriou
81 grief
81 guard
80 joi
80 point
80 state
79 heavenli
79 martial
79 work
78 heard
78 rush
78 wing
77 book
77 cours
77 fix'd
77 flew
77 gold
77 obei
76 lost
76 meet
76 pour
76 pursu
75 achilles'
75 brother
75 godlik
75 land
75 poem
75 stream
74 behold
74 burn
74 equal
74 gate
74 place
72 atrid
72 gift
72 illustr
72 receiv
71 order
71 retir
71 rich
71 silver
71 yon
70 bleed
70 emploi
70 face
70 maid
70 nestor
70 seiz
70 share
70 sorrow
70 well
69 engag
69 flood
69 groan
69 slaughter
68 broad
68 counsel
68 flow
68 sword
67 brazen
67 loud
67 nativ
67 send
66 bid
66 conquest
66 lift
66 mourn
66 palla
66 prepar
65 black
65 dire
65 lead
65 lord
65 mar
65 save
65 scene
65 seat
64 drew
64 extend
64 join
64 queen
64 resound
64 spoil
64 wretch
63 ampl
63 furiou
63 late
63 lofti
63 pari
62 crown'd
62 distant
62 etern
62 jove'
62 kind
62 nation
62 shout
62 sleep
62 vengeanc
61 boast
61 council
61 dark
61 spirit
61 wait
60 amidst
60 blow
60 charm
60 circl
60 ear
60 ilion
60 pant
60 shame
60 soft
60 spring
59 cast
59 dame
59 hors
59 lie
59 number
59 prayer
59 thine
59 wood
59 word
59 wrath
58 hostil
58 laid
58 leav
58 stai
58 thick
57 conquer
57 demand
57 part
57 sea
57 tydid
56 divid
56 inspir
56 juno
56 roar
56 seek
56 sink
56 year
55 author
55 born
55 bring
55 charg
55 lo
55 peac
55 phoebu
55 prais
55 press'd
55 rose
55 short
54 feel
54 hour
54 nea
54 ruin
54 scarc
54 shook
54 superior
54 theti
54 victor
54 weapon
53 bosom
53 ceas
53 celesti
53 deed
53 di
53 human
53 pleas
53 smoke
53 tide
52 armour
52 assist
52 bed
52 crowd
52 drive
52 er
52 fatal
52 held
52 hill
52 shoulder
52 sun
52 wise
51 arrow
51 danger
51 fled
51 lycian
51 mine
51 pass'd
51 throne
51 young
50 best
50 find
50 heaven'
50 mount
50 sky
50 steel
49 approach
49 die
49 feast
49 mountain
49 priam
48 ancient
48 decre
48 foam
48 iliad
48 limb
48 pride
48 prove
48 realm
48 rein
48 stretch'd
48 throng
48 valiant
47 apollo
47 aw
47 beheld
47 defend
47 feet
47 hate
47 larg
47 leader
47 merion
47 minerva
47 pass
47 restor
47 sudden
47 town
47 unhappi
46 camp
46 guid
46 load
46 mingl
46 mother
46 nod
46 rule
46 safe
46 sprung
46 warm
45 bath
45 beauteou
45 diom
45 embrac
45 glow
45 heav
45 pale
45 sage
45 swai
44 agamemnon
44 daughter
44 draw
44 fill
44 gain
44 nobl
44 pain
44 poet
44 sabl
44 sat
44 silent
44 terror
43 beat
43 father'
43 hero'
43 mark
43 neptun
43 prei
43 purpl
43 rock
43 sought
43 speak
42 alarm
42 doubt
42 herald
42 radiant
42 roll'd
42 storm
42 swell
42 troy'
42 vast
41 address'd
41 contend
41 dog
41 drove
41 half
41 jupit
41 ocean
41 reveng
41 slow
41 trust
41 turn'd
41 wonder
40 ascend
40 bloodi
40 burst
40 claim
40 country'
40 desert
40 good
40 manli
40 matchless
40 navi
40 reign
40 ring
40 rite
40 royal
40 sunk
40 victim
40 vulcan
40 wateri
40 world
39 beauti
39 cors
39 courag
39 oppos
39 sand
39 see
39 sigh
39 slew
39 step
39 struck
39 triumph
39 venu
39 vessel
39 wast
38 captiv
38 direct
38 ether
38 favour
38 gloomi
38 helmet
38 horror
38 knee
38 priam'
38 space
38 speed
38 survei
37 citi
37 content
37 debat
37 drop
37 dy
37 foot
37 funer
37 honour'd
37 instant
37 morn
37 ponder
37 quit
37 secret
37 sens
37 solemn
37 stone
37 subject
37 tender
37 watch
36 abod
36 advanc
36 charact
36 countri
36 design
36 desir
36 glitter
36 helen
36 imperi
36 iri
36 rapid
36 smile
36 squadron
36 stroke
36 tempest
36 twelv
36 virgil
36 vow
36 wheel
36 wild
35 birth
35 broke
35 common
35 deni
35 ilion'
35 issu
35 learn
35 lion
35 natur
35 observ
35 peopl
35 red
35 rend
35 renown'd
35 singl
35 weep
34 assembl
34 begun
34 chase
34 coast
34 cold
34 continu
34 faith
34 hair
34 headlong
34 helm
34 hoari
34 ida'
34 infant
34 refulg
34 silenc
34 spartan
34 surround
34 touch'd
34 wisdom
33 bravest
33 dear
33 doom
33 faint
33 haughti
33 hung
33 inglori
33 insult
33 piti
33 rear
33 rush'd
33 translat
33 wine
32 better
32 bless'd
32 brass
32 felt
32 grow
32 height
32 join'd
32 low
32 menelau
32 offspr
32 open
32 pile
32 plung
32 poetri
32 preserv
32 promis
32 reverend
32 set
32 spare
32 succe
32 water
31 break
31 breathless
31 destruct
31 doubl
31 futur
31 hide
31 pai
31 paid
31 shot
31 slaughter'd
31 success
31 three
31 touch
30 action
30 ardour
30 bent
30 crown
30 expir
30 falchion
30 fieri
30 impetu
30 manner
30 met
30 phrygian
30 shaft
30 speech
30 strife
30 tumult
29 ala
29 amid
29 beam
29 began
29 clamour
29 court
29 distanc
29 earli
29 expect
29 front
29 lightn
29 measur
29 obey'd
29 ow
29 passag
29 patroclus'
29 rous
29 sacrific
29 sail
29 scatter'd
29 secur
29 shower
29 shun
29 sustain
29 thirst
29 trench
29 veil
29 wife
28 aveng
28 buckler
28 confus
28 critic
28 disdain
28 driven
28 follow
28 gaze
28 hollow
28 ill
28 invad
28 neck
28 numer
28 oft
28 pelid
28 return'd
28 sceptr
28 second
28 skill'd
28 slave
28 store
28 threw
28 veng
28 view'd
28 warrior'
28 won
27 'twa
27 bestow
27 bone
27 call'd
27 curs
27 destin
27 fit
27 fruit
27 grant
27 guardian
27 hundr
27 mankind
27 nerv
27 partial
27 passion
27 peleu
27 person
27 polydama
27 rai
27 river
27 sarpedon
27 ten
27 threat
27 thrice
27 unit
27 weight
27 wield
26 admir
26 altar
26 anguish
26 argiv
26 argument
26 bowl
26 carcas
26 dardan
26 declar
26 enter
26 forest
26 frame
26 gather
26 glaucu
26 happi
26 hold
26 huge
26 impati
26 mix
26 offer
26 provok
26 read
26 resign
26 stretch
26 sweat
26 treasur
26 warlik
26 white
25 advic
25 approv
25 brow
25 collect
25 delight
25 destroi
25 doom'd
25 eas
25 express
25 flock
25 foremost
25 hell
25 iron
25 knew
25 mutual
25 nestor'
25 oppress'd
25 rash
25 resolv
25 respect
25 scorn
25 suppli
25 task
25 tongu
25 tore
25 torrent
25 wake
24 arrai
24 bled
24 conduct
24 convei
24 forbear
24 gentl
24 greater
24 heavi
24 idomeneu
24 justic
24 lament
24 orb
24 parent
24 perish
24 present
24 proce
24 seem'd
24 solid
24 sovereign
24 sweep
24 take
24 tomb
24 utmost
24 victori
24 virtu
24 wrong
23 bank
23 confess'd
23 despair
23 fast
23 ghost
23 greatest
23 law
23 mad
23 maintain
23 march
23 monarch'
23 mule
23 origin
23 pace
23 piou
23 safeti
23 savag
23 scatter
23 start
23 strike
23 throw
23 tumbl
23 vigour
23 weighti
23 wit
22 almighti
22 arm'd
22 attempt
22 bird
22 detain
22 disgrac
22 eager
22 end
22 exampl
22 fed
22 float
22 friendship
22 humbl
22 increas
22 invent
22 involv
22 majest
22 murmur
22 name
22 priest
22 prone
22 public
22 rang
22 reach
22 reason
22 renew
22 sign
22 sister
22 sit
22 stoop
22 thing
22 tire
22 triumphant
22 tyrant
22 vaunt
22 whirl
22 writer
21 anger
21 angri
21 appear'd
21 azur
21 bade
21 brother'
21 deserv
21 dome
21 e'er
21 echo
21 enjoi
21 fortun
21 grate
21 imag
21 imagin
21 judgment
21 languag
21 leap
21 master
21 pensiv
21 period
21 prevent
21 prostrat
21 pylian
21 requir
21 resign'd
21 retreat
21 rever
21 reward
21 shape
21 signal
21 song
21 suffer
21 swain
21 tall
21 ti
21 vener
21 vulgar
21 wander
21 yonder
20 act
20 activ
20 add
20 aloud
20 answer
20 arriv
20 belt
20 blind
20 bloom
20 bred
20 bulwark
20 burn'd
20 children
20 crew
20 dispos
20 distress
20 excel
20 fifti
20 fill'd
20 forbid
20 fought
20 goblet
20 lot
20 massi
20 matron
20 modern
20 moment
20 mother'
20 neglect
20 odyssei
20 pleasur
20 pour'd
20 quiver
20 reflect
20 refus
20 repair
20 snatch'd
20 spous
20 stopp'd
20 theori
20 wealth
20 write
19 advis
19 antilochu
19 atrides'
19 awak
19 boundless
19 brought
19 bull
19 chain
19 chanc
19 control
19 dauntless
19 defi
19 deiphobu
19 dream
19 easi
19 enorm
19 figur
19 firm
19 food
19 glide
19 grim
19 hang
